[0.005s] Invoking command in '/home/jaewoo/ros2_ws/build/ros2_cmake': CMAKE_PREFIX_PATH=/opt/ros/humble /usr/bin/cmake --build /home/jaewoo/ros2_ws/build/ros2_cmake -- -j28 -l28
[0.031s] [35m[1mConsolidate compiler generated dependencies of target publisher[0m
[0.043s] [ 50%] Built target subscriber
[0.045s] [ 75%] [32mBuilding CXX object CMakeFiles/publisher.dir/src/publisher.cpp.o[0m
[1.811s] [100%] [32m[1mLinking CXX executable publisher[0m
[1.893s] [100%] Built target publisher
[1.900s] Invoked command in '/home/jaewoo/ros2_ws/build/ros2_cmake' returned '0': CMAKE_PREFIX_PATH=/opt/ros/humble /usr/bin/cmake --build /home/jaewoo/ros2_ws/build/ros2_cmake -- -j28 -l28
[1.907s] Invoking command in '/home/jaewoo/ros2_ws/build/ros2_cmake': CMAKE_PREFIX_PATH=/opt/ros/humble /usr/bin/cmake --install /home/jaewoo/ros2_ws/build/ros2_cmake
[1.913s] -- Install configuration: ""
[1.913s] -- Installing: /home/jaewoo/ros2_ws/install/ros2_cmake/lib/ros2_cmake/publisher
[1.914s] -- Set runtime path of "/home/jaewoo/ros2_ws/install/ros2_cmake/lib/ros2_cmake/publisher" to ""
[1.914s] -- Up-to-date: /home/jaewoo/ros2_ws/install/ros2_cmake/lib/ros2_cmake/subscriber
[1.914s] -- Up-to-date: /home/jaewoo/ros2_ws/install/ros2_cmake/share/ament_index/resource_index/package_run_dependencies/ros2_cmake
[1.914s] -- Up-to-date: /home/jaewoo/ros2_ws/install/ros2_cmake/share/ament_index/resource_index/parent_prefix_path/ros2_cmake
[1.914s] -- Up-to-date: /home/jaewoo/ros2_ws/install/ros2_cmake/share/ros2_cmake/environment/ament_prefix_path.sh
[1.914s] -- Up-to-date: /home/jaewoo/ros2_ws/install/ros2_cmake/share/ros2_cmake/environment/ament_prefix_path.dsv
[1.914s] -- Up-to-date: /home/jaewoo/ros2_ws/install/ros2_cmake/share/ros2_cmake/environment/path.sh
[1.914s] -- Up-to-date: /home/jaewoo/ros2_ws/install/ros2_cmake/share/ros2_cmake/environment/path.dsv
[1.914s] -- Up-to-date: /home/jaewoo/ros2_ws/install/ros2_cmake/share/ros2_cmake/local_setup.bash
[1.914s] -- Up-to-date: /home/jaewoo/ros2_ws/install/ros2_cmake/share/ros2_cmake/local_setup.sh
[1.914s] -- Up-to-date: /home/jaewoo/ros2_ws/install/ros2_cmake/share/ros2_cmake/local_setup.zsh
[1.914s] -- Up-to-date: /home/jaewoo/ros2_ws/install/ros2_cmake/share/ros2_cmake/local_setup.dsv
[1.914s] -- Installing: /home/jaewoo/ros2_ws/install/ros2_cmake/share/ros2_cmake/package.dsv
[1.914s] -- Up-to-date: /home/jaewoo/ros2_ws/install/ros2_cmake/share/ament_index/resource_index/packages/ros2_cmake
[1.914s] -- Up-to-date: /home/jaewoo/ros2_ws/install/ros2_cmake/share/ros2_cmake/cmake/ros2_cmakeConfig.cmake
[1.914s] -- Up-to-date: /home/jaewoo/ros2_ws/install/ros2_cmake/share/ros2_cmake/cmake/ros2_cmakeConfig-version.cmake
[1.914s] -- Up-to-date: /home/jaewoo/ros2_ws/install/ros2_cmake/share/ros2_cmake/package.xml
[1.915s] Invoked command in '/home/jaewoo/ros2_ws/build/ros2_cmake' returned '0': CMAKE_PREFIX_PATH=/opt/ros/humble /usr/bin/cmake --install /home/jaewoo/ros2_ws/build/ros2_cmake
