[0.260s] Invoking command in '/home/jaewoo/ros2_ws/src/ros2_python': CMAKE_PREFIX_PATH=/home/jaewoo/ros2_ws/install/ros2_interface:/home/jaewoo/ros2_ws/install/ros2_cmake PYTHONPATH=/home/jaewoo/ros2_ws/build/ros2_python/prefix_override:/usr/lib/python3/dist-packages/colcon_core/task/python/colcon_distutils_commands:/home/jaewoo/ros2_ws/install/ros2_python/lib/python3.10/site-packages:${PYTHONPATH} /usr/bin/python3 -W ignore:setup.py install is deprecated -W ignore:easy_install command is deprecated setup.py egg_info --egg-base ../../build/ros2_python build --build-base /home/jaewoo/ros2_ws/build/ros2_python/build install --record /home/jaewoo/ros2_ws/build/ros2_python/install.log --single-version-externally-managed install_data
[0.357s] running egg_info
[0.357s] writing ../../build/ros2_python/ros2_python.egg-info/PKG-INFO
[0.357s] writing dependency_links to ../../build/ros2_python/ros2_python.egg-info/dependency_links.txt
[0.357s] writing entry points to ../../build/ros2_python/ros2_python.egg-info/entry_points.txt
[0.357s] writing requirements to ../../build/ros2_python/ros2_python.egg-info/requires.txt
[0.357s] writing top-level names to ../../build/ros2_python/ros2_python.egg-info/top_level.txt
[0.358s] reading manifest file '../../build/ros2_python/ros2_python.egg-info/SOURCES.txt'
[0.358s] writing manifest file '../../build/ros2_python/ros2_python.egg-info/SOURCES.txt'
[0.358s] running build
[0.359s] running build_py
[0.359s] copying ros2_python/action_server.py -> /home/jaewoo/ros2_ws/build/ros2_python/build/lib/ros2_python
[0.359s] copying ros2_python/action_client.py -> /home/jaewoo/ros2_ws/build/ros2_python/build/lib/ros2_python
[0.359s] running install
[0.359s] running install_lib
[0.359s] copying /home/jaewoo/ros2_ws/build/ros2_python/build/lib/ros2_python/action_server.py -> /home/jaewoo/ros2_ws/install/ros2_python/lib/python3.10/site-packages/ros2_python
[0.359s] copying /home/jaewoo/ros2_ws/build/ros2_python/build/lib/ros2_python/action_client.py -> /home/jaewoo/ros2_ws/install/ros2_python/lib/python3.10/site-packages/ros2_python
[0.359s] byte-compiling /home/jaewoo/ros2_ws/install/ros2_python/lib/python3.10/site-packages/ros2_python/action_server.py to action_server.cpython-310.pyc
[0.359s] byte-compiling /home/jaewoo/ros2_ws/install/ros2_python/lib/python3.10/site-packages/ros2_python/action_client.py to action_client.cpython-310.pyc
[0.360s] running install_data
[0.360s] running install_egg_info
[0.360s] removing '/home/jaewoo/ros2_ws/install/ros2_python/lib/python3.10/site-packages/ros2_python-0.0.0-py3.10.egg-info' (and everything under it)
[0.361s] Copying ../../build/ros2_python/ros2_python.egg-info to /home/jaewoo/ros2_ws/install/ros2_python/lib/python3.10/site-packages/ros2_python-0.0.0-py3.10.egg-info
[0.361s] running install_scripts
[0.370s] Installing action_client script to /home/jaewoo/ros2_ws/install/ros2_python/lib/ros2_python
[0.370s] Installing action_server script to /home/jaewoo/ros2_ws/install/ros2_python/lib/ros2_python
[0.370s] Installing ex_pub_node_py script to /home/jaewoo/ros2_ws/install/ros2_python/lib/ros2_python
[0.370s] Installing ex_sub_node_py script to /home/jaewoo/ros2_ws/install/ros2_python/lib/ros2_python
[0.370s] Installing service_client script to /home/jaewoo/ros2_ws/install/ros2_python/lib/ros2_python
[0.370s] Installing service_server script to /home/jaewoo/ros2_ws/install/ros2_python/lib/ros2_python
[0.370s] writing list of installed files to '/home/jaewoo/ros2_ws/build/ros2_python/install.log'
[0.379s] Invoked command in '/home/jaewoo/ros2_ws/src/ros2_python' returned '0': CMAKE_PREFIX_PATH=/home/jaewoo/ros2_ws/install/ros2_interface:/home/jaewoo/ros2_ws/install/ros2_cmake PYTHONPATH=/home/jaewoo/ros2_ws/build/ros2_python/prefix_override:/usr/lib/python3/dist-packages/colcon_core/task/python/colcon_distutils_commands:/home/jaewoo/ros2_ws/install/ros2_python/lib/python3.10/site-packages:${PYTHONPATH} /usr/bin/python3 -W ignore:setup.py install is deprecated -W ignore:easy_install command is deprecated setup.py egg_info --egg-base ../../build/ros2_python build --build-base /home/jaewoo/ros2_ws/build/ros2_python/build install --record /home/jaewoo/ros2_ws/build/ros2_python/install.log --single-version-externally-managed install_data
