-- The C compiler identification is GNU 11.4.0
-- The CXX compiler identification is GNU 11.4.0
-- Detecting C compiler ABI info
-- Detecting C compiler ABI info - done
-- Check for working C compiler: /usr/bin/cc - skipped
-- Detecting C compile features
-- Detecting C compile features - done
-- Detecting CXX compiler ABI info
-- Detecting CXX compiler ABI info - done
-- Check for working CXX compiler: /usr/bin/c++ - skipped
-- Detecting CXX compile features
-- Detecting CXX compile features - done
-- Found ament_cmake: 1.3.13 (/opt/ros/humble/share/ament_cmake/cmake)
-- Found Python3: /usr/bin/python3 (found version "3.10.12") found components: Interpreter 
-- Override CMake install command with custom implementation using symlinks instead of copying resources
-- Found rclcpp: 16.0.18 (/opt/ros/humble/share/rclcpp/cmake)
-- Found rosidl_generator_c: 3.1.8 (/opt/ros/humble/share/rosidl_generator_c/cmake)
-- Found rosidl_adapter: 3.1.8 (/opt/ros/humble/share/rosidl_adapter/cmake)
-- Found rosidl_generator_cpp: 3.1.8 (/opt/ros/humble/share/rosidl_generator_cpp/cmake)
-- Using all available rosidl_typesupport_c: rosidl_typesupport_fastrtps_c;rosidl_typesupport_introspection_c
-- Using all available rosidl_typesupport_cpp: rosidl_typesupport_fastrtps_cpp;rosidl_typesupport_introspection_cpp
-- Found rmw_implementation_cmake: 6.1.2 (/opt/ros/humble/share/rmw_implementation_cmake/cmake)
-- Found rmw_fastrtps_cpp: 6.2.10 (/opt/ros/humble/share/rmw_fastrtps_cpp/cmake)
-- Found OpenSSL: /usr/lib/x86_64-linux-gnu/libcrypto.so (found version "3.0.2")  
-- Found FastRTPS: /opt/ros/humble/include  
-- Using RMW implementation 'rmw_fastrtps_cpp' as default
-- Looking for pthread.h
-- Looking for pthread.h - found
-- Performing Test CMAKE_HAVE_LIBC_PTHREAD
-- Performing Test CMAKE_HAVE_LIBC_PTHREAD - Success
-- Found Threads: TRUE  
-- Found ros2_interface: 0.0.0 (/home/jaewoo/ros2_ws/install/ros2_interface/share/ros2_interface/cmake)
-- Found rclcpp_action: 16.0.18 (/opt/ros/humble/share/rclcpp_action/cmake)
-- Found ament_lint_auto: 0.12.15 (/opt/ros/humble/share/ament_lint_auto/cmake)
-- Added test 'cppcheck' to perform static code analysis on C / C++ code
-- Configured cppcheck include dirs: /home/jaewoo/ros2_ws/src/ros2_cmake/include
-- Configured cppcheck exclude dirs and/or files: 
-- Added test 'flake8' to check Python code syntax and style conventions
-- Added test 'lint_cmake' to check CMake code style
-- Added test 'pep257' to check Python code against some of the docstring style conventions in PEP 257
-- Added test 'uncrustify' to check C / C++ code style
-- Configured uncrustify additional arguments: 
-- Added test 'xmllint' to check XML markup files
-- Configuring done
-- Generating done
-- Build files have been written to: /home/jaewoo/ros2_ws/build/ros2_cmake
[  7%] [32mBuilding CXX object CMakeFiles/publisher.dir/src/publisher.cpp.o[0m
[ 14%] [32mBuilding CXX object CMakeFiles/subscriber.dir/src/subscriber.cpp.o[0m
[ 21%] [32mBuilding CXX object CMakeFiles/param_client.dir/src/param_client.cpp.o[0m
[ 28%] [32mBuilding CXX object CMakeFiles/service_server.dir/src/service_server.cpp.o[0m
[ 35%] [32mBuilding CXX object CMakeFiles/service_client.dir/src/service_client.cpp.o[0m
[ 42%] [32mBuilding CXX object CMakeFiles/action_client.dir/src/action_client.cpp.o[0m
[ 50%] [32mBuilding CXX object CMakeFiles/action_server.dir/src/action_server.cpp.o[0m
[ 57%] [32m[1mLinking CXX executable service_server[0m
[ 57%] Built target service_server
[ 64%] [32m[1mLinking CXX executable service_client[0m
[ 71%] [32m[1mLinking CXX executable param_client[0m
[ 71%] Built target service_client
[ 71%] Built target param_client
[ 78%] [32m[1mLinking CXX executable action_server[0m
[ 78%] Built target action_server
[ 85%] [32m[1mLinking CXX executable action_client[0m
[ 92%] [32m[1mLinking CXX executable publisher[0m
[ 92%] Built target action_client
[ 92%] Built target publisher
[100%] [32m[1mLinking CXX executable subscriber[0m
[100%] Built target subscriber
-- Install configuration: ""
-- Execute custom install script
-- Symlinking: /home/jaewoo/ros2_ws/install/ros2_cmake/lib/ros2_cmake/publisher
-- Symlinking: /home/jaewoo/ros2_ws/install/ros2_cmake/lib/ros2_cmake/subscriber
-- Symlinking: /home/jaewoo/ros2_ws/install/ros2_cmake/lib/ros2_cmake/service_server
-- Symlinking: /home/jaewoo/ros2_ws/install/ros2_cmake/lib/ros2_cmake/service_client
-- Symlinking: /home/jaewoo/ros2_ws/install/ros2_cmake/lib/ros2_cmake/action_server
-- Symlinking: /home/jaewoo/ros2_ws/install/ros2_cmake/lib/ros2_cmake/action_client
-- Symlinking: /home/jaewoo/ros2_ws/install/ros2_cmake/lib/ros2_cmake/param_client
-- Symlinking: /home/jaewoo/ros2_ws/install/ros2_cmake/share/ros2_cmake/launch/param_launch.py
-- Symlinking: /home/jaewoo/ros2_ws/install/ros2_cmake/share/ros2_cmake/launch/topic_launch.py
-- Symlinking: /home/jaewoo/ros2_ws/install/ros2_cmake/share/ros2_cmake/config/param.yaml
-- Symlinking: /home/jaewoo/ros2_ws/install/ros2_cmake/share/ament_index/resource_index/package_run_dependencies/ros2_cmake
-- Symlinking: /home/jaewoo/ros2_ws/install/ros2_cmake/share/ament_index/resource_index/parent_prefix_path/ros2_cmake
-- Symlinking: /home/jaewoo/ros2_ws/install/ros2_cmake/share/ros2_cmake/environment/ament_prefix_path.sh
-- Symlinking: /home/jaewoo/ros2_ws/install/ros2_cmake/share/ros2_cmake/environment/ament_prefix_path.dsv
-- Symlinking: /home/jaewoo/ros2_ws/install/ros2_cmake/share/ros2_cmake/environment/path.sh
-- Symlinking: /home/jaewoo/ros2_ws/install/ros2_cmake/share/ros2_cmake/environment/path.dsv
-- Symlinking: /home/jaewoo/ros2_ws/install/ros2_cmake/share/ros2_cmake/local_setup.bash
-- Symlinking: /home/jaewoo/ros2_ws/install/ros2_cmake/share/ros2_cmake/local_setup.sh
-- Symlinking: /home/jaewoo/ros2_ws/install/ros2_cmake/share/ros2_cmake/local_setup.zsh
-- Symlinking: /home/jaewoo/ros2_ws/install/ros2_cmake/share/ros2_cmake/local_setup.dsv
-- Symlinking: /home/jaewoo/ros2_ws/install/ros2_cmake/share/ros2_cmake/package.dsv
-- Symlinking: /home/jaewoo/ros2_ws/install/ros2_cmake/share/ament_index/resource_index/packages/ros2_cmake
-- Symlinking: /home/jaewoo/ros2_ws/install/ros2_cmake/share/ros2_cmake/cmake/ros2_cmakeConfig.cmake
-- Symlinking: /home/jaewoo/ros2_ws/install/ros2_cmake/share/ros2_cmake/cmake/ros2_cmakeConfig-version.cmake
-- Symlinking: /home/jaewoo/ros2_ws/install/ros2_cmake/share/ros2_cmake/package.xml
