[0.006s] Invoking command in '/home/jaewoo/ros2_ws/build/ros2_interface': CMAKE_PREFIX_PATH=${CMAKE_PREFIX_PATH}:/home/jaewoo/ros2_ws/install/ros2_python:/opt/ros/humble /usr/bin/cmake --build /home/jaewoo/ros2_ws/build/ros2_interface -- -j28 -l28
[0.021s] -- Found ament_cmake: 1.3.13 (/opt/ros/humble/share/ament_cmake/cmake)
[0.107s] -- Found rosidl_default_generators: 1.2.0 (/opt/ros/humble/share/rosidl_default_generators/cmake)
[0.108s] -- Using all available rosidl_typesupport_c: rosidl_typesupport_fastrtps_c;rosidl_typesupport_introspection_c
[0.109s] -- Found rosidl_adapter: 3.1.8 (/opt/ros/humble/share/rosidl_adapter/cmake)
[0.122s] -- Using all available rosidl_typesupport_cpp: rosidl_typesupport_fastrtps_cpp;rosidl_typesupport_introspection_cpp
[0.288s] -- Found ament_cmake_ros: 0.10.0 (/opt/ros/humble/share/ament_cmake_ros/cmake)
[0.458s] -- Using all available rosidl_typesupport_c: rosidl_typesupport_fastrtps_c;rosidl_typesupport_introspection_c
[0.621s] -- Using all available rosidl_typesupport_cpp: rosidl_typesupport_fastrtps_cpp;rosidl_typesupport_introspection_cpp
[0.638s] -- Found python_cmake_module: 0.10.0 (/opt/ros/humble/share/python_cmake_module/cmake)
[0.657s] -- Using PYTHON_EXECUTABLE: /usr/bin/python3
[0.657s] -- Using PYTHON_INCLUDE_DIRS: /usr/include/python3.10
[0.657s] -- Using PYTHON_LIBRARIES: /usr/lib/x86_64-linux-gnu/libpython3.10.so
[0.674s] -- Found ament_lint_auto: 0.12.15 (/opt/ros/humble/share/ament_lint_auto/cmake)
[0.678s] -- Added test 'lint_cmake' to check CMake code style
[0.678s] -- Added test 'xmllint' to check XML markup files
[0.679s] -- Configuring done
[0.692s] -- Generating done
[0.698s] -- Build files have been written to: /home/jaewoo/ros2_ws/build/ros2_interface
[0.711s] [  2%] [34m[1mGenerating C code for ROS interfaces[0m
[0.717s] [  5%] [34m[1mGenerating C++ code for ROS interfaces[0m
[0.721s] [  5%] Built target ament_cmake_python_copy_ros2_interface
[0.818s] running egg_info
[0.818s] writing ros2_interface.egg-info/PKG-INFO
[0.818s] writing dependency_links to ros2_interface.egg-info/dependency_links.txt
[0.818s] writing top-level names to ros2_interface.egg-info/top_level.txt
[0.819s] reading manifest file 'ros2_interface.egg-info/SOURCES.txt'
[0.819s] writing manifest file 'ros2_interface.egg-info/SOURCES.txt'
[0.833s] [  5%] Built target ament_cmake_python_build_ros2_interface_egg
[0.926s] [35m[1mConsolidate compiler generated dependencies of target ros2_interface__rosidl_generator_c[0m
[0.931s] [  5%] Built target ros2_interface__cpp
[0.932s] [  7%] [32mBuilding C object CMakeFiles/ros2_interface__rosidl_generator_c.dir/rosidl_generator_c/ros2_interface/srv/detail/ex_custom_srv__functions.c.o[0m
[0.933s] [ 10%] [32mBuilding C object CMakeFiles/ros2_interface__rosidl_generator_c.dir/rosidl_generator_c/ros2_interface/action/detail/fibonacci__functions.c.o[0m
[0.936s] [ 12%] [34m[1mGenerating C++ type support dispatch for ROS interfaces[0m
[0.936s] [ 15%] [34m[1mGenerating C++ type support for eProsima Fast-RTPS[0m
[0.937s] [ 17%] [34m[1mGenerating C++ introspection for ROS interfaces[0m
[1.002s] [ 20%] [32m[1mLinking C shared library libros2_interface__rosidl_generator_c.so[0m
[1.023s] [ 20%] Built target ros2_interface__rosidl_generator_c
[1.029s] [ 28%] [34m[1mGenerating C type support for eProsima Fast-RTPS[0m
[1.029s] [ 28%] [34m[1mGenerating C type support dispatch for ROS interfaces[0m
[1.029s] [ 28%] [34m[1mGenerating C introspection for ROS interfaces[0m
[1.078s] [35m[1mConsolidate compiler generated dependencies of target ros2_interface__rosidl_typesupport_cpp[0m
[1.086s] [ 30%] [32mBuilding CXX object CMakeFiles/ros2_interface__rosidl_typesupport_cpp.dir/rosidl_typesupport_cpp/ros2_interface/srv/ex_custom_srv__type_support.cpp.o[0m
[1.086s] [ 33%] [32mBuilding CXX object CMakeFiles/ros2_interface__rosidl_typesupport_cpp.dir/rosidl_typesupport_cpp/ros2_interface/action/fibonacci__type_support.cpp.o[0m
[1.100s] [35m[1mConsolidate compiler generated dependencies of target ros2_interface__rosidl_typesupport_introspection_cpp[0m
[1.107s] [ 35%] [32mBuilding CXX object CMakeFiles/ros2_interface__rosidl_typesupport_introspection_cpp.dir/rosidl_typesupport_introspection_cpp/ros2_interface/srv/detail/ex_custom_srv__type_support.cpp.o[0m
[1.107s] [ 38%] [32mBuilding CXX object CMakeFiles/ros2_interface__rosidl_typesupport_introspection_cpp.dir/rosidl_typesupport_introspection_cpp/ros2_interface/action/detail/fibonacci__type_support.cpp.o[0m
[1.128s] [35m[1mConsolidate compiler generated dependencies of target ros2_interface__rosidl_typesupport_fastrtps_cpp[0m
[1.135s] [ 41%] [32mBuilding CXX object CMakeFiles/ros2_interface__rosidl_typesupport_fastrtps_cpp.dir/rosidl_typesupport_fastrtps_cpp/ros2_interface/action/detail/dds_fastrtps/fibonacci__type_support.cpp.o[0m
[1.136s] [ 43%] [32mBuilding CXX object CMakeFiles/ros2_interface__rosidl_typesupport_fastrtps_cpp.dir/rosidl_typesupport_fastrtps_cpp/ros2_interface/srv/detail/dds_fastrtps/ex_custom_srv__type_support.cpp.o[0m
[1.175s] [35m[1mConsolidate compiler generated dependencies of target ros2_interface__rosidl_typesupport_c[0m
[1.183s] [ 48%] [32mBuilding CXX object CMakeFiles/ros2_interface__rosidl_typesupport_c.dir/rosidl_typesupport_c/ros2_interface/action/fibonacci__type_support.cpp.o[0m
[1.183s] [ 48%] [32mBuilding CXX object CMakeFiles/ros2_interface__rosidl_typesupport_c.dir/rosidl_typesupport_c/ros2_interface/srv/ex_custom_srv__type_support.cpp.o[0m
[1.208s] [35m[1mConsolidate compiler generated dependencies of target ros2_interface__rosidl_typesupport_introspection_c[0m
[1.210s] [ 51%] [32m[1mLinking CXX shared library libros2_interface__rosidl_typesupport_c.so[0m
[1.214s] [ 53%] [32mBuilding C object CMakeFiles/ros2_interface__rosidl_typesupport_introspection_c.dir/rosidl_typesupport_introspection_c/ros2_interface/action/detail/fibonacci__type_support.c.o[0m
[1.215s] [ 56%] [32mBuilding C object CMakeFiles/ros2_interface__rosidl_typesupport_introspection_c.dir/rosidl_typesupport_introspection_c/ros2_interface/srv/detail/ex_custom_srv__type_support.c.o[0m
[1.217s] [35m[1mConsolidate compiler generated dependencies of target ros2_interface__rosidl_typesupport_fastrtps_c[0m
[1.225s] [ 58%] [32mBuilding CXX object CMakeFiles/ros2_interface__rosidl_typesupport_fastrtps_c.dir/rosidl_typesupport_fastrtps_c/ros2_interface/srv/detail/ex_custom_srv__type_support_c.cpp.o[0m
[1.226s] [ 61%] [32mBuilding CXX object CMakeFiles/ros2_interface__rosidl_typesupport_fastrtps_c.dir/rosidl_typesupport_fastrtps_c/ros2_interface/action/detail/fibonacci__type_support_c.cpp.o[0m
[1.238s] [ 61%] Built target ros2_interface__rosidl_typesupport_c
[1.243s] [ 64%] [32m[1mLinking C shared library libros2_interface__rosidl_typesupport_introspection_c.so[0m
[1.262s] [ 64%] Built target ros2_interface__rosidl_typesupport_introspection_c
[1.271s] [ 66%] [32m[1mLinking CXX shared library libros2_interface__rosidl_typesupport_cpp.so[0m
[1.295s] [ 66%] Built target ros2_interface__rosidl_typesupport_cpp
[1.373s] [ 69%] [32m[1mLinking CXX shared library libros2_interface__rosidl_typesupport_introspection_cpp.so[0m
[1.383s] [ 71%] [32m[1mLinking CXX shared library libros2_interface__rosidl_typesupport_fastrtps_cpp.so[0m
[1.383s] [ 74%] [32m[1mLinking CXX shared library libros2_interface__rosidl_typesupport_fastrtps_c.so[0m
[1.410s] [ 74%] Built target ros2_interface__rosidl_typesupport_introspection_cpp
[1.419s] [ 74%] Built target ros2_interface__rosidl_typesupport_fastrtps_cpp
[1.420s] [ 74%] Built target ros2_interface__rosidl_typesupport_fastrtps_c
[1.432s] [ 74%] Built target ros2_interface
[1.444s] [ 76%] [34m[1mGenerating Python code for ROS interfaces[0m
[1.794s] [ 76%] Built target ros2_interface__py
[1.799s] [35m[1mConsolidate compiler generated dependencies of target ros2_interface__rosidl_generator_py[0m
[1.805s] [ 82%] [32mBuilding C object CMakeFiles/ros2_interface__rosidl_generator_py.dir/rosidl_generator_py/ros2_interface/srv/_ex_custom_srv_s.c.o[0m
[1.805s] [ 82%] [32mBuilding C object CMakeFiles/ros2_interface__rosidl_generator_py.dir/rosidl_generator_py/ros2_interface/action/_fibonacci_s.c.o[0m
[1.871s] [ 84%] [32m[1mLinking C shared library rosidl_generator_py/ros2_interface/libros2_interface__rosidl_generator_py.so[0m
[1.893s] [ 84%] Built target ros2_interface__rosidl_generator_py
[1.898s] [35m[1mConsolidate compiler generated dependencies of target ros2_interface__rosidl_typesupport_introspection_c__pyext[0m
[1.899s] [35m[1mConsolidate compiler generated dependencies of target ros2_interface__rosidl_typesupport_fastrtps_c__pyext[0m
[1.900s] [35m[1mConsolidate compiler generated dependencies of target ros2_interface__rosidl_typesupport_c__pyext[0m
[1.906s] [ 87%] [32mBuilding C object CMakeFiles/ros2_interface__rosidl_typesupport_introspection_c__pyext.dir/rosidl_generator_py/ros2_interface/_ros2_interface_s.ep.rosidl_typesupport_introspection_c.c.o[0m
[1.907s] [ 89%] [32mBuilding C object CMakeFiles/ros2_interface__rosidl_typesupport_fastrtps_c__pyext.dir/rosidl_generator_py/ros2_interface/_ros2_interface_s.ep.rosidl_typesupport_fastrtps_c.c.o[0m
[1.908s] [ 92%] [32mBuilding C object CMakeFiles/ros2_interface__rosidl_typesupport_c__pyext.dir/rosidl_generator_py/ros2_interface/_ros2_interface_s.ep.rosidl_typesupport_c.c.o[0m
[1.966s] [ 94%] [32m[1mLinking C shared library rosidl_generator_py/ros2_interface/ros2_interface_s__rosidl_typesupport_introspection_c.cpython-310-x86_64-linux-gnu.so[0m
[1.986s] [ 97%] [32m[1mLinking C shared library rosidl_generator_py/ros2_interface/ros2_interface_s__rosidl_typesupport_fastrtps_c.cpython-310-x86_64-linux-gnu.so[0m
[1.986s] [100%] [32m[1mLinking C shared library rosidl_generator_py/ros2_interface/ros2_interface_s__rosidl_typesupport_c.cpython-310-x86_64-linux-gnu.so[0m
[1.989s] [100%] Built target ros2_interface__rosidl_typesupport_introspection_c__pyext
[2.005s] [100%] Built target ros2_interface__rosidl_typesupport_fastrtps_c__pyext
[2.008s] [100%] Built target ros2_interface__rosidl_typesupport_c__pyext
[2.015s] Invoked command in '/home/jaewoo/ros2_ws/build/ros2_interface' returned '0': CMAKE_PREFIX_PATH=${CMAKE_PREFIX_PATH}:/home/jaewoo/ros2_ws/install/ros2_python:/opt/ros/humble /usr/bin/cmake --build /home/jaewoo/ros2_ws/build/ros2_interface -- -j28 -l28
[2.020s] Invoking command in '/home/jaewoo/ros2_ws/build/ros2_interface': CMAKE_PREFIX_PATH=${CMAKE_PREFIX_PATH}:/home/jaewoo/ros2_ws/install/ros2_python:/opt/ros/humble /usr/bin/cmake --install /home/jaewoo/ros2_ws/build/ros2_interface
[2.023s] -- Install configuration: ""
[2.023s] -- Installing: /home/jaewoo/ros2_ws/install/ros2_interface/share/ament_index/resource_index/rosidl_interfaces/ros2_interface
[2.023s] -- Up-to-date: /home/jaewoo/ros2_ws/install/ros2_interface/include/ros2_interface/ros2_interface
[2.023s] -- Up-to-date: /home/jaewoo/ros2_ws/install/ros2_interface/include/ros2_interface/ros2_interface/action
[2.023s] -- Up-to-date: /home/jaewoo/ros2_ws/install/ros2_interface/include/ros2_interface/ros2_interface/action/detail
[2.023s] -- Up-to-date: /home/jaewoo/ros2_ws/install/ros2_interface/include/ros2_interface/ros2_interface/action/detail/fibonnacci__struct.h
[2.023s] -- Up-to-date: /home/jaewoo/ros2_ws/install/ros2_interface/include/ros2_interface/ros2_interface/action/detail/fibonnacci__functions.c
[2.023s] -- Up-to-date: /home/jaewoo/ros2_ws/install/ros2_interface/include/ros2_interface/ros2_interface/action/detail/fibonnacci__type_support.h
[2.023s] -- Installing: /home/jaewoo/ros2_ws/install/ros2_interface/include/ros2_interface/ros2_interface/action/detail/fibonacci__functions.c
[2.023s] -- Installing: /home/jaewoo/ros2_ws/install/ros2_interface/include/ros2_interface/ros2_interface/action/detail/fibonacci__functions.h
[2.024s] -- Up-to-date: /home/jaewoo/ros2_ws/install/ros2_interface/include/ros2_interface/ros2_interface/action/detail/fibonnacci__functions.h
[2.024s] -- Installing: /home/jaewoo/ros2_ws/install/ros2_interface/include/ros2_interface/ros2_interface/action/detail/fibonacci__struct.h
[2.024s] -- Installing: /home/jaewoo/ros2_ws/install/ros2_interface/include/ros2_interface/ros2_interface/action/detail/fibonacci__type_support.h
[2.024s] -- Installing: /home/jaewoo/ros2_ws/install/ros2_interface/include/ros2_interface/ros2_interface/action/fibonacci.h
[2.024s] -- Up-to-date: /home/jaewoo/ros2_ws/install/ros2_interface/include/ros2_interface/ros2_interface/action/fibonnacci.h
[2.024s] -- Up-to-date: /home/jaewoo/ros2_ws/install/ros2_interface/include/ros2_interface/ros2_interface/srv
[2.024s] -- Installing: /home/jaewoo/ros2_ws/install/ros2_interface/include/ros2_interface/ros2_interface/srv/ex_custom_srv.h
[2.024s] -- Up-to-date: /home/jaewoo/ros2_ws/install/ros2_interface/include/ros2_interface/ros2_interface/srv/detail
[2.024s] -- Installing: /home/jaewoo/ros2_ws/install/ros2_interface/include/ros2_interface/ros2_interface/srv/detail/ex_custom_srv__functions.h
[2.024s] -- Installing: /home/jaewoo/ros2_ws/install/ros2_interface/include/ros2_interface/ros2_interface/srv/detail/ex_custom_srv__functions.c
[2.024s] -- Installing: /home/jaewoo/ros2_ws/install/ros2_interface/include/ros2_interface/ros2_interface/srv/detail/ex_custom_srv__type_support.h
[2.024s] -- Installing: /home/jaewoo/ros2_ws/install/ros2_interface/include/ros2_interface/ros2_interface/srv/detail/ex_custom_srv__struct.h
[2.024s] -- Up-to-date: /home/jaewoo/ros2_ws/install/ros2_interface/include/ros2_interface/ros2_interface/msg
[2.024s] -- Up-to-date: /home/jaewoo/ros2_ws/install/ros2_interface/include/ros2_interface/ros2_interface/msg/rosidl_generator_c__visibility_control.h
[2.024s] -- Up-to-date: /home/jaewoo/ros2_ws/install/ros2_interface/share/ros2_interface/environment/library_path.sh
[2.024s] -- Installing: /home/jaewoo/ros2_ws/install/ros2_interface/share/ros2_interface/environment/library_path.dsv
[2.024s] -- Installing: /home/jaewoo/ros2_ws/install/ros2_interface/lib/libros2_interface__rosidl_generator_c.so
[2.025s] -- Set runtime path of "/home/jaewoo/ros2_ws/install/ros2_interface/lib/libros2_interface__rosidl_generator_c.so" to ""
[2.025s] -- Up-to-date: /home/jaewoo/ros2_ws/install/ros2_interface/include/ros2_interface/ros2_interface
[2.025s] -- Up-to-date: /home/jaewoo/ros2_ws/install/ros2_interface/include/ros2_interface/ros2_interface/action
[2.025s] -- Up-to-date: /home/jaewoo/ros2_ws/install/ros2_interface/include/ros2_interface/ros2_interface/action/detail
[2.025s] -- Up-to-date: /home/jaewoo/ros2_ws/install/ros2_interface/include/ros2_interface/ros2_interface/action/detail/fibonnacci__rosidl_typesupport_fastrtps_c.h
[2.025s] -- Installing: /home/jaewoo/ros2_ws/install/ros2_interface/include/ros2_interface/ros2_interface/action/detail/fibonacci__rosidl_typesupport_fastrtps_c.h
[2.025s] -- Up-to-date: /home/jaewoo/ros2_ws/install/ros2_interface/include/ros2_interface/ros2_interface/srv
[2.025s] -- Up-to-date: /home/jaewoo/ros2_ws/install/ros2_interface/include/ros2_interface/ros2_interface/srv/detail
[2.025s] -- Installing: /home/jaewoo/ros2_ws/install/ros2_interface/include/ros2_interface/ros2_interface/srv/detail/ex_custom_srv__rosidl_typesupport_fastrtps_c.h
[2.025s] -- Up-to-date: /home/jaewoo/ros2_ws/install/ros2_interface/include/ros2_interface/ros2_interface/msg
[2.025s] -- Up-to-date: /home/jaewoo/ros2_ws/install/ros2_interface/include/ros2_interface/ros2_interface/msg/rosidl_typesupport_fastrtps_c__visibility_control.h
[2.025s] -- Installing: /home/jaewoo/ros2_ws/install/ros2_interface/lib/libros2_interface__rosidl_typesupport_fastrtps_c.so
[2.025s] -- Set runtime path of "/home/jaewoo/ros2_ws/install/ros2_interface/lib/libros2_interface__rosidl_typesupport_fastrtps_c.so" to ""
[2.025s] -- Up-to-date: /home/jaewoo/ros2_ws/install/ros2_interface/include/ros2_interface/ros2_interface
[2.025s] -- Up-to-date: /home/jaewoo/ros2_ws/install/ros2_interface/include/ros2_interface/ros2_interface/action
[2.025s] -- Up-to-date: /home/jaewoo/ros2_ws/install/ros2_interface/include/ros2_interface/ros2_interface/action/detail
[2.026s] -- Installing: /home/jaewoo/ros2_ws/install/ros2_interface/include/ros2_interface/ros2_interface/action/detail/fibonacci__type_support.c
[2.026s] -- Up-to-date: /home/jaewoo/ros2_ws/install/ros2_interface/include/ros2_interface/ros2_interface/action/detail/fibonnacci__type_support.c
[2.026s] -- Up-to-date: /home/jaewoo/ros2_ws/install/ros2_interface/include/ros2_interface/ros2_interface/action/detail/fibonnacci__rosidl_typesupport_introspection_c.h
[2.026s] -- Installing: /home/jaewoo/ros2_ws/install/ros2_interface/include/ros2_interface/ros2_interface/action/detail/fibonacci__rosidl_typesupport_introspection_c.h
[2.026s] -- Up-to-date: /home/jaewoo/ros2_ws/install/ros2_interface/include/ros2_interface/ros2_interface/srv
[2.026s] -- Up-to-date: /home/jaewoo/ros2_ws/install/ros2_interface/include/ros2_interface/ros2_interface/srv/detail
[2.026s] -- Installing: /home/jaewoo/ros2_ws/install/ros2_interface/include/ros2_interface/ros2_interface/srv/detail/ex_custom_srv__rosidl_typesupport_introspection_c.h
[2.026s] -- Installing: /home/jaewoo/ros2_ws/install/ros2_interface/include/ros2_interface/ros2_interface/srv/detail/ex_custom_srv__type_support.c
[2.026s] -- Up-to-date: /home/jaewoo/ros2_ws/install/ros2_interface/include/ros2_interface/ros2_interface/msg
[2.026s] -- Up-to-date: /home/jaewoo/ros2_ws/install/ros2_interface/include/ros2_interface/ros2_interface/msg/rosidl_typesupport_introspection_c__visibility_control.h
[2.026s] -- Installing: /home/jaewoo/ros2_ws/install/ros2_interface/lib/libros2_interface__rosidl_typesupport_introspection_c.so
[2.026s] -- Set runtime path of "/home/jaewoo/ros2_ws/install/ros2_interface/lib/libros2_interface__rosidl_typesupport_introspection_c.so" to ""
[2.026s] -- Installing: /home/jaewoo/ros2_ws/install/ros2_interface/lib/libros2_interface__rosidl_typesupport_c.so
[2.026s] -- Set runtime path of "/home/jaewoo/ros2_ws/install/ros2_interface/lib/libros2_interface__rosidl_typesupport_c.so" to ""
[2.026s] -- Up-to-date: /home/jaewoo/ros2_ws/install/ros2_interface/include/ros2_interface/ros2_interface
[2.027s] -- Up-to-date: /home/jaewoo/ros2_ws/install/ros2_interface/include/ros2_interface/ros2_interface/action
[2.027s] -- Up-to-date: /home/jaewoo/ros2_ws/install/ros2_interface/include/ros2_interface/ros2_interface/action/detail
[2.027s] -- Up-to-date: /home/jaewoo/ros2_ws/install/ros2_interface/include/ros2_interface/ros2_interface/action/detail/fibonnacci__type_support.hpp
[2.027s] -- Up-to-date: /home/jaewoo/ros2_ws/install/ros2_interface/include/ros2_interface/ros2_interface/action/detail/fibonnacci__struct.hpp
[2.027s] -- Installing: /home/jaewoo/ros2_ws/install/ros2_interface/include/ros2_interface/ros2_interface/action/detail/fibonacci__struct.hpp
[2.027s] -- Installing: /home/jaewoo/ros2_ws/install/ros2_interface/include/ros2_interface/ros2_interface/action/detail/fibonacci__builder.hpp
[2.027s] -- Installing: /home/jaewoo/ros2_ws/install/ros2_interface/include/ros2_interface/ros2_interface/action/detail/fibonacci__type_support.hpp
[2.027s] -- Up-to-date: /home/jaewoo/ros2_ws/install/ros2_interface/include/ros2_interface/ros2_interface/action/detail/fibonnacci__traits.hpp
[2.027s] -- Up-to-date: /home/jaewoo/ros2_ws/install/ros2_interface/include/ros2_interface/ros2_interface/action/detail/fibonnacci__builder.hpp
[2.027s] -- Installing: /home/jaewoo/ros2_ws/install/ros2_interface/include/ros2_interface/ros2_interface/action/detail/fibonacci__traits.hpp
[2.027s] -- Up-to-date: /home/jaewoo/ros2_ws/install/ros2_interface/include/ros2_interface/ros2_interface/action/fibonnacci.hpp
[2.027s] -- Installing: /home/jaewoo/ros2_ws/install/ros2_interface/include/ros2_interface/ros2_interface/action/fibonacci.hpp
[2.027s] -- Up-to-date: /home/jaewoo/ros2_ws/install/ros2_interface/include/ros2_interface/ros2_interface/srv
[2.027s] -- Up-to-date: /home/jaewoo/ros2_ws/install/ros2_interface/include/ros2_interface/ros2_interface/srv/detail
[2.027s] -- Installing: /home/jaewoo/ros2_ws/install/ros2_interface/include/ros2_interface/ros2_interface/srv/detail/ex_custom_srv__builder.hpp
[2.027s] -- Installing: /home/jaewoo/ros2_ws/install/ros2_interface/include/ros2_interface/ros2_interface/srv/detail/ex_custom_srv__traits.hpp
[2.027s] -- Installing: /home/jaewoo/ros2_ws/install/ros2_interface/include/ros2_interface/ros2_interface/srv/detail/ex_custom_srv__type_support.hpp
[2.027s] -- Installing: /home/jaewoo/ros2_ws/install/ros2_interface/include/ros2_interface/ros2_interface/srv/detail/ex_custom_srv__struct.hpp
[2.027s] -- Installing: /home/jaewoo/ros2_ws/install/ros2_interface/include/ros2_interface/ros2_interface/srv/ex_custom_srv.hpp
[2.028s] -- Up-to-date: /home/jaewoo/ros2_ws/install/ros2_interface/include/ros2_interface/ros2_interface/msg
[2.028s] -- Up-to-date: /home/jaewoo/ros2_ws/install/ros2_interface/include/ros2_interface/ros2_interface/msg/rosidl_generator_cpp__visibility_control.hpp
[2.028s] -- Up-to-date: /home/jaewoo/ros2_ws/install/ros2_interface/include/ros2_interface/ros2_interface
[2.028s] -- Up-to-date: /home/jaewoo/ros2_ws/install/ros2_interface/include/ros2_interface/ros2_interface/action
[2.028s] -- Up-to-date: /home/jaewoo/ros2_ws/install/ros2_interface/include/ros2_interface/ros2_interface/action/detail
[2.028s] -- Up-to-date: /home/jaewoo/ros2_ws/install/ros2_interface/include/ros2_interface/ros2_interface/action/detail/fibonnacci__rosidl_typesupport_fastrtps_cpp.hpp
[2.028s] -- Installing: /home/jaewoo/ros2_ws/install/ros2_interface/include/ros2_interface/ros2_interface/action/detail/fibonacci__rosidl_typesupport_fastrtps_cpp.hpp
[2.028s] -- Up-to-date: /home/jaewoo/ros2_ws/install/ros2_interface/include/ros2_interface/ros2_interface/action/detail/dds_fastrtps
[2.028s] -- Up-to-date: /home/jaewoo/ros2_ws/install/ros2_interface/include/ros2_interface/ros2_interface/srv
[2.028s] -- Up-to-date: /home/jaewoo/ros2_ws/install/ros2_interface/include/ros2_interface/ros2_interface/srv/detail
[2.028s] -- Installing: /home/jaewoo/ros2_ws/install/ros2_interface/include/ros2_interface/ros2_interface/srv/detail/ex_custom_srv__rosidl_typesupport_fastrtps_cpp.hpp
[2.028s] -- Up-to-date: /home/jaewoo/ros2_ws/install/ros2_interface/include/ros2_interface/ros2_interface/srv/detail/dds_fastrtps
[2.028s] -- Up-to-date: /home/jaewoo/ros2_ws/install/ros2_interface/include/ros2_interface/ros2_interface/msg
[2.028s] -- Up-to-date: /home/jaewoo/ros2_ws/install/ros2_interface/include/ros2_interface/ros2_interface/msg/rosidl_typesupport_fastrtps_cpp__visibility_control.h
[2.028s] -- Installing: /home/jaewoo/ros2_ws/install/ros2_interface/lib/libros2_interface__rosidl_typesupport_fastrtps_cpp.so
[2.028s] -- Set runtime path of "/home/jaewoo/ros2_ws/install/ros2_interface/lib/libros2_interface__rosidl_typesupport_fastrtps_cpp.so" to ""
[2.028s] -- Up-to-date: /home/jaewoo/ros2_ws/install/ros2_interface/include/ros2_interface/ros2_interface
[2.028s] -- Up-to-date: /home/jaewoo/ros2_ws/install/ros2_interface/include/ros2_interface/ros2_interface/action
[2.028s] -- Up-to-date: /home/jaewoo/ros2_ws/install/ros2_interface/include/ros2_interface/ros2_interface/action/detail
[2.028s] -- Installing: /home/jaewoo/ros2_ws/install/ros2_interface/include/ros2_interface/ros2_interface/action/detail/fibonacci__type_support.cpp
[2.028s] -- Up-to-date: /home/jaewoo/ros2_ws/install/ros2_interface/include/ros2_interface/ros2_interface/action/detail/fibonnacci__type_support.cpp
[2.029s] -- Installing: /home/jaewoo/ros2_ws/install/ros2_interface/include/ros2_interface/ros2_interface/action/detail/fibonacci__rosidl_typesupport_introspection_cpp.hpp
[2.029s] -- Up-to-date: /home/jaewoo/ros2_ws/install/ros2_interface/include/ros2_interface/ros2_interface/action/detail/fibonnacci__rosidl_typesupport_introspection_cpp.hpp
[2.029s] -- Up-to-date: /home/jaewoo/ros2_ws/install/ros2_interface/include/ros2_interface/ros2_interface/srv
[2.029s] -- Up-to-date: /home/jaewoo/ros2_ws/install/ros2_interface/include/ros2_interface/ros2_interface/srv/detail
[2.029s] -- Installing: /home/jaewoo/ros2_ws/install/ros2_interface/include/ros2_interface/ros2_interface/srv/detail/ex_custom_srv__rosidl_typesupport_introspection_cpp.hpp
[2.029s] -- Installing: /home/jaewoo/ros2_ws/install/ros2_interface/include/ros2_interface/ros2_interface/srv/detail/ex_custom_srv__type_support.cpp
[2.029s] -- Installing: /home/jaewoo/ros2_ws/install/ros2_interface/lib/libros2_interface__rosidl_typesupport_introspection_cpp.so
[2.029s] -- Set runtime path of "/home/jaewoo/ros2_ws/install/ros2_interface/lib/libros2_interface__rosidl_typesupport_introspection_cpp.so" to ""
[2.029s] -- Installing: /home/jaewoo/ros2_ws/install/ros2_interface/lib/libros2_interface__rosidl_typesupport_cpp.so
[2.029s] -- Set runtime path of "/home/jaewoo/ros2_ws/install/ros2_interface/lib/libros2_interface__rosidl_typesupport_cpp.so" to ""
[2.029s] -- Up-to-date: /home/jaewoo/ros2_ws/install/ros2_interface/share/ros2_interface/environment/pythonpath.sh
[2.029s] -- Installing: /home/jaewoo/ros2_ws/install/ros2_interface/share/ros2_interface/environment/pythonpath.dsv
[2.029s] -- Up-to-date: /home/jaewoo/ros2_ws/install/ros2_interface/local/lib/python3.10/dist-packages/ros2_interface-0.0.0-py3.10.egg-info
[2.029s] -- Installing: /home/jaewoo/ros2_ws/install/ros2_interface/local/lib/python3.10/dist-packages/ros2_interface-0.0.0-py3.10.egg-info/dependency_links.txt
[2.029s] -- Installing: /home/jaewoo/ros2_ws/install/ros2_interface/local/lib/python3.10/dist-packages/ros2_interface-0.0.0-py3.10.egg-info/top_level.txt
[2.029s] -- Installing: /home/jaewoo/ros2_ws/install/ros2_interface/local/lib/python3.10/dist-packages/ros2_interface-0.0.0-py3.10.egg-info/SOURCES.txt
[2.029s] -- Installing: /home/jaewoo/ros2_ws/install/ros2_interface/local/lib/python3.10/dist-packages/ros2_interface-0.0.0-py3.10.egg-info/PKG-INFO
[2.029s] -- Up-to-date: /home/jaewoo/ros2_ws/install/ros2_interface/local/lib/python3.10/dist-packages/ros2_interface
[2.029s] -- Installing: /home/jaewoo/ros2_ws/install/ros2_interface/local/lib/python3.10/dist-packages/ros2_interface/ros2_interface_s__rosidl_typesupport_c.cpython-310-x86_64-linux-gnu.so
[2.029s] -- Installing: /home/jaewoo/ros2_ws/install/ros2_interface/local/lib/python3.10/dist-packages/ros2_interface/__init__.py
[2.029s] -- Up-to-date: /home/jaewoo/ros2_ws/install/ros2_interface/local/lib/python3.10/dist-packages/ros2_interface/action
[2.030s] -- Installing: /home/jaewoo/ros2_ws/install/ros2_interface/local/lib/python3.10/dist-packages/ros2_interface/action/_fibonacci.py
[2.030s] -- Installing: /home/jaewoo/ros2_ws/install/ros2_interface/local/lib/python3.10/dist-packages/ros2_interface/action/__init__.py
[2.030s] -- Up-to-date: /home/jaewoo/ros2_ws/install/ros2_interface/local/lib/python3.10/dist-packages/ros2_interface/action/_fibonnacci_s.c
[2.030s] -- Installing: /home/jaewoo/ros2_ws/install/ros2_interface/local/lib/python3.10/dist-packages/ros2_interface/action/_fibonacci_s.c
[2.030s] -- Up-to-date: /home/jaewoo/ros2_ws/install/ros2_interface/local/lib/python3.10/dist-packages/ros2_interface/action/_fibonnacci.py
[2.030s] -- Up-to-date: /home/jaewoo/ros2_ws/install/ros2_interface/local/lib/python3.10/dist-packages/ros2_interface/srv
[2.030s] -- Installing: /home/jaewoo/ros2_ws/install/ros2_interface/local/lib/python3.10/dist-packages/ros2_interface/srv/__init__.py
[2.030s] -- Installing: /home/jaewoo/ros2_ws/install/ros2_interface/local/lib/python3.10/dist-packages/ros2_interface/srv/_ex_custom_srv.py
[2.030s] -- Installing: /home/jaewoo/ros2_ws/install/ros2_interface/local/lib/python3.10/dist-packages/ros2_interface/srv/_ex_custom_srv_s.c
[2.030s] -- Installing: /home/jaewoo/ros2_ws/install/ros2_interface/local/lib/python3.10/dist-packages/ros2_interface/_ros2_interface_s.ep.rosidl_typesupport_c.c
[2.030s] -- Installing: /home/jaewoo/ros2_ws/install/ros2_interface/local/lib/python3.10/dist-packages/ros2_interface/ros2_interface_s__rosidl_typesupport_introspection_c.cpython-310-x86_64-linux-gnu.so
[2.030s] -- Installing: /home/jaewoo/ros2_ws/install/ros2_interface/local/lib/python3.10/dist-packages/ros2_interface/_ros2_interface_s.ep.rosidl_typesupport_introspection_c.c
[2.030s] -- Installing: /home/jaewoo/ros2_ws/install/ros2_interface/local/lib/python3.10/dist-packages/ros2_interface/_ros2_interface_s.ep.rosidl_typesupport_fastrtps_c.c
[2.030s] -- Installing: /home/jaewoo/ros2_ws/install/ros2_interface/local/lib/python3.10/dist-packages/ros2_interface/libros2_interface__rosidl_generator_py.so
[2.030s] -- Installing: /home/jaewoo/ros2_ws/install/ros2_interface/local/lib/python3.10/dist-packages/ros2_interface/ros2_interface_s__rosidl_typesupport_fastrtps_c.cpython-310-x86_64-linux-gnu.so
[2.046s] Listing '/home/jaewoo/ros2_ws/install/ros2_interface/local/lib/python3.10/dist-packages/ros2_interface'...
[2.046s] Compiling '/home/jaewoo/ros2_ws/install/ros2_interface/local/lib/python3.10/dist-packages/ros2_interface/__init__.py'...
[2.046s] Listing '/home/jaewoo/ros2_ws/install/ros2_interface/local/lib/python3.10/dist-packages/ros2_interface/action'...
[2.046s] Compiling '/home/jaewoo/ros2_ws/install/ros2_interface/local/lib/python3.10/dist-packages/ros2_interface/action/__init__.py'...
[2.046s] Compiling '/home/jaewoo/ros2_ws/install/ros2_interface/local/lib/python3.10/dist-packages/ros2_interface/action/_fibonacci.py'...
[2.046s] Listing '/home/jaewoo/ros2_ws/install/ros2_interface/local/lib/python3.10/dist-packages/ros2_interface/srv'...
[2.047s] Compiling '/home/jaewoo/ros2_ws/install/ros2_interface/local/lib/python3.10/dist-packages/ros2_interface/srv/__init__.py'...
[2.047s] Compiling '/home/jaewoo/ros2_ws/install/ros2_interface/local/lib/python3.10/dist-packages/ros2_interface/srv/_ex_custom_srv.py'...
[2.049s] -- Installing: /home/jaewoo/ros2_ws/install/ros2_interface/local/lib/python3.10/dist-packages/ros2_interface/ros2_interface_s__rosidl_typesupport_fastrtps_c.cpython-310-x86_64-linux-gnu.so
[2.049s] -- Set runtime path of "/home/jaewoo/ros2_ws/install/ros2_interface/local/lib/python3.10/dist-packages/ros2_interface/ros2_interface_s__rosidl_typesupport_fastrtps_c.cpython-310-x86_64-linux-gnu.so" to ""
[2.049s] -- Installing: /home/jaewoo/ros2_ws/install/ros2_interface/local/lib/python3.10/dist-packages/ros2_interface/ros2_interface_s__rosidl_typesupport_introspection_c.cpython-310-x86_64-linux-gnu.so
[2.049s] -- Set runtime path of "/home/jaewoo/ros2_ws/install/ros2_interface/local/lib/python3.10/dist-packages/ros2_interface/ros2_interface_s__rosidl_typesupport_introspection_c.cpython-310-x86_64-linux-gnu.so" to ""
[2.049s] -- Installing: /home/jaewoo/ros2_ws/install/ros2_interface/local/lib/python3.10/dist-packages/ros2_interface/ros2_interface_s__rosidl_typesupport_c.cpython-310-x86_64-linux-gnu.so
[2.050s] -- Set runtime path of "/home/jaewoo/ros2_ws/install/ros2_interface/local/lib/python3.10/dist-packages/ros2_interface/ros2_interface_s__rosidl_typesupport_c.cpython-310-x86_64-linux-gnu.so" to ""
[2.050s] -- Installing: /home/jaewoo/ros2_ws/install/ros2_interface/lib/libros2_interface__rosidl_generator_py.so
[2.050s] -- Set runtime path of "/home/jaewoo/ros2_ws/install/ros2_interface/lib/libros2_interface__rosidl_generator_py.so" to ""
[2.050s] -- Up-to-date: /home/jaewoo/ros2_ws/install/ros2_interface/share/ros2_interface/srv/ExCustomSrv.idl
[2.050s] -- Installing: /home/jaewoo/ros2_ws/install/ros2_interface/share/ros2_interface/action/Fibonacci.idl
[2.050s] -- Up-to-date: /home/jaewoo/ros2_ws/install/ros2_interface/share/ros2_interface/srv/ExCustomSrv.srv
[2.050s] -- Up-to-date: /home/jaewoo/ros2_ws/install/ros2_interface/share/ros2_interface/srv/ExCustomSrv_Request.msg
[2.050s] -- Up-to-date: /home/jaewoo/ros2_ws/install/ros2_interface/share/ros2_interface/srv/ExCustomSrv_Response.msg
[2.050s] -- Installing: /home/jaewoo/ros2_ws/install/ros2_interface/share/ros2_interface/action/Fibonacci.action
[2.050s] -- Up-to-date: /home/jaewoo/ros2_ws/install/ros2_interface/share/ament_index/resource_index/package_run_dependencies/ros2_interface
[2.050s] -- Up-to-date: /home/jaewoo/ros2_ws/install/ros2_interface/share/ament_index/resource_index/parent_prefix_path/ros2_interface
[2.050s] -- Up-to-date: /home/jaewoo/ros2_ws/install/ros2_interface/share/ros2_interface/environment/ament_prefix_path.sh
[2.050s] -- Installing: /home/jaewoo/ros2_ws/install/ros2_interface/share/ros2_interface/environment/ament_prefix_path.dsv
[2.050s] -- Up-to-date: /home/jaewoo/ros2_ws/install/ros2_interface/share/ros2_interface/environment/path.sh
[2.050s] -- Installing: /home/jaewoo/ros2_ws/install/ros2_interface/share/ros2_interface/environment/path.dsv
[2.050s] -- Up-to-date: /home/jaewoo/ros2_ws/install/ros2_interface/share/ros2_interface/local_setup.bash
[2.050s] -- Up-to-date: /home/jaewoo/ros2_ws/install/ros2_interface/share/ros2_interface/local_setup.sh
[2.050s] -- Up-to-date: /home/jaewoo/ros2_ws/install/ros2_interface/share/ros2_interface/local_setup.zsh
[2.050s] -- Installing: /home/jaewoo/ros2_ws/install/ros2_interface/share/ros2_interface/local_setup.dsv
[2.050s] -- Installing: /home/jaewoo/ros2_ws/install/ros2_interface/share/ros2_interface/package.dsv
[2.050s] -- Up-to-date: /home/jaewoo/ros2_ws/install/ros2_interface/share/ament_index/resource_index/packages/ros2_interface
[2.050s] -- Up-to-date: /home/jaewoo/ros2_ws/install/ros2_interface/share/ros2_interface/cmake/export_ros2_interface__rosidl_generator_cExport.cmake
[2.050s] -- Up-to-date: /home/jaewoo/ros2_ws/install/ros2_interface/share/ros2_interface/cmake/export_ros2_interface__rosidl_generator_cExport-noconfig.cmake
[2.050s] -- Up-to-date: /home/jaewoo/ros2_ws/install/ros2_interface/share/ros2_interface/cmake/export_ros2_interface__rosidl_typesupport_fastrtps_cExport.cmake
[2.050s] -- Up-to-date: /home/jaewoo/ros2_ws/install/ros2_interface/share/ros2_interface/cmake/export_ros2_interface__rosidl_typesupport_fastrtps_cExport-noconfig.cmake
[2.050s] -- Up-to-date: /home/jaewoo/ros2_ws/install/ros2_interface/share/ros2_interface/cmake/ros2_interface__rosidl_typesupport_introspection_cExport.cmake
[2.050s] -- Up-to-date: /home/jaewoo/ros2_ws/install/ros2_interface/share/ros2_interface/cmake/ros2_interface__rosidl_typesupport_introspection_cExport-noconfig.cmake
[2.050s] -- Up-to-date: /home/jaewoo/ros2_ws/install/ros2_interface/share/ros2_interface/cmake/ros2_interface__rosidl_typesupport_cExport.cmake
[2.050s] -- Up-to-date: /home/jaewoo/ros2_ws/install/ros2_interface/share/ros2_interface/cmake/ros2_interface__rosidl_typesupport_cExport-noconfig.cmake
[2.050s] -- Up-to-date: /home/jaewoo/ros2_ws/install/ros2_interface/share/ros2_interface/cmake/export_ros2_interface__rosidl_generator_cppExport.cmake
[2.050s] -- Up-to-date: /home/jaewoo/ros2_ws/install/ros2_interface/share/ros2_interface/cmake/export_ros2_interface__rosidl_typesupport_fastrtps_cppExport.cmake
[2.050s] -- Up-to-date: /home/jaewoo/ros2_ws/install/ros2_interface/share/ros2_interface/cmake/export_ros2_interface__rosidl_typesupport_fastrtps_cppExport-noconfig.cmake
[2.050s] -- Up-to-date: /home/jaewoo/ros2_ws/install/ros2_interface/share/ros2_interface/cmake/ros2_interface__rosidl_typesupport_introspection_cppExport.cmake
[2.050s] -- Up-to-date: /home/jaewoo/ros2_ws/install/ros2_interface/share/ros2_interface/cmake/ros2_interface__rosidl_typesupport_introspection_cppExport-noconfig.cmake
[2.050s] -- Up-to-date: /home/jaewoo/ros2_ws/install/ros2_interface/share/ros2_interface/cmake/ros2_interface__rosidl_typesupport_cppExport.cmake
[2.050s] -- Up-to-date: /home/jaewoo/ros2_ws/install/ros2_interface/share/ros2_interface/cmake/ros2_interface__rosidl_typesupport_cppExport-noconfig.cmake
[2.050s] -- Up-to-date: /home/jaewoo/ros2_ws/install/ros2_interface/share/ros2_interface/cmake/export_ros2_interface__rosidl_generator_pyExport.cmake
[2.051s] -- Up-to-date: /home/jaewoo/ros2_ws/install/ros2_interface/share/ros2_interface/cmake/export_ros2_interface__rosidl_generator_pyExport-noconfig.cmake
[2.051s] -- Installing: /home/jaewoo/ros2_ws/install/ros2_interface/share/ros2_interface/cmake/rosidl_cmake-extras.cmake
[2.051s] -- Up-to-date: /home/jaewoo/ros2_ws/install/ros2_interface/share/ros2_interface/cmake/ament_cmake_export_dependencies-extras.cmake
[2.051s] -- Up-to-date: /home/jaewoo/ros2_ws/install/ros2_interface/share/ros2_interface/cmake/ament_cmake_export_include_directories-extras.cmake
[2.051s] -- Up-to-date: /home/jaewoo/ros2_ws/install/ros2_interface/share/ros2_interface/cmake/ament_cmake_export_libraries-extras.cmake
[2.051s] -- Up-to-date: /home/jaewoo/ros2_ws/install/ros2_interface/share/ros2_interface/cmake/ament_cmake_export_targets-extras.cmake
[2.051s] -- Up-to-date: /home/jaewoo/ros2_ws/install/ros2_interface/share/ros2_interface/cmake/rosidl_cmake_export_typesupport_targets-extras.cmake
[2.051s] -- Up-to-date: /home/jaewoo/ros2_ws/install/ros2_interface/share/ros2_interface/cmake/rosidl_cmake_export_typesupport_libraries-extras.cmake
[2.051s] -- Up-to-date: /home/jaewoo/ros2_ws/install/ros2_interface/share/ros2_interface/cmake/ros2_interfaceConfig.cmake
[2.051s] -- Up-to-date: /home/jaewoo/ros2_ws/install/ros2_interface/share/ros2_interface/cmake/ros2_interfaceConfig-version.cmake
[2.051s] -- Up-to-date: /home/jaewoo/ros2_ws/install/ros2_interface/share/ros2_interface/package.xml
[2.052s] Invoked command in '/home/jaewoo/ros2_ws/build/ros2_interface' returned '0': CMAKE_PREFIX_PATH=${CMAKE_PREFIX_PATH}:/home/jaewoo/ros2_ws/install/ros2_python:/opt/ros/humble /usr/bin/cmake --install /home/jaewoo/ros2_ws/build/ros2_interface
