[0.006s] Invoking command in '/home/jaewoo/ros2_ws/build/ros2_cmake': CMAKE_PREFIX_PATH=/opt/ros/humble /usr/bin/cmake --build /home/jaewoo/ros2_ws/build/ros2_cmake -- -j28 -l28
[0.029s] [35m[1mConsolidate compiler generated dependencies of target subscriber[0m
[0.030s] [35m[1mConsolidate compiler generated dependencies of target publisher[0m
[0.041s] [ 25%] [32mBuilding CXX object CMakeFiles/subscriber.dir/src/subscriber.cpp.o[0m
[0.041s] [ 50%] [32mBuilding CXX object CMakeFiles/publisher.dir/src/publisher.cpp.o[0m
[0.988s] In file included from [01m[K/home/jaewoo/ros2_ws/src/ros2_cmake/src/publisher.cpp:1[m[K:
[0.988s] [01m[K/home/jaewoo/ros2_ws/src/ros2_cmake/include/ros2_cmake/publisher.hpp:30:27:[m[K [01;31m[Kerror: [m[K‘[01m[Kgeometry_msgs[m[K’ was not declared in this scope
[0.988s]    30 |         rclcpp::Publisher<[01;31m[Kgeometry_msgs[m[K::msg::String>::SharedPtr publisher_;
[0.988s]       |                           [01;31m[K^~~~~~~~~~~~~[m[K
[0.988s] [01m[K/home/jaewoo/ros2_ws/src/ros2_cmake/include/ros2_cmake/publisher.hpp:30:53:[m[K [01;31m[Kerror: [m[Ktemplate argument 1 is invalid
[0.988s]    30 |         rclcpp::Publisher<geometry_msgs::msg::String[01;31m[K>[m[K::SharedPtr publisher_;
[0.988s]       |                                                     [01;31m[K^[m[K
[0.988s] [01m[K/home/jaewoo/ros2_ws/src/ros2_cmake/include/ros2_cmake/publisher.hpp:30:56:[m[K [01;31m[Kerror: [m[Kexpected ‘[01m[K;[m[K’ at end of member declaration
[0.988s]    30 |       rclcpp::Publisher<geometry_msgs::msg::String>::[01;31m[KSharedPtr[m[K publisher_;
[0.988s]       |                                                      [01;31m[K^~~~~~~~~[m[K
[0.988s]       |                                                               [32m[K;[m[K
[0.988s] [01m[K/home/jaewoo/ros2_ws/src/ros2_cmake/include/ros2_cmake/publisher.hpp:30:66:[m[K [01;31m[Kerror: [m[K‘[01m[Kpublisher_[m[K’ does not name a type; did you mean ‘[01m[KCppPublisher[m[K’?
[0.988s]    30 | pp::Publisher<geometry_msgs::msg::String>::SharedPtr [01;31m[Kpublisher_[m[K;
[0.988s]       |                                                      [01;31m[K^~~~~~~~~~[m[K
[0.988s]       |                                                      [32m[KCppPublisher[m[K
[0.991s] [01m[K/home/jaewoo/ros2_ws/src/ros2_cmake/include/ros2_cmake/publisher.hpp:[m[K In constructor ‘[01m[KCppPublisher::CppPublisher(std::string, std::string)[m[K’:
[0.991s] [01m[K/home/jaewoo/ros2_ws/src/ros2_cmake/include/ros2_cmake/publisher.hpp:16:9:[m[K [01;31m[Kerror: [m[K‘[01m[Kpublisher_[m[K’ was not declared in this scope; did you mean ‘[01m[KCppPublisher[m[K’?
[0.991s]    16 |         [01;31m[Kpublisher_[m[K= this->create_publisher<geometry_msgs::msg::String>(topic_name,10); // Publisher 생성
[0.991s]       |         [01;31m[K^~~~~~~~~~[m[K
[0.991s]       |         [32m[KCppPublisher[m[K
[0.994s] [01m[K/home/jaewoo/ros2_ws/src/ros2_cmake/include/ros2_cmake/publisher.hpp:16:44:[m[K [01;31m[Kerror: [m[K‘[01m[Kgeometry_msgs[m[K’ was not declared in this scope
[0.995s]    16 |         publisher_= this->create_publisher<[01;31m[Kgeometry_msgs[m[K::msg::String>(topic_name,10); // Publisher 생성
[0.995s]       |                                            [01;31m[K^~~~~~~~~~~~~[m[K
[0.995s] [01m[K/home/jaewoo/ros2_ws/src/ros2_cmake/include/ros2_cmake/publisher.hpp:16:27:[m[K [01;31m[Kerror: [m[Kparse error in template argument list
[0.995s]    16 |         publisher_= this->[01;31m[Kcreate_publisher<geometry_msgs::msg::String>[m[K(topic_name,10); // Publisher 생성
[0.995s]       |                           [01;31m[K^~~~~~~~~~~~~~~~~~~~~~~~~~~~~~~~~~~~~~~~~~~~[m[K
[0.995s] [01m[K/home/jaewoo/ros2_ws/src/ros2_cmake/include/ros2_cmake/publisher.hpp:16:71:[m[K [01;31m[Kerror: [m[Kno matching function for call to ‘[01m[KCppPublisher::create_publisher<<expression error> >(std::string&, int)[m[K’
[0.995s]    16 | _= [01;31m[Kthis->create_publisher<geometry_msgs::msg::String>(topic_name,10)[m[K; // Publisher 생성
[0.995s]       |    [01;31m[K~~~~~~~~~~~~~~~~~~~~~~~~~~~~~~~~~~~~~~~~~~~~~~~~~~^~~~~~~~~~~~~~~[m[K
[0.995s] 
[0.995s] In file included from [01m[K/opt/ros/humble/include/rclcpp/rclcpp/executors/single_threaded_executor.hpp:28[m[K,
[0.995s]                  from [01m[K/opt/ros/humble/include/rclcpp/rclcpp/executors.hpp:22[m[K,
[0.995s]                  from [01m[K/opt/ros/humble/include/rclcpp/rclcpp/rclcpp.hpp:155[m[K,
[0.995s]                  from [01m[K/home/jaewoo/ros2_ws/src/ros2_cmake/include/ros2_cmake/publisher.hpp:5[m[K,
[0.995s]                  from [01m[K/home/jaewoo/ros2_ws/src/ros2_cmake/src/publisher.cpp:1[m[K:
[0.995s] [01m[K/opt/ros/humble/include/rclcpp/rclcpp/node.hpp:195:3:[m[K [01;36m[Knote: [m[Kcandidate: ‘[01m[Ktemplate<class MessageT, class AllocatorT, class PublisherT> std::shared_ptr<PublisherT> rclcpp::Node::create_publisher(const string&, const rclcpp::QoS&, const rclcpp::PublisherOptionsWithAllocator<AllocatorT>&)[m[K’
[0.995s]   195 |   [01;36m[Kcreate_publisher[m[K(
[0.995s]       |   [01;36m[K^~~~~~~~~~~~~~~~[m[K
[0.995s] [01m[K/opt/ros/humble/include/rclcpp/rclcpp/node.hpp:195:3:[m[K [01;36m[Knote: [m[K  template argument deduction/substitution failed:
[0.995s] In file included from [01m[K/home/jaewoo/ros2_ws/src/ros2_cmake/src/publisher.cpp:1[m[K:
[0.995s] [01m[K/home/jaewoo/ros2_ws/src/ros2_cmake/include/ros2_cmake/publisher.hpp:16:71:[m[K [01;31m[Kerror: [m[Ktemplate argument 1 is invalid
[0.995s]    16 | _= [01;31m[Kthis->create_publisher<geometry_msgs::msg::String>(topic_name,10)[m[K; // Publisher 생성
[0.995s]       |    [01;31m[K~~~~~~~~~~~~~~~~~~~~~~~~~~~~~~~~~~~~~~~~~~~~~~~~~~^~~~~~~~~~~~~~~[m[K
[0.995s] 
[0.999s] [01m[K/home/jaewoo/ros2_ws/src/ros2_cmake/include/ros2_cmake/publisher.hpp:[m[K In member function ‘[01m[Kvoid CppPublisher::timer_callback()[m[K’:
[0.999s] [01m[K/home/jaewoo/ros2_ws/src/ros2_cmake/include/ros2_cmake/publisher.hpp:23:24:[m[K [01;31m[Kerror: [m[K‘[01m[Kgeometry_msgs[m[K’ has not been declared
[0.999s]    23 |         auto message = [01;31m[Kgeometry_msgs[m[K::msg::String();
[0.999s]       |                        [01;31m[K^~~~~~~~~~~~~[m[K
[1.002s] [01m[K/home/jaewoo/ros2_ws/src/ros2_cmake/include/ros2_cmake/publisher.hpp:26:9:[m[K [01;31m[Kerror: [m[K‘[01m[Kpublisher_[m[K’ was not declared in this scope; did you mean ‘[01m[KCppPublisher[m[K’?
[1.002s]    26 |         [01;31m[Kpublisher_[m[K->publish(message);
[1.002s]       |         [01;31m[K^~~~~~~~~~[m[K
[1.002s]       |         [32m[KCppPublisher[m[K
[1.004s] [01m[K/home/jaewoo/ros2_ws/src/ros2_cmake/src/publisher.cpp:[m[K In function ‘[01m[Kint main(int, char**)[m[K’:
[1.004s] [01m[K/home/jaewoo/ros2_ws/src/ros2_cmake/src/publisher.cpp:7:35:[m[K [01;31m[Kerror: [m[K‘[01m[KStringPublisher[m[K’ was not declared in this scope
[1.004s]     7 |     rclcpp::spin(std::make_shared<[01;31m[KStringPublisher[m[K>(node_name, topic_name));
[1.004s]       |                                   [01;31m[K^~~~~~~~~~~~~~~[m[K
[1.004s] [01m[K/home/jaewoo/ros2_ws/src/ros2_cmake/src/publisher.cpp:7:51:[m[K [01;31m[Kerror: [m[Kno matching function for call to ‘[01m[Kmake_shared<<expression error> >(std::string&, std::string&)[m[K’
[1.004s]     7 |     rclcpp::spin([01;31m[Kstd::make_shared<StringPublisher>(node_name, topic_name)[m[K);
[1.004s]       |                  [01;31m[K~~~~~~~~~~~~~~~~~~~~~~~~~~~~~~~~~^~~~~~~~~~~~~~~~~~~~~~~[m[K
[1.004s] In file included from [01m[K/usr/include/c++/11/memory:77[m[K,
[1.004s]                  from [01m[K/home/jaewoo/ros2_ws/src/ros2_cmake/include/ros2_cmake/publisher.hpp:2[m[K,
[1.004s]                  from [01m[K/home/jaewoo/ros2_ws/src/ros2_cmake/src/publisher.cpp:1[m[K:
[1.004s] [01m[K/usr/include/c++/11/bits/shared_ptr.h:875:5:[m[K [01;36m[Knote: [m[Kcandidate: ‘[01m[Ktemplate<class _Tp, class ... _Args> std::shared_ptr<_Tp> std::make_shared(_Args&& ...)[m[K’
[1.005s]   875 |     [01;36m[Kmake_shared[m[K(_Args&&... __args)
[1.005s]       |     [01;36m[K^~~~~~~~~~~[m[K
[1.005s] [01m[K/usr/include/c++/11/bits/shared_ptr.h:875:5:[m[K [01;36m[Knote: [m[K  template argument deduction/substitution failed:
[1.005s] [01m[K/home/jaewoo/ros2_ws/src/ros2_cmake/src/publisher.cpp:7:51:[m[K [01;31m[Kerror: [m[Ktemplate argument 1 is invalid
[1.005s]     7 |     rclcpp::spin([01;31m[Kstd::make_shared<StringPublisher>(node_name, topic_name)[m[K);
[1.005s]       |                  [01;31m[K~~~~~~~~~~~~~~~~~~~~~~~~~~~~~~~~~^~~~~~~~~~~~~~~~~~~~~~~[m[K
[1.200s] gmake[2]: *** [CMakeFiles/publisher.dir/build.make:76: CMakeFiles/publisher.dir/src/publisher.cpp.o] Error 1
[1.200s] gmake[1]: *** [CMakeFiles/Makefile2:139: CMakeFiles/publisher.dir/all] Error 2
[1.200s] gmake[1]: *** Waiting for unfinished jobs....
[3.399s] [ 75%] [32m[1mLinking CXX executable subscriber[0m
[3.572s] [ 75%] Built target subscriber
[3.573s] gmake: *** [Makefile:146: all] Error 2
[3.575s] Invoked command in '/home/jaewoo/ros2_ws/build/ros2_cmake' returned '2': CMAKE_PREFIX_PATH=/opt/ros/humble /usr/bin/cmake --build /home/jaewoo/ros2_ws/build/ros2_cmake -- -j28 -l28
