In file included from [01m[K/home/jaewoo/ros2_ws/src/ros2_cmake/src/subscriber.cpp:1[m[K:
[01m[K/home/jaewoo/ros2_ws/src/ros2_cmake/include/ros2_cmake/subscriber.hpp:17:5:[m[K [01;31m[Kerror: [m[KISO C++ forbids declaration of ‘[01m[Ktopic_callback[m[K’ with no type [[01;31m[K]8;;https://gcc.gnu.org/onlinedocs/gcc/Warning-Options.html#index-fpermissive-fpermissive]8;;[m[K]
   17 |     [01;31m[Ktopic_callback[m[K(const std_msgs::msg::String & msg)
      |     [01;31m[K^~~~~~~~~~~~~~[m[K
In file included from [01m[K/home/jaewoo/ros2_ws/src/ros2_cmake/src/publisher.cpp:1[m[K:
[01m[K/home/jaewoo/ros2_ws/src/ros2_cmake/include/ros2_cmake/publisher.hpp:30:27:[m[K [01;31m[Kerror: [m[K‘[01m[Kgeometry_msgs[m[K’ was not declared in this scope
   30 |         rclcpp::Publisher<[01;31m[Kgeometry_msgs[m[K::msg::String>::SharedPtr publisher_;
      |                           [01;31m[K^~~~~~~~~~~~~[m[K
[01m[K/home/jaewoo/ros2_ws/src/ros2_cmake/include/ros2_cmake/publisher.hpp:30:53:[m[K [01;31m[Kerror: [m[Ktemplate argument 1 is invalid
   30 |         rclcpp::Publisher<geometry_msgs::msg::String[01;31m[K>[m[K::SharedPtr publisher_;
      |                                                     [01;31m[K^[m[K
[01m[K/home/jaewoo/ros2_ws/src/ros2_cmake/include/ros2_cmake/publisher.hpp:30:56:[m[K [01;31m[Kerror: [m[Kexpected ‘[01m[K;[m[K’ at end of member declaration
   30 |       rclcpp::Publisher<geometry_msgs::msg::String>::[01;31m[KSharedPtr[m[K publisher_;
      |                                                      [01;31m[K^~~~~~~~~[m[K
      |                                                               [32m[K;[m[K
[01m[K/home/jaewoo/ros2_ws/src/ros2_cmake/include/ros2_cmake/publisher.hpp:30:66:[m[K [01;31m[Kerror: [m[K‘[01m[Kpublisher_[m[K’ does not name a type; did you mean ‘[01m[KCppPublisher[m[K’?
   30 | pp::Publisher<geometry_msgs::msg::String>::SharedPtr [01;31m[Kpublisher_[m[K;
      |                                                      [01;31m[K^~~~~~~~~~[m[K
      |                                                      [32m[KCppPublisher[m[K
[01m[K/home/jaewoo/ros2_ws/src/ros2_cmake/include/ros2_cmake/publisher.hpp:[m[K In constructor ‘[01m[KCppPublisher::CppPublisher(std::string, std::string)[m[K’:
[01m[K/home/jaewoo/ros2_ws/src/ros2_cmake/include/ros2_cmake/publisher.hpp:16:9:[m[K [01;31m[Kerror: [m[K‘[01m[Kpublisher_[m[K’ was not declared in this scope; did you mean ‘[01m[KCppPublisher[m[K’?
   16 |         [01;31m[Kpublisher_[m[K= this->create_publisher<geometry_msgs::msg::String>(topic_name,10); // Publisher 생성
      |         [01;31m[K^~~~~~~~~~[m[K
      |         [32m[KCppPublisher[m[K
[01m[K/home/jaewoo/ros2_ws/src/ros2_cmake/include/ros2_cmake/publisher.hpp:16:44:[m[K [01;31m[Kerror: [m[K‘[01m[Kgeometry_msgs[m[K’ was not declared in this scope
   16 |         publisher_= this->create_publisher<[01;31m[Kgeometry_msgs[m[K::msg::String>(topic_name,10); // Publisher 생성
      |                                            [01;31m[K^~~~~~~~~~~~~[m[K
[01m[K/home/jaewoo/ros2_ws/src/ros2_cmake/include/ros2_cmake/publisher.hpp:16:27:[m[K [01;31m[Kerror: [m[Kparse error in template argument list
   16 |         publisher_= this->[01;31m[Kcreate_publisher<geometry_msgs::msg::String>[m[K(topic_name,10); // Publisher 생성
      |                           [01;31m[K^~~~~~~~~~~~~~~~~~~~~~~~~~~~~~~~~~~~~~~~~~~~[m[K
[01m[K/home/jaewoo/ros2_ws/src/ros2_cmake/include/ros2_cmake/publisher.hpp:16:71:[m[K [01;31m[Kerror: [m[Kno matching function for call to ‘[01m[KCppPublisher::create_publisher<<expression error> >(std::string&, int)[m[K’
   16 | _= [01;31m[Kthis->create_publisher<geometry_msgs::msg::String>(topic_name,10)[m[K; // Publisher 생성
      |    [01;31m[K~~~~~~~~~~~~~~~~~~~~~~~~~~~~~~~~~~~~~~~~~~~~~~~~~~^~~~~~~~~~~~~~~[m[K

In file included from [01m[K/opt/ros/humble/include/rclcpp/rclcpp/executors/single_threaded_executor.hpp:28[m[K,
                 from [01m[K/opt/ros/humble/include/rclcpp/rclcpp/executors.hpp:22[m[K,
                 from [01m[K/opt/ros/humble/include/rclcpp/rclcpp/rclcpp.hpp:155[m[K,
                 from [01m[K/home/jaewoo/ros2_ws/src/ros2_cmake/include/ros2_cmake/publisher.hpp:5[m[K,
                 from [01m[K/home/jaewoo/ros2_ws/src/ros2_cmake/src/publisher.cpp:1[m[K:
[01m[K/opt/ros/humble/include/rclcpp/rclcpp/node.hpp:195:3:[m[K [01;36m[Knote: [m[Kcandidate: ‘[01m[Ktemplate<class MessageT, class AllocatorT, class PublisherT> std::shared_ptr<PublisherT> rclcpp::Node::create_publisher(const string&, const rclcpp::QoS&, const rclcpp::PublisherOptionsWithAllocator<AllocatorT>&)[m[K’
  195 |   [01;36m[Kcreate_publisher[m[K(
      |   [01;36m[K^~~~~~~~~~~~~~~~[m[K
[01m[K/opt/ros/humble/include/rclcpp/rclcpp/node.hpp:195:3:[m[K [01;36m[Knote: [m[K  template argument deduction/substitution failed:
In file included from [01m[K/home/jaewoo/ros2_ws/src/ros2_cmake/src/publisher.cpp:1[m[K:
[01m[K/home/jaewoo/ros2_ws/src/ros2_cmake/include/ros2_cmake/publisher.hpp:16:71:[m[K [01;31m[Kerror: [m[Ktemplate argument 1 is invalid
   16 | _= [01;31m[Kthis->create_publisher<geometry_msgs::msg::String>(topic_name,10)[m[K; // Publisher 생성
      |    [01;31m[K~~~~~~~~~~~~~~~~~~~~~~~~~~~~~~~~~~~~~~~~~~~~~~~~~~^~~~~~~~~~~~~~~[m[K

[01m[K/home/jaewoo/ros2_ws/src/ros2_cmake/include/ros2_cmake/subscriber.hpp:21:60:[m[K [01;31m[Kerror: [m[Kexpected ‘[01m[K;[m[K’ at end of member declaration
   21 |     rclcpp::Subscription<std_msgs::msg::String>::SharedPtr [01;31m[Ksubscription[m[K
      |                                                            [01;31m[K^~~~~~~~~~~~[m[K
      |                                                                        [32m[K;[m[K
[01m[K/home/jaewoo/ros2_ws/src/ros2_cmake/include/ros2_cmake/subscriber.hpp:22:2:[m[K [01;31m[Kerror: [m[Kexpected ‘[01m[K;[m[K’ after class definition
   22 | }
      |  [01;31m[K^[m[K
      |  [32m[K;[m[K
[01m[K/home/jaewoo/ros2_ws/src/ros2_cmake/include/ros2_cmake/subscriber.hpp:[m[K In constructor ‘[01m[KStringSubscriber::StringSubscriber(std::string, std::string)[m[K’:
[01m[K/home/jaewoo/ros2_ws/src/ros2_cmake/include/ros2_cmake/subscriber.hpp:12:9:[m[K [01;31m[Kerror: [m[K‘[01m[Ksubscription_[m[K’ was not declared in this scope; did you mean ‘[01m[Ksubscription[m[K’?
   12 |         [01;31m[Ksubscription_[m[K = this->create_subscription<std_msgs::msg::String>(
      |         [01;31m[K^~~~~~~~~~~~~[m[K
      |         [32m[Ksubscription[m[K
[01m[K/home/jaewoo/ros2_ws/src/ros2_cmake/include/ros2_cmake/publisher.hpp:[m[K In member function ‘[01m[Kvoid CppPublisher::timer_callback()[m[K’:
[01m[K/home/jaewoo/ros2_ws/src/ros2_cmake/include/ros2_cmake/publisher.hpp:23:24:[m[K [01;31m[Kerror: [m[K‘[01m[Kgeometry_msgs[m[K’ has not been declared
   23 |         auto message = [01;31m[Kgeometry_msgs[m[K::msg::String();
      |                        [01;31m[K^~~~~~~~~~~~~[m[K
[01m[K/home/jaewoo/ros2_ws/src/ros2_cmake/include/ros2_cmake/publisher.hpp:26:9:[m[K [01;31m[Kerror: [m[K‘[01m[Kpublisher_[m[K’ was not declared in this scope; did you mean ‘[01m[KCppPublisher[m[K’?
   26 |         [01;31m[Kpublisher_[m[K->publish(message);
      |         [01;31m[K^~~~~~~~~~[m[K
      |         [32m[KCppPublisher[m[K
[01m[K/home/jaewoo/ros2_ws/src/ros2_cmake/include/ros2_cmake/subscriber.hpp:[m[K In member function ‘[01m[Kint StringSubscriber::topic_callback(const String&) const[m[K’:
[01m[K/home/jaewoo/ros2_ws/src/ros2_cmake/include/ros2_cmake/subscriber.hpp:20:5:[m[K [01;35m[Kwarning: [m[Kno return statement in function returning non-void [[01;35m[K]8;;https://gcc.gnu.org/onlinedocs/gcc/Warning-Options.html#index-Wreturn-type-Wreturn-type]8;;[m[K]
   20 |     [01;35m[K}[m[K
      |     [01;35m[K^[m[K
[01m[K/home/jaewoo/ros2_ws/src/ros2_cmake/src/publisher.cpp:[m[K In function ‘[01m[Kint main(int, char**)[m[K’:
[01m[K/home/jaewoo/ros2_ws/src/ros2_cmake/src/publisher.cpp:7:35:[m[K [01;31m[Kerror: [m[K‘[01m[KStringPublisher[m[K’ was not declared in this scope
    7 |     rclcpp::spin(std::make_shared<[01;31m[KStringPublisher[m[K>(node_name, topic_name));
      |                                   [01;31m[K^~~~~~~~~~~~~~~[m[K
[01m[K/home/jaewoo/ros2_ws/src/ros2_cmake/src/publisher.cpp:7:51:[m[K [01;31m[Kerror: [m[Kno matching function for call to ‘[01m[Kmake_shared<<expression error> >(std::string&, std::string&)[m[K’
    7 |     rclcpp::spin([01;31m[Kstd::make_shared<StringPublisher>(node_name, topic_name)[m[K);
      |                  [01;31m[K~~~~~~~~~~~~~~~~~~~~~~~~~~~~~~~~~^~~~~~~~~~~~~~~~~~~~~~~[m[K
In file included from [01m[K/usr/include/c++/11/memory:77[m[K,
                 from [01m[K/home/jaewoo/ros2_ws/src/ros2_cmake/include/ros2_cmake/publisher.hpp:2[m[K,
                 from [01m[K/home/jaewoo/ros2_ws/src/ros2_cmake/src/publisher.cpp:1[m[K:
[01m[K/usr/include/c++/11/bits/shared_ptr.h:875:5:[m[K [01;36m[Knote: [m[Kcandidate: ‘[01m[Ktemplate<class _Tp, class ... _Args> std::shared_ptr<_Tp> std::make_shared(_Args&& ...)[m[K’
  875 |     [01;36m[Kmake_shared[m[K(_Args&&... __args)
      |     [01;36m[K^~~~~~~~~~~[m[K
[01m[K/usr/include/c++/11/bits/shared_ptr.h:875:5:[m[K [01;36m[Knote: [m[K  template argument deduction/substitution failed:
[01m[K/home/jaewoo/ros2_ws/src/ros2_cmake/src/publisher.cpp:7:51:[m[K [01;31m[Kerror: [m[Ktemplate argument 1 is invalid
    7 |     rclcpp::spin([01;31m[Kstd::make_shared<StringPublisher>(node_name, topic_name)[m[K);
      |                  [01;31m[K~~~~~~~~~~~~~~~~~~~~~~~~~~~~~~~~~^~~~~~~~~~~~~~~~~~~~~~~[m[K
gmake[2]: *** [CMakeFiles/publisher.dir/build.make:76: CMakeFiles/publisher.dir/src/publisher.cpp.o] Error 1
gmake[1]: *** [CMakeFiles/Makefile2:139: CMakeFiles/publisher.dir/all] Error 2
gmake[1]: *** Waiting for unfinished jobs....
gmake[2]: *** [CMakeFiles/subscriber.dir/build.make:76: CMakeFiles/subscriber.dir/src/subscriber.cpp.o] Error 1
gmake[1]: *** [CMakeFiles/Makefile2:165: CMakeFiles/subscriber.dir/all] Error 2
gmake: *** [Makefile:146: all] Error 2
