[0.004s] Invoking command in '/home/jaewoo/ros2_ws/build/ros2_cmake': CMAKE_PREFIX_PATH=/opt/ros/humble /usr/bin/cmake /home/jaewoo/ros2_ws/src/ros2_cmake -DCMAKE_INSTALL_PREFIX=/home/jaewoo/ros2_ws/install/ros2_cmake
[0.114s] -- The C compiler identification is GNU 11.4.0
[0.201s] -- The CXX compiler identification is GNU 11.4.0
[0.208s] -- Detecting C compiler ABI info
[0.345s] -- Detecting C compiler ABI info - done
[0.354s] -- Check for working C compiler: /usr/bin/cc - skipped
[0.355s] -- Detecting C compile features
[0.356s] -- Detecting C compile features - done
[0.362s] -- Detecting CXX compiler ABI info
[0.485s] -- Detecting CXX compiler ABI info - done
[0.488s] -- Check for working CXX compiler: /usr/bin/c++ - skipped
[0.488s] -- Detecting CXX compile features
[0.489s] -- Detecting CXX compile features - done
[0.493s] -- Found ament_cmake: 1.3.13 (/opt/ros/humble/share/ament_cmake/cmake)
[0.599s] -- Found Python3: /usr/bin/python3 (found version "3.10.12") found components: Interpreter 
[0.659s] -- Found rclcpp: 16.0.18 (/opt/ros/humble/share/rclcpp/cmake)
[0.700s] -- Found rosidl_generator_c: 3.1.8 (/opt/ros/humble/share/rosidl_generator_c/cmake)
[0.703s] -- Found rosidl_adapter: 3.1.8 (/opt/ros/humble/share/rosidl_adapter/cmake)
[0.708s] -- Found rosidl_generator_cpp: 3.1.8 (/opt/ros/humble/share/rosidl_generator_cpp/cmake)
[0.716s] -- Using all available rosidl_typesupport_c: rosidl_typesupport_fastrtps_c;rosidl_typesupport_introspection_c
[0.727s] -- Using all available rosidl_typesupport_cpp: rosidl_typesupport_fastrtps_cpp;rosidl_typesupport_introspection_cpp
[0.753s] -- Found rmw_implementation_cmake: 6.1.2 (/opt/ros/humble/share/rmw_implementation_cmake/cmake)
[0.755s] -- Found rmw_fastrtps_cpp: 6.2.10 (/opt/ros/humble/share/rmw_fastrtps_cpp/cmake)
[0.837s] -- Found OpenSSL: /usr/lib/x86_64-linux-gnu/libcrypto.so (found version "3.0.2")  
[0.861s] -- Found FastRTPS: /opt/ros/humble/include  
[0.902s] -- Using RMW implementation 'rmw_fastrtps_cpp' as default
[0.917s] -- Looking for pthread.h
[1.055s] -- Looking for pthread.h - found
[1.056s] -- Performing Test CMAKE_HAVE_LIBC_PTHREAD
[1.151s] -- Performing Test CMAKE_HAVE_LIBC_PTHREAD - Success
[1.152s] -- Found Threads: TRUE  
[1.200s] -- Found ament_lint_auto: 0.12.15 (/opt/ros/humble/share/ament_lint_auto/cmake)
[1.238s] -- Added test 'cppcheck' to perform static code analysis on C / C++ code
[1.238s] -- Configured cppcheck include dirs: /home/jaewoo/ros2_ws/src/ros2_cmake/include
[1.238s] -- Configured cppcheck exclude dirs and/or files: 
[1.239s] -- Added test 'lint_cmake' to check CMake code style
[1.239s] -- Added test 'uncrustify' to check C / C++ code style
[1.239s] -- Configured uncrustify additional arguments: 
[1.240s] -- Added test 'xmllint' to check XML markup files
[1.240s] -- Configuring done
[1.245s] -- Generating done
[1.247s] -- Build files have been written to: /home/jaewoo/ros2_ws/build/ros2_cmake
[1.252s] Invoked command in '/home/jaewoo/ros2_ws/build/ros2_cmake' returned '0': CMAKE_PREFIX_PATH=/opt/ros/humble /usr/bin/cmake /home/jaewoo/ros2_ws/src/ros2_cmake -DCMAKE_INSTALL_PREFIX=/home/jaewoo/ros2_ws/install/ros2_cmake
[1.252s] Invoking command in '/home/jaewoo/ros2_ws/build/ros2_cmake': CMAKE_PREFIX_PATH=/opt/ros/humble /usr/bin/cmake --build /home/jaewoo/ros2_ws/build/ros2_cmake -- -j28 -l28
[1.298s] [ 25%] [32mBuilding CXX object CMakeFiles/publisher.dir/src/publisher.cpp.o[0m
[1.299s] [ 50%] [32mBuilding CXX object CMakeFiles/subscriber.dir/src/subscriber.cpp.o[0m
[2.294s] In file included from [01m[K/home/jaewoo/ros2_ws/src/ros2_cmake/src/subscriber.cpp:1[m[K:
[2.295s] [01m[K/home/jaewoo/ros2_ws/src/ros2_cmake/include/ros2_cmake/subscriber.hpp:17:5:[m[K [01;31m[Kerror: [m[KISO C++ forbids declaration of ‘[01m[Ktopic_callback[m[K’ with no type [[01;31m[K]8;;https://gcc.gnu.org/onlinedocs/gcc/Warning-Options.html#index-fpermissive-fpermissive]8;;[m[K]
[2.295s]    17 |     [01;31m[Ktopic_callback[m[K(const std_msgs::msg::String & msg)
[2.295s]       |     [01;31m[K^~~~~~~~~~~~~~[m[K
[2.300s] In file included from [01m[K/home/jaewoo/ros2_ws/src/ros2_cmake/src/publisher.cpp:1[m[K:
[2.300s] [01m[K/home/jaewoo/ros2_ws/src/ros2_cmake/include/ros2_cmake/publisher.hpp:30:27:[m[K [01;31m[Kerror: [m[K‘[01m[Kgeometry_msgs[m[K’ was not declared in this scope
[2.300s]    30 |         rclcpp::Publisher<[01;31m[Kgeometry_msgs[m[K::msg::String>::SharedPtr publisher_;
[2.300s]       |                           [01;31m[K^~~~~~~~~~~~~[m[K
[2.301s] [01m[K/home/jaewoo/ros2_ws/src/ros2_cmake/include/ros2_cmake/publisher.hpp:30:53:[m[K [01;31m[Kerror: [m[Ktemplate argument 1 is invalid
[2.301s]    30 |         rclcpp::Publisher<geometry_msgs::msg::String[01;31m[K>[m[K::SharedPtr publisher_;
[2.301s]       |                                                     [01;31m[K^[m[K
[2.301s] [01m[K/home/jaewoo/ros2_ws/src/ros2_cmake/include/ros2_cmake/publisher.hpp:30:56:[m[K [01;31m[Kerror: [m[Kexpected ‘[01m[K;[m[K’ at end of member declaration
[2.301s]    30 |       rclcpp::Publisher<geometry_msgs::msg::String>::[01;31m[KSharedPtr[m[K publisher_;
[2.301s]       |                                                      [01;31m[K^~~~~~~~~[m[K
[2.301s]       |                                                               [32m[K;[m[K
[2.301s] [01m[K/home/jaewoo/ros2_ws/src/ros2_cmake/include/ros2_cmake/publisher.hpp:30:66:[m[K [01;31m[Kerror: [m[K‘[01m[Kpublisher_[m[K’ does not name a type; did you mean ‘[01m[KCppPublisher[m[K’?
[2.301s]    30 | pp::Publisher<geometry_msgs::msg::String>::SharedPtr [01;31m[Kpublisher_[m[K;
[2.301s]       |                                                      [01;31m[K^~~~~~~~~~[m[K
[2.301s]       |                                                      [32m[KCppPublisher[m[K
[2.304s] [01m[K/home/jaewoo/ros2_ws/src/ros2_cmake/include/ros2_cmake/publisher.hpp:[m[K In constructor ‘[01m[KCppPublisher::CppPublisher(std::string, std::string)[m[K’:
[2.304s] [01m[K/home/jaewoo/ros2_ws/src/ros2_cmake/include/ros2_cmake/publisher.hpp:16:9:[m[K [01;31m[Kerror: [m[K‘[01m[Kpublisher_[m[K’ was not declared in this scope; did you mean ‘[01m[KCppPublisher[m[K’?
[2.304s]    16 |         [01;31m[Kpublisher_[m[K= this->create_publisher<geometry_msgs::msg::Twist>(topic_name,10); // Publisher 생성
[2.304s]       |         [01;31m[K^~~~~~~~~~[m[K
[2.304s]       |         [32m[KCppPublisher[m[K
[2.307s] [01m[K/home/jaewoo/ros2_ws/src/ros2_cmake/include/ros2_cmake/publisher.hpp:16:44:[m[K [01;31m[Kerror: [m[K‘[01m[Kgeometry_msgs[m[K’ was not declared in this scope
[2.307s]    16 |         publisher_= this->create_publisher<[01;31m[Kgeometry_msgs[m[K::msg::Twist>(topic_name,10); // Publisher 생성
[2.307s]       |                                            [01;31m[K^~~~~~~~~~~~~[m[K
[2.307s] [01m[K/home/jaewoo/ros2_ws/src/ros2_cmake/include/ros2_cmake/publisher.hpp:16:27:[m[K [01;31m[Kerror: [m[Kparse error in template argument list
[2.307s]    16 |         publisher_= this->[01;31m[Kcreate_publisher<geometry_msgs::msg::Twist>[m[K(topic_name,10); // Publisher 생성
[2.307s]       |                           [01;31m[K^~~~~~~~~~~~~~~~~~~~~~~~~~~~~~~~~~~~~~~~~~~[m[K
[2.307s] [01m[K/home/jaewoo/ros2_ws/src/ros2_cmake/include/ros2_cmake/publisher.hpp:16:70:[m[K [01;31m[Kerror: [m[Kno matching function for call to ‘[01m[KCppPublisher::create_publisher<<expression error> >(std::string&, int)[m[K’
[2.307s]    16 | r_= [01;31m[Kthis->create_publisher<geometry_msgs::msg::Twist>(topic_name,10)[m[K; // Publisher 생성
[2.307s]       |     [01;31m[K~~~~~~~~~~~~~~~~~~~~~~~~~~~~~~~~~~~~~~~~~~~~~~~~~^~~~~~~~~~~~~~~[m[K
[2.307s] 
[2.308s] In file included from [01m[K/opt/ros/humble/include/rclcpp/rclcpp/executors/single_threaded_executor.hpp:28[m[K,
[2.308s]                  from [01m[K/opt/ros/humble/include/rclcpp/rclcpp/executors.hpp:22[m[K,
[2.308s]                  from [01m[K/opt/ros/humble/include/rclcpp/rclcpp/rclcpp.hpp:155[m[K,
[2.308s]                  from [01m[K/home/jaewoo/ros2_ws/src/ros2_cmake/include/ros2_cmake/publisher.hpp:5[m[K,
[2.308s]                  from [01m[K/home/jaewoo/ros2_ws/src/ros2_cmake/src/publisher.cpp:1[m[K:
[2.308s] [01m[K/opt/ros/humble/include/rclcpp/rclcpp/node.hpp:195:3:[m[K [01;36m[Knote: [m[Kcandidate: ‘[01m[Ktemplate<class MessageT, class AllocatorT, class PublisherT> std::shared_ptr<PublisherT> rclcpp::Node::create_publisher(const string&, const rclcpp::QoS&, const rclcpp::PublisherOptionsWithAllocator<AllocatorT>&)[m[K’
[2.308s]   195 |   [01;36m[Kcreate_publisher[m[K(
[2.308s]       |   [01;36m[K^~~~~~~~~~~~~~~~[m[K
[2.308s] [01m[K/opt/ros/humble/include/rclcpp/rclcpp/node.hpp:195:3:[m[K [01;36m[Knote: [m[K  template argument deduction/substitution failed:
[2.308s] In file included from [01m[K/home/jaewoo/ros2_ws/src/ros2_cmake/src/publisher.cpp:1[m[K:
[2.308s] [01m[K/home/jaewoo/ros2_ws/src/ros2_cmake/include/ros2_cmake/publisher.hpp:16:70:[m[K [01;31m[Kerror: [m[Ktemplate argument 1 is invalid
[2.308s]    16 | r_= [01;31m[Kthis->create_publisher<geometry_msgs::msg::Twist>(topic_name,10)[m[K; // Publisher 생성
[2.308s]       |     [01;31m[K~~~~~~~~~~~~~~~~~~~~~~~~~~~~~~~~~~~~~~~~~~~~~~~~~^~~~~~~~~~~~~~~[m[K
[2.308s] 
[2.310s] [01m[K/home/jaewoo/ros2_ws/src/ros2_cmake/include/ros2_cmake/subscriber.hpp:21:60:[m[K [01;31m[Kerror: [m[Kexpected ‘[01m[K;[m[K’ at end of member declaration
[2.310s]    21 |     rclcpp::Subscription<std_msgs::msg::String>::SharedPtr [01;31m[Ksubscription[m[K
[2.310s]       |                                                            [01;31m[K^~~~~~~~~~~~[m[K
[2.310s]       |                                                                        [32m[K;[m[K
[2.310s] [01m[K/home/jaewoo/ros2_ws/src/ros2_cmake/include/ros2_cmake/subscriber.hpp:22:2:[m[K [01;31m[Kerror: [m[Kexpected ‘[01m[K;[m[K’ after class definition
[2.310s]    22 | }
[2.310s]       |  [01;31m[K^[m[K
[2.310s]       |  [32m[K;[m[K
[2.312s] [01m[K/home/jaewoo/ros2_ws/src/ros2_cmake/include/ros2_cmake/publisher.hpp:[m[K In member function ‘[01m[Kvoid CppPublisher::timer_callback()[m[K’:
[2.312s] [01m[K/home/jaewoo/ros2_ws/src/ros2_cmake/include/ros2_cmake/publisher.hpp:23:24:[m[K [01;31m[Kerror: [m[K‘[01m[Kgeometry_msgs[m[K’ has not been declared
[2.312s]    23 |         auto message = [01;31m[Kgeometry_msgs[m[K::msg::String();
[2.312s]       |                        [01;31m[K^~~~~~~~~~~~~[m[K
[2.313s] [01m[K/home/jaewoo/ros2_ws/src/ros2_cmake/include/ros2_cmake/subscriber.hpp:[m[K In constructor ‘[01m[KStringSubscriber::StringSubscriber(std::string, std::string)[m[K’:
[2.313s] [01m[K/home/jaewoo/ros2_ws/src/ros2_cmake/include/ros2_cmake/subscriber.hpp:12:9:[m[K [01;31m[Kerror: [m[K‘[01m[Ksubscription_[m[K’ was not declared in this scope; did you mean ‘[01m[Ksubscription[m[K’?
[2.313s]    12 |         [01;31m[Ksubscription_[m[K = this->create_subscription<std_msgs::msg::String>(
[2.313s]       |         [01;31m[K^~~~~~~~~~~~~[m[K
[2.313s]       |         [32m[Ksubscription[m[K
[2.315s] [01m[K/home/jaewoo/ros2_ws/src/ros2_cmake/include/ros2_cmake/publisher.hpp:26:9:[m[K [01;31m[Kerror: [m[K‘[01m[Kpublisher_[m[K’ was not declared in this scope; did you mean ‘[01m[KCppPublisher[m[K’?
[2.315s]    26 |         [01;31m[Kpublisher_[m[K->publish(message);
[2.315s]       |         [01;31m[K^~~~~~~~~~[m[K
[2.315s]       |         [32m[KCppPublisher[m[K
[2.316s] [01m[K/home/jaewoo/ros2_ws/src/ros2_cmake/include/ros2_cmake/subscriber.hpp:[m[K In member function ‘[01m[Kint StringSubscriber::topic_callback(const String&) const[m[K’:
[2.316s] [01m[K/home/jaewoo/ros2_ws/src/ros2_cmake/include/ros2_cmake/subscriber.hpp:20:5:[m[K [01;35m[Kwarning: [m[Kno return statement in function returning non-void [[01;35m[K]8;;https://gcc.gnu.org/onlinedocs/gcc/Warning-Options.html#index-Wreturn-type-Wreturn-type]8;;[m[K]
[2.316s]    20 |     [01;35m[K}[m[K
[2.316s]       |     [01;35m[K^[m[K
[2.317s] [01m[K/home/jaewoo/ros2_ws/src/ros2_cmake/src/publisher.cpp:[m[K In function ‘[01m[Kint main(int, char**)[m[K’:
[2.317s] [01m[K/home/jaewoo/ros2_ws/src/ros2_cmake/src/publisher.cpp:7:35:[m[K [01;31m[Kerror: [m[K‘[01m[KStringPublisher[m[K’ was not declared in this scope
[2.317s]     7 |     rclcpp::spin(std::make_shared<[01;31m[KStringPublisher[m[K>(node_name, topic_name));
[2.317s]       |                                   [01;31m[K^~~~~~~~~~~~~~~[m[K
[2.317s] [01m[K/home/jaewoo/ros2_ws/src/ros2_cmake/src/publisher.cpp:7:51:[m[K [01;31m[Kerror: [m[Kno matching function for call to ‘[01m[Kmake_shared<<expression error> >(std::string&, std::string&)[m[K’
[2.317s]     7 |     rclcpp::spin([01;31m[Kstd::make_shared<StringPublisher>(node_name, topic_name)[m[K);
[2.317s]       |                  [01;31m[K~~~~~~~~~~~~~~~~~~~~~~~~~~~~~~~~~^~~~~~~~~~~~~~~~~~~~~~~[m[K
[2.317s] In file included from [01m[K/usr/include/c++/11/memory:77[m[K,
[2.317s]                  from [01m[K/home/jaewoo/ros2_ws/src/ros2_cmake/include/ros2_cmake/publisher.hpp:2[m[K,
[2.317s]                  from [01m[K/home/jaewoo/ros2_ws/src/ros2_cmake/src/publisher.cpp:1[m[K:
[2.317s] [01m[K/usr/include/c++/11/bits/shared_ptr.h:875:5:[m[K [01;36m[Knote: [m[Kcandidate: ‘[01m[Ktemplate<class _Tp, class ... _Args> std::shared_ptr<_Tp> std::make_shared(_Args&& ...)[m[K’
[2.318s]   875 |     [01;36m[Kmake_shared[m[K(_Args&&... __args)
[2.318s]       |     [01;36m[K^~~~~~~~~~~[m[K
[2.318s] [01m[K/usr/include/c++/11/bits/shared_ptr.h:875:5:[m[K [01;36m[Knote: [m[K  template argument deduction/substitution failed:
[2.318s] [01m[K/home/jaewoo/ros2_ws/src/ros2_cmake/src/publisher.cpp:7:51:[m[K [01;31m[Kerror: [m[Ktemplate argument 1 is invalid
[2.318s]     7 |     rclcpp::spin([01;31m[Kstd::make_shared<StringPublisher>(node_name, topic_name)[m[K);
[2.318s]       |                  [01;31m[K~~~~~~~~~~~~~~~~~~~~~~~~~~~~~~~~~^~~~~~~~~~~~~~~~~~~~~~~[m[K
[2.514s] gmake[2]: *** [CMakeFiles/publisher.dir/build.make:76: CMakeFiles/publisher.dir/src/publisher.cpp.o] Error 1
[2.514s] gmake[1]: *** [CMakeFiles/Makefile2:139: CMakeFiles/publisher.dir/all] Error 2
[2.514s] gmake[1]: *** Waiting for unfinished jobs....
[3.266s] gmake[2]: *** [CMakeFiles/subscriber.dir/build.make:76: CMakeFiles/subscriber.dir/src/subscriber.cpp.o] Error 1
[3.266s] gmake[1]: *** [CMakeFiles/Makefile2:165: CMakeFiles/subscriber.dir/all] Error 2
[3.266s] gmake: *** [Makefile:146: all] Error 2
[3.268s] Invoked command in '/home/jaewoo/ros2_ws/build/ros2_cmake' returned '2': CMAKE_PREFIX_PATH=/opt/ros/humble /usr/bin/cmake --build /home/jaewoo/ros2_ws/build/ros2_cmake -- -j28 -l28
