-- Found ament_cmake: 1.3.13 (/opt/ros/humble/share/ament_cmake/cmake)
-- Found ament_lint_auto: 0.12.15 (/opt/ros/humble/share/ament_lint_auto/cmake)
-- Added test 'flake8' to check Python code syntax and style conventions
-- Added test 'lint_cmake' to check CMake code style
-- Added test 'pep257' to check Python code against some of the docstring style conventions in PEP 257
-- Added test 'xmllint' to check XML markup files
-- Configuring done
-- Generating done
-- Build files have been written to: /home/jaewoo/ros2_ws/build/ros2_urdf
-- Install configuration: ""
-- Up-to-date: /home/jaewoo/ros2_ws/install/ros2_urdf/share/ros2_urdf/launch
-- Up-to-date: /home/jaewoo/ros2_ws/install/ros2_urdf/share/ros2_urdf/launch/robot_launch.py
-- Up-to-date: /home/jaewoo/ros2_ws/install/ros2_urdf/share/ament_index/resource_index/package_run_dependencies/ros2_urdf
-- Up-to-date: /home/jaewoo/ros2_ws/install/ros2_urdf/share/ament_index/resource_index/parent_prefix_path/ros2_urdf
-- Up-to-date: /home/jaewoo/ros2_ws/install/ros2_urdf/share/ros2_urdf/environment/ament_prefix_path.sh
-- Installing: /home/jaewoo/ros2_ws/install/ros2_urdf/share/ros2_urdf/environment/ament_prefix_path.dsv
-- Up-to-date: /home/jaewoo/ros2_ws/install/ros2_urdf/share/ros2_urdf/environment/path.sh
-- Installing: /home/jaewoo/ros2_ws/install/ros2_urdf/share/ros2_urdf/environment/path.dsv
-- Up-to-date: /home/jaewoo/ros2_ws/install/ros2_urdf/share/ros2_urdf/local_setup.bash
-- Up-to-date: /home/jaewoo/ros2_ws/install/ros2_urdf/share/ros2_urdf/local_setup.sh
-- Up-to-date: /home/jaewoo/ros2_ws/install/ros2_urdf/share/ros2_urdf/local_setup.zsh
-- Installing: /home/jaewoo/ros2_ws/install/ros2_urdf/share/ros2_urdf/local_setup.dsv
-- Installing: /home/jaewoo/ros2_ws/install/ros2_urdf/share/ros2_urdf/package.dsv
-- Up-to-date: /home/jaewoo/ros2_ws/install/ros2_urdf/share/ament_index/resource_index/packages/ros2_urdf
-- Up-to-date: /home/jaewoo/ros2_ws/install/ros2_urdf/share/ros2_urdf/cmake/ros2_urdfConfig.cmake
-- Up-to-date: /home/jaewoo/ros2_ws/install/ros2_urdf/share/ros2_urdf/cmake/ros2_urdfConfig-version.cmake
-- Installing: /home/jaewoo/ros2_ws/install/ros2_urdf/share/ros2_urdf/package.xml
