[0.006s] Invoking command in '/home/jaewoo/ros2_ws/build/ros2_urdf': CMAKE_PREFIX_PATH=${CMAKE_PREFIX_PATH}:/home/jaewoo/ros2_ws/install/ros2_python:/opt/ros/humble /usr/bin/cmake --build /home/jaewoo/ros2_ws/build/ros2_urdf -- -j28 -l28
[0.021s] -- Found ament_cmake: 1.3.13 (/opt/ros/humble/share/ament_cmake/cmake)
[0.105s] -- Found ament_lint_auto: 0.12.15 (/opt/ros/humble/share/ament_lint_auto/cmake)
[0.144s] -- Added test 'flake8' to check Python code syntax and style conventions
[0.144s] -- Added test 'lint_cmake' to check CMake code style
[0.144s] -- Added test 'pep257' to check Python code against some of the docstring style conventions in PEP 257
[0.145s] -- Added test 'xmllint' to check XML markup files
[0.145s] -- Configuring done
[0.146s] -- Generating done
[0.147s] -- Build files have been written to: /home/jaewoo/ros2_ws/build/ros2_urdf
[0.161s] Invoked command in '/home/jaewoo/ros2_ws/build/ros2_urdf' returned '0': CMAKE_PREFIX_PATH=${CMAKE_PREFIX_PATH}:/home/jaewoo/ros2_ws/install/ros2_python:/opt/ros/humble /usr/bin/cmake --build /home/jaewoo/ros2_ws/build/ros2_urdf -- -j28 -l28
[0.170s] Invoking command in '/home/jaewoo/ros2_ws/build/ros2_urdf': CMAKE_PREFIX_PATH=${CMAKE_PREFIX_PATH}:/home/jaewoo/ros2_ws/install/ros2_python:/opt/ros/humble /usr/bin/cmake --install /home/jaewoo/ros2_ws/build/ros2_urdf
[0.180s] -- Install configuration: ""
[0.180s] -- Up-to-date: /home/jaewoo/ros2_ws/install/ros2_urdf/share/ros2_urdf/launch
[0.180s] -- Up-to-date: /home/jaewoo/ros2_ws/install/ros2_urdf/share/ros2_urdf/launch/robot_launch.py
[0.180s] -- Up-to-date: /home/jaewoo/ros2_ws/install/ros2_urdf/share/ament_index/resource_index/package_run_dependencies/ros2_urdf
[0.180s] -- Up-to-date: /home/jaewoo/ros2_ws/install/ros2_urdf/share/ament_index/resource_index/parent_prefix_path/ros2_urdf
[0.180s] -- Up-to-date: /home/jaewoo/ros2_ws/install/ros2_urdf/share/ros2_urdf/environment/ament_prefix_path.sh
[0.180s] -- Installing: /home/jaewoo/ros2_ws/install/ros2_urdf/share/ros2_urdf/environment/ament_prefix_path.dsv
[0.181s] -- Up-to-date: /home/jaewoo/ros2_ws/install/ros2_urdf/share/ros2_urdf/environment/path.sh
[0.181s] -- Installing: /home/jaewoo/ros2_ws/install/ros2_urdf/share/ros2_urdf/environment/path.dsv
[0.181s] -- Up-to-date: /home/jaewoo/ros2_ws/install/ros2_urdf/share/ros2_urdf/local_setup.bash
[0.181s] -- Up-to-date: /home/jaewoo/ros2_ws/install/ros2_urdf/share/ros2_urdf/local_setup.sh
[0.181s] -- Up-to-date: /home/jaewoo/ros2_ws/install/ros2_urdf/share/ros2_urdf/local_setup.zsh
[0.181s] -- Installing: /home/jaewoo/ros2_ws/install/ros2_urdf/share/ros2_urdf/local_setup.dsv
[0.181s] -- Installing: /home/jaewoo/ros2_ws/install/ros2_urdf/share/ros2_urdf/package.dsv
[0.181s] -- Up-to-date: /home/jaewoo/ros2_ws/install/ros2_urdf/share/ament_index/resource_index/packages/ros2_urdf
[0.181s] -- Up-to-date: /home/jaewoo/ros2_ws/install/ros2_urdf/share/ros2_urdf/cmake/ros2_urdfConfig.cmake
[0.181s] -- Up-to-date: /home/jaewoo/ros2_ws/install/ros2_urdf/share/ros2_urdf/cmake/ros2_urdfConfig-version.cmake
[0.182s] -- Installing: /home/jaewoo/ros2_ws/install/ros2_urdf/share/ros2_urdf/package.xml
[0.184s] Invoked command in '/home/jaewoo/ros2_ws/build/ros2_urdf' returned '0': CMAKE_PREFIX_PATH=${CMAKE_PREFIX_PATH}:/home/jaewoo/ros2_ws/install/ros2_python:/opt/ros/humble /usr/bin/cmake --install /home/jaewoo/ros2_ws/build/ros2_urdf
