-- Found ament_cmake: 1.3.13 (/opt/ros/humble/share/ament_cmake/cmake)
-- Found rclcpp: 16.0.18 (/opt/ros/humble/share/rclcpp/cmake)
-- Found rosidl_generator_c: 3.1.8 (/opt/ros/humble/share/rosidl_generator_c/cmake)
-- Found rosidl_adapter: 3.1.8 (/opt/ros/humble/share/rosidl_adapter/cmake)
-- Found rosidl_generator_cpp: 3.1.8 (/opt/ros/humble/share/rosidl_generator_cpp/cmake)
-- Using all available rosidl_typesupport_c: rosidl_typesupport_fastrtps_c;rosidl_typesupport_introspection_c
-- Using all available rosidl_typesupport_cpp: rosidl_typesupport_fastrtps_cpp;rosidl_typesupport_introspection_cpp
-- Found rmw_implementation_cmake: 6.1.2 (/opt/ros/humble/share/rmw_implementation_cmake/cmake)
-- Found rmw_fastrtps_cpp: 6.2.10 (/opt/ros/humble/share/rmw_fastrtps_cpp/cmake)
-- Using RMW implementation 'rmw_fastrtps_cpp' as default
-- Found ros2_interface: 0.0.0 (/home/jaewoo/ros2_ws/install/ros2_interface/share/ros2_interface/cmake)
-- Found rclcpp_action: 16.0.18 (/opt/ros/humble/share/rclcpp_action/cmake)
-- Found ament_lint_auto: 0.12.15 (/opt/ros/humble/share/ament_lint_auto/cmake)
-- Added test 'cppcheck' to perform static code analysis on C / C++ code
-- Configured cppcheck include dirs: /home/jaewoo/ros2_ws/src/ros2_cmake/include
-- Configured cppcheck exclude dirs and/or files: 
-- Added test 'lint_cmake' to check CMake code style
-- Added test 'uncrustify' to check C / C++ code style
-- Configured uncrustify additional arguments: 
-- Added test 'xmllint' to check XML markup files
-- Configuring done
-- Generating done
-- Build files have been written to: /home/jaewoo/ros2_ws/build/ros2_cmake
[35m[1mConsolidate compiler generated dependencies of target publisher[0m
[35m[1mConsolidate compiler generated dependencies of target service_client[0m
[35m[1mConsolidate compiler generated dependencies of target subscriber[0m
[35m[1mConsolidate compiler generated dependencies of target service_server[0m
[  8%] [32mBuilding CXX object CMakeFiles/action_client.dir/src/action_client.cpp.o[0m
[ 25%] [32mBuilding CXX object CMakeFiles/action_server.dir/src/action_server.cpp.o[0m
[ 33%] Built target publisher
[ 41%] [32mBuilding CXX object CMakeFiles/service_client.dir/src/service_client.cpp.o[0m
[ 58%] Built target subscriber
[ 66%] [32mBuilding CXX object CMakeFiles/service_server.dir/src/service_server.cpp.o[0m
[ 75%] [32m[1mLinking CXX executable service_server[0m
[ 75%] Built target service_server
[ 83%] [32m[1mLinking CXX executable service_client[0m
[ 83%] Built target service_client
[ 91%] [32m[1mLinking CXX executable action_server[0m
[ 91%] Built target action_server
[100%] [32m[1mLinking CXX executable action_client[0m
[100%] Built target action_client
-- Install configuration: ""
-- Up-to-date: /home/jaewoo/ros2_ws/install/ros2_cmake/lib/ros2_cmake/publisher
-- Up-to-date: /home/jaewoo/ros2_ws/install/ros2_cmake/lib/ros2_cmake/subscriber
-- Installing: /home/jaewoo/ros2_ws/install/ros2_cmake/lib/ros2_cmake/service_server
-- Set runtime path of "/home/jaewoo/ros2_ws/install/ros2_cmake/lib/ros2_cmake/service_server" to ""
-- Installing: /home/jaewoo/ros2_ws/install/ros2_cmake/lib/ros2_cmake/service_client
-- Set runtime path of "/home/jaewoo/ros2_ws/install/ros2_cmake/lib/ros2_cmake/service_client" to ""
-- Installing: /home/jaewoo/ros2_ws/install/ros2_cmake/lib/ros2_cmake/action_server
-- Set runtime path of "/home/jaewoo/ros2_ws/install/ros2_cmake/lib/ros2_cmake/action_server" to ""
-- Installing: /home/jaewoo/ros2_ws/install/ros2_cmake/lib/ros2_cmake/action_client
-- Set runtime path of "/home/jaewoo/ros2_ws/install/ros2_cmake/lib/ros2_cmake/action_client" to ""
-- Installing: /home/jaewoo/ros2_ws/install/ros2_cmake/share/ament_index/resource_index/package_run_dependencies/ros2_cmake
-- Installing: /home/jaewoo/ros2_ws/install/ros2_cmake/share/ament_index/resource_index/parent_prefix_path/ros2_cmake
-- Up-to-date: /home/jaewoo/ros2_ws/install/ros2_cmake/share/ros2_cmake/environment/ament_prefix_path.sh
-- Installing: /home/jaewoo/ros2_ws/install/ros2_cmake/share/ros2_cmake/environment/ament_prefix_path.dsv
-- Up-to-date: /home/jaewoo/ros2_ws/install/ros2_cmake/share/ros2_cmake/environment/path.sh
-- Installing: /home/jaewoo/ros2_ws/install/ros2_cmake/share/ros2_cmake/environment/path.dsv
-- Up-to-date: /home/jaewoo/ros2_ws/install/ros2_cmake/share/ros2_cmake/local_setup.bash
-- Up-to-date: /home/jaewoo/ros2_ws/install/ros2_cmake/share/ros2_cmake/local_setup.sh
-- Up-to-date: /home/jaewoo/ros2_ws/install/ros2_cmake/share/ros2_cmake/local_setup.zsh
-- Installing: /home/jaewoo/ros2_ws/install/ros2_cmake/share/ros2_cmake/local_setup.dsv
-- Installing: /home/jaewoo/ros2_ws/install/ros2_cmake/share/ros2_cmake/package.dsv
-- Up-to-date: /home/jaewoo/ros2_ws/install/ros2_cmake/share/ament_index/resource_index/packages/ros2_cmake
-- Up-to-date: /home/jaewoo/ros2_ws/install/ros2_cmake/share/ros2_cmake/cmake/ros2_cmakeConfig.cmake
-- Up-to-date: /home/jaewoo/ros2_ws/install/ros2_cmake/share/ros2_cmake/cmake/ros2_cmakeConfig-version.cmake
-- Installing: /home/jaewoo/ros2_ws/install/ros2_cmake/share/ros2_cmake/package.xml
