[35m[1mConsolidate compiler generated dependencies of target service_client[0m
[35m[1mConsolidate compiler generated dependencies of target service_server[0m
[  8%] [32mBuilding CXX object CMakeFiles/action_client.dir/src/action_client.cpp.o[0m
[ 16%] [32mBuilding CXX object CMakeFiles/action_server.dir/src/action_server.cpp.o[0m
[ 33%] Built target subscriber
[ 50%] Built target publisher
[ 66%] Built target service_client
[ 83%] Built target service_server
In file included from [01m[K/home/jaewoo/ros2_ws/src/ros2_cmake/src/action_server.cpp:1[m[K:
[01m[K/home/jaewoo/ros2_ws/src/ros2_cmake/include/ros2_cmake/action_server.hpp:7:10:[m[K [01;31m[Kfatal error: [m[Kros2_interface/action/fibonacci.hpp: No such file or directory
    7 | #include [01;31m[K"ros2_interface/action/fibonacci.hpp"[m[K
      |          [01;31m[K^~~~~~~~~~~~~~~~~~~~~~~~~~~~~~~~~~~~~[m[K
compilation terminated.
gmake[2]: *** [CMakeFiles/action_server.dir/build.make:76: CMakeFiles/action_server.dir/src/action_server.cpp.o] Error 1
gmake[1]: *** [CMakeFiles/Makefile2:251: CMakeFiles/action_server.dir/all] Error 2
gmake[1]: *** Waiting for unfinished jobs....
In file included from [01m[K/home/jaewoo/ros2_ws/src/ros2_cmake/src/action_client.cpp:1[m[K:
[01m[K/home/jaewoo/ros2_ws/src/ros2_cmake/include/ros2_cmake/action_client.hpp:9:10:[m[K [01;31m[Kfatal error: [m[Kros2_interface/action/fibonacci.hpp: No such file or directory
    9 | #include [01;31m[K"ros2_interface/action/fibonacci.hpp"[m[K
      |          [01;31m[K^~~~~~~~~~~~~~~~~~~~~~~~~~~~~~~~~~~~~[m[K
compilation terminated.
gmake[2]: *** [CMakeFiles/action_client.dir/build.make:76: CMakeFiles/action_client.dir/src/action_client.cpp.o] Error 1
gmake[1]: *** [CMakeFiles/Makefile2:277: CMakeFiles/action_client.dir/all] Error 2
gmake: *** [Makefile:146: all] Error 2
