[0.005s] Invoking command in '/home/jaewoo/ros2_ws/build/ros2_cmake': CMAKE_PREFIX_PATH=/home/jaewoo/ros2_ws/install/ros2_interface:/home/jaewoo/ros2_ws/install/ros2_cmake:/home/jaewoo/ros2_ws/install/ros2_python:/opt/ros/humble /usr/bin/cmake --build /home/jaewoo/ros2_ws/build/ros2_cmake -- -j28 -l28
[0.031s] [35m[1mConsolidate compiler generated dependencies of target service_client[0m
[0.031s] [35m[1mConsolidate compiler generated dependencies of target service_server[0m
[0.034s] [  8%] [32mBuilding CXX object CMakeFiles/action_client.dir/src/action_client.cpp.o[0m
[0.035s] [ 16%] [32mBuilding CXX object CMakeFiles/action_server.dir/src/action_server.cpp.o[0m
[0.037s] [ 33%] Built target subscriber
[0.037s] [ 50%] Built target publisher
[0.038s] [ 66%] Built target service_client
[0.041s] [ 83%] Built target service_server
[0.071s] In file included from [01m[K/home/jaewoo/ros2_ws/src/ros2_cmake/src/action_server.cpp:1[m[K:
[0.071s] [01m[K/home/jaewoo/ros2_ws/src/ros2_cmake/include/ros2_cmake/action_server.hpp:7:10:[m[K [01;31m[Kfatal error: [m[Kros2_interface/action/fibonacci.hpp: No such file or directory
[0.071s]     7 | #include [01;31m[K"ros2_interface/action/fibonacci.hpp"[m[K
[0.071s]       |          [01;31m[K^~~~~~~~~~~~~~~~~~~~~~~~~~~~~~~~~~~~~[m[K
[0.071s] compilation terminated.
[0.072s] gmake[2]: *** [CMakeFiles/action_server.dir/build.make:76: CMakeFiles/action_server.dir/src/action_server.cpp.o] Error 1
[0.072s] gmake[1]: *** [CMakeFiles/Makefile2:251: CMakeFiles/action_server.dir/all] Error 2
[0.072s] gmake[1]: *** Waiting for unfinished jobs....
[0.075s] In file included from [01m[K/home/jaewoo/ros2_ws/src/ros2_cmake/src/action_client.cpp:1[m[K:
[0.075s] [01m[K/home/jaewoo/ros2_ws/src/ros2_cmake/include/ros2_cmake/action_client.hpp:9:10:[m[K [01;31m[Kfatal error: [m[Kros2_interface/action/fibonacci.hpp: No such file or directory
[0.075s]     9 | #include [01;31m[K"ros2_interface/action/fibonacci.hpp"[m[K
[0.075s]       |          [01;31m[K^~~~~~~~~~~~~~~~~~~~~~~~~~~~~~~~~~~~~[m[K
[0.075s] compilation terminated.
[0.075s] gmake[2]: *** [CMakeFiles/action_client.dir/build.make:76: CMakeFiles/action_client.dir/src/action_client.cpp.o] Error 1
[0.075s] gmake[1]: *** [CMakeFiles/Makefile2:277: CMakeFiles/action_client.dir/all] Error 2
[0.075s] gmake: *** [Makefile:146: all] Error 2
[0.116s] Invoked command in '/home/jaewoo/ros2_ws/build/ros2_cmake' returned '2': CMAKE_PREFIX_PATH=/home/jaewoo/ros2_ws/install/ros2_interface:/home/jaewoo/ros2_ws/install/ros2_cmake:/home/jaewoo/ros2_ws/install/ros2_python:/opt/ros/humble /usr/bin/cmake --build /home/jaewoo/ros2_ws/build/ros2_cmake -- -j28 -l28
