running egg_info
writing ../../build/ros2_tf/ros2_tf.egg-info/PKG-INFO
writing dependency_links to ../../build/ros2_tf/ros2_tf.egg-info/dependency_links.txt
writing entry points to ../../build/ros2_tf/ros2_tf.egg-info/entry_points.txt
writing requirements to ../../build/ros2_tf/ros2_tf.egg-info/requires.txt
writing top-level names to ../../build/ros2_tf/ros2_tf.egg-info/top_level.txt
reading manifest file '../../build/ros2_tf/ros2_tf.egg-info/SOURCES.txt'
writing manifest file '../../build/ros2_tf/ros2_tf.egg-info/SOURCES.txt'
running build
running build_py
running install
running install_lib
running install_data
creating /home/jaewoo/ros2_ws/install/ros2_tf/share/ros2_tf/launch
copying launch/tf_launch.py -> /home/jaewoo/ros2_ws/install/ros2_tf/share/ros2_tf/launch
running install_egg_info
removing '/home/jaewoo/ros2_ws/install/ros2_tf/lib/python3.10/site-packages/ros2_tf-0.0.0-py3.10.egg-info' (and everything under it)
Copying ../../build/ros2_tf/ros2_tf.egg-info to /home/jaewoo/ros2_ws/install/ros2_tf/lib/python3.10/site-packages/ros2_tf-0.0.0-py3.10.egg-info
running install_scripts
Installing tf2_broadcaster script to /home/jaewoo/ros2_ws/install/ros2_tf/lib/ros2_tf
Installing tf2_listener script to /home/jaewoo/ros2_ws/install/ros2_tf/lib/ros2_tf
Installing tf2_static_broadcaster script to /home/jaewoo/ros2_ws/install/ros2_tf/lib/ros2_tf
writing list of installed files to '/home/jaewoo/ros2_ws/build/ros2_tf/install.log'
