[ 10%] Built target ros2_interface__rosidl_generator_c
[ 12%] Built target ros2_interface__cpp
[ 12%] Built target ament_cmake_python_copy_ros2_interface
[ 23%] Built target ros2_interface__rosidl_typesupport_c
[ 33%] Built target ros2_interface__rosidl_typesupport_fastrtps_c
[ 43%] Built target ros2_interface__rosidl_typesupport_introspection_c
[ 53%] Built target ros2_interface__rosidl_typesupport_introspection_cpp
[ 64%] Built target ros2_interface__rosidl_typesupport_fastrtps_cpp
[ 74%] Built target ros2_interface__rosidl_typesupport_cpp
[ 74%] Built target ros2_interface
[ 76%] Built target ros2_interface__py
[ 84%] Built target ros2_interface__rosidl_generator_py
[ 89%] Built target ros2_interface__rosidl_typesupport_introspection_c__pyext
[ 94%] Built target ros2_interface__rosidl_typesupport_fastrtps_c__pyext
[100%] Built target ros2_interface__rosidl_typesupport_c__pyext
running egg_info
writing ros2_interface.egg-info/PKG-INFO
writing dependency_links to ros2_interface.egg-info/dependency_links.txt
writing top-level names to ros2_interface.egg-info/top_level.txt
reading manifest file 'ros2_interface.egg-info/SOURCES.txt'
writing manifest file 'ros2_interface.egg-info/SOURCES.txt'
[100%] Built target ament_cmake_python_build_ros2_interface_egg
-- Install configuration: ""
-- Up-to-date: /home/jaewoo/ros2_ws/install/ros2_interface/share/ament_index/resource_index/rosidl_interfaces/ros2_interface
-- Up-to-date: /home/jaewoo/ros2_ws/install/ros2_interface/include/ros2_interface/ros2_interface
-- Up-to-date: /home/jaewoo/ros2_ws/install/ros2_interface/include/ros2_interface/ros2_interface/action
-- Up-to-date: /home/jaewoo/ros2_ws/install/ros2_interface/include/ros2_interface/ros2_interface/action/detail
-- Up-to-date: /home/jaewoo/ros2_ws/install/ros2_interface/include/ros2_interface/ros2_interface/action/detail/fibonnacci__struct.h
-- Up-to-date: /home/jaewoo/ros2_ws/install/ros2_interface/include/ros2_interface/ros2_interface/action/detail/fibonnacci__functions.c
-- Up-to-date: /home/jaewoo/ros2_ws/install/ros2_interface/include/ros2_interface/ros2_interface/action/detail/fibonnacci__type_support.h
-- Up-to-date: /home/jaewoo/ros2_ws/install/ros2_interface/include/ros2_interface/ros2_interface/action/detail/fibonnacci__functions.h
-- Up-to-date: /home/jaewoo/ros2_ws/install/ros2_interface/include/ros2_interface/ros2_interface/action/fibonnacci.h
-- Up-to-date: /home/jaewoo/ros2_ws/install/ros2_interface/include/ros2_interface/ros2_interface/srv
-- Up-to-date: /home/jaewoo/ros2_ws/install/ros2_interface/include/ros2_interface/ros2_interface/srv/ex_custom_srv.h
-- Up-to-date: /home/jaewoo/ros2_ws/install/ros2_interface/include/ros2_interface/ros2_interface/srv/detail
-- Up-to-date: /home/jaewoo/ros2_ws/install/ros2_interface/include/ros2_interface/ros2_interface/srv/detail/ex_custom_srv__functions.h
-- Up-to-date: /home/jaewoo/ros2_ws/install/ros2_interface/include/ros2_interface/ros2_interface/srv/detail/ex_custom_srv__functions.c
-- Up-to-date: /home/jaewoo/ros2_ws/install/ros2_interface/include/ros2_interface/ros2_interface/srv/detail/ex_custom_srv__type_support.h
-- Up-to-date: /home/jaewoo/ros2_ws/install/ros2_interface/include/ros2_interface/ros2_interface/srv/detail/ex_custom_srv__struct.h
-- Up-to-date: /home/jaewoo/ros2_ws/install/ros2_interface/include/ros2_interface/ros2_interface/msg
-- Up-to-date: /home/jaewoo/ros2_ws/install/ros2_interface/include/ros2_interface/ros2_interface/msg/rosidl_generator_c__visibility_control.h
-- Up-to-date: /home/jaewoo/ros2_ws/install/ros2_interface/share/ros2_interface/environment/library_path.sh
-- Up-to-date: /home/jaewoo/ros2_ws/install/ros2_interface/share/ros2_interface/environment/library_path.dsv
-- Up-to-date: /home/jaewoo/ros2_ws/install/ros2_interface/lib/libros2_interface__rosidl_generator_c.so
-- Up-to-date: /home/jaewoo/ros2_ws/install/ros2_interface/include/ros2_interface/ros2_interface
-- Up-to-date: /home/jaewoo/ros2_ws/install/ros2_interface/include/ros2_interface/ros2_interface/action
-- Up-to-date: /home/jaewoo/ros2_ws/install/ros2_interface/include/ros2_interface/ros2_interface/action/detail
-- Up-to-date: /home/jaewoo/ros2_ws/install/ros2_interface/include/ros2_interface/ros2_interface/action/detail/fibonnacci__rosidl_typesupport_fastrtps_c.h
-- Up-to-date: /home/jaewoo/ros2_ws/install/ros2_interface/include/ros2_interface/ros2_interface/srv
-- Up-to-date: /home/jaewoo/ros2_ws/install/ros2_interface/include/ros2_interface/ros2_interface/srv/detail
-- Up-to-date: /home/jaewoo/ros2_ws/install/ros2_interface/include/ros2_interface/ros2_interface/srv/detail/ex_custom_srv__rosidl_typesupport_fastrtps_c.h
-- Up-to-date: /home/jaewoo/ros2_ws/install/ros2_interface/include/ros2_interface/ros2_interface/msg
-- Up-to-date: /home/jaewoo/ros2_ws/install/ros2_interface/include/ros2_interface/ros2_interface/msg/rosidl_typesupport_fastrtps_c__visibility_control.h
-- Up-to-date: /home/jaewoo/ros2_ws/install/ros2_interface/lib/libros2_interface__rosidl_typesupport_fastrtps_c.so
-- Up-to-date: /home/jaewoo/ros2_ws/install/ros2_interface/include/ros2_interface/ros2_interface
-- Up-to-date: /home/jaewoo/ros2_ws/install/ros2_interface/include/ros2_interface/ros2_interface/action
-- Up-to-date: /home/jaewoo/ros2_ws/install/ros2_interface/include/ros2_interface/ros2_interface/action/detail
-- Up-to-date: /home/jaewoo/ros2_ws/install/ros2_interface/include/ros2_interface/ros2_interface/action/detail/fibonnacci__type_support.c
-- Up-to-date: /home/jaewoo/ros2_ws/install/ros2_interface/include/ros2_interface/ros2_interface/action/detail/fibonnacci__rosidl_typesupport_introspection_c.h
-- Up-to-date: /home/jaewoo/ros2_ws/install/ros2_interface/include/ros2_interface/ros2_interface/srv
-- Up-to-date: /home/jaewoo/ros2_ws/install/ros2_interface/include/ros2_interface/ros2_interface/srv/detail
-- Up-to-date: /home/jaewoo/ros2_ws/install/ros2_interface/include/ros2_interface/ros2_interface/srv/detail/ex_custom_srv__rosidl_typesupport_introspection_c.h
-- Up-to-date: /home/jaewoo/ros2_ws/install/ros2_interface/include/ros2_interface/ros2_interface/srv/detail/ex_custom_srv__type_support.c
-- Up-to-date: /home/jaewoo/ros2_ws/install/ros2_interface/include/ros2_interface/ros2_interface/msg
-- Up-to-date: /home/jaewoo/ros2_ws/install/ros2_interface/include/ros2_interface/ros2_interface/msg/rosidl_typesupport_introspection_c__visibility_control.h
-- Up-to-date: /home/jaewoo/ros2_ws/install/ros2_interface/lib/libros2_interface__rosidl_typesupport_introspection_c.so
-- Up-to-date: /home/jaewoo/ros2_ws/install/ros2_interface/lib/libros2_interface__rosidl_typesupport_c.so
-- Up-to-date: /home/jaewoo/ros2_ws/install/ros2_interface/include/ros2_interface/ros2_interface
-- Up-to-date: /home/jaewoo/ros2_ws/install/ros2_interface/include/ros2_interface/ros2_interface/action
-- Up-to-date: /home/jaewoo/ros2_ws/install/ros2_interface/include/ros2_interface/ros2_interface/action/detail
-- Up-to-date: /home/jaewoo/ros2_ws/install/ros2_interface/include/ros2_interface/ros2_interface/action/detail/fibonnacci__type_support.hpp
-- Up-to-date: /home/jaewoo/ros2_ws/install/ros2_interface/include/ros2_interface/ros2_interface/action/detail/fibonnacci__struct.hpp
-- Up-to-date: /home/jaewoo/ros2_ws/install/ros2_interface/include/ros2_interface/ros2_interface/action/detail/fibonnacci__traits.hpp
-- Up-to-date: /home/jaewoo/ros2_ws/install/ros2_interface/include/ros2_interface/ros2_interface/action/detail/fibonnacci__builder.hpp
-- Up-to-date: /home/jaewoo/ros2_ws/install/ros2_interface/include/ros2_interface/ros2_interface/action/fibonnacci.hpp
-- Up-to-date: /home/jaewoo/ros2_ws/install/ros2_interface/include/ros2_interface/ros2_interface/srv
-- Up-to-date: /home/jaewoo/ros2_ws/install/ros2_interface/include/ros2_interface/ros2_interface/srv/detail
-- Up-to-date: /home/jaewoo/ros2_ws/install/ros2_interface/include/ros2_interface/ros2_interface/srv/detail/ex_custom_srv__builder.hpp
-- Up-to-date: /home/jaewoo/ros2_ws/install/ros2_interface/include/ros2_interface/ros2_interface/srv/detail/ex_custom_srv__traits.hpp
-- Up-to-date: /home/jaewoo/ros2_ws/install/ros2_interface/include/ros2_interface/ros2_interface/srv/detail/ex_custom_srv__type_support.hpp
-- Up-to-date: /home/jaewoo/ros2_ws/install/ros2_interface/include/ros2_interface/ros2_interface/srv/detail/ex_custom_srv__struct.hpp
-- Up-to-date: /home/jaewoo/ros2_ws/install/ros2_interface/include/ros2_interface/ros2_interface/srv/ex_custom_srv.hpp
-- Up-to-date: /home/jaewoo/ros2_ws/install/ros2_interface/include/ros2_interface/ros2_interface/msg
-- Up-to-date: /home/jaewoo/ros2_ws/install/ros2_interface/include/ros2_interface/ros2_interface/msg/rosidl_generator_cpp__visibility_control.hpp
-- Up-to-date: /home/jaewoo/ros2_ws/install/ros2_interface/include/ros2_interface/ros2_interface
-- Up-to-date: /home/jaewoo/ros2_ws/install/ros2_interface/include/ros2_interface/ros2_interface/action
-- Up-to-date: /home/jaewoo/ros2_ws/install/ros2_interface/include/ros2_interface/ros2_interface/action/detail
-- Up-to-date: /home/jaewoo/ros2_ws/install/ros2_interface/include/ros2_interface/ros2_interface/action/detail/fibonnacci__rosidl_typesupport_fastrtps_cpp.hpp
-- Up-to-date: /home/jaewoo/ros2_ws/install/ros2_interface/include/ros2_interface/ros2_interface/action/detail/dds_fastrtps
-- Up-to-date: /home/jaewoo/ros2_ws/install/ros2_interface/include/ros2_interface/ros2_interface/srv
-- Up-to-date: /home/jaewoo/ros2_ws/install/ros2_interface/include/ros2_interface/ros2_interface/srv/detail
-- Up-to-date: /home/jaewoo/ros2_ws/install/ros2_interface/include/ros2_interface/ros2_interface/srv/detail/ex_custom_srv__rosidl_typesupport_fastrtps_cpp.hpp
-- Up-to-date: /home/jaewoo/ros2_ws/install/ros2_interface/include/ros2_interface/ros2_interface/srv/detail/dds_fastrtps
-- Up-to-date: /home/jaewoo/ros2_ws/install/ros2_interface/include/ros2_interface/ros2_interface/msg
-- Up-to-date: /home/jaewoo/ros2_ws/install/ros2_interface/include/ros2_interface/ros2_interface/msg/rosidl_typesupport_fastrtps_cpp__visibility_control.h
-- Up-to-date: /home/jaewoo/ros2_ws/install/ros2_interface/lib/libros2_interface__rosidl_typesupport_fastrtps_cpp.so
-- Up-to-date: /home/jaewoo/ros2_ws/install/ros2_interface/include/ros2_interface/ros2_interface
-- Up-to-date: /home/jaewoo/ros2_ws/install/ros2_interface/include/ros2_interface/ros2_interface/action
-- Up-to-date: /home/jaewoo/ros2_ws/install/ros2_interface/include/ros2_interface/ros2_interface/action/detail
-- Up-to-date: /home/jaewoo/ros2_ws/install/ros2_interface/include/ros2_interface/ros2_interface/action/detail/fibonnacci__type_support.cpp
-- Up-to-date: /home/jaewoo/ros2_ws/install/ros2_interface/include/ros2_interface/ros2_interface/action/detail/fibonnacci__rosidl_typesupport_introspection_cpp.hpp
-- Up-to-date: /home/jaewoo/ros2_ws/install/ros2_interface/include/ros2_interface/ros2_interface/srv
-- Up-to-date: /home/jaewoo/ros2_ws/install/ros2_interface/include/ros2_interface/ros2_interface/srv/detail
-- Up-to-date: /home/jaewoo/ros2_ws/install/ros2_interface/include/ros2_interface/ros2_interface/srv/detail/ex_custom_srv__rosidl_typesupport_introspection_cpp.hpp
-- Up-to-date: /home/jaewoo/ros2_ws/install/ros2_interface/include/ros2_interface/ros2_interface/srv/detail/ex_custom_srv__type_support.cpp
-- Up-to-date: /home/jaewoo/ros2_ws/install/ros2_interface/lib/libros2_interface__rosidl_typesupport_introspection_cpp.so
-- Up-to-date: /home/jaewoo/ros2_ws/install/ros2_interface/lib/libros2_interface__rosidl_typesupport_cpp.so
-- Up-to-date: /home/jaewoo/ros2_ws/install/ros2_interface/share/ros2_interface/environment/pythonpath.sh
-- Up-to-date: /home/jaewoo/ros2_ws/install/ros2_interface/share/ros2_interface/environment/pythonpath.dsv
-- Up-to-date: /home/jaewoo/ros2_ws/install/ros2_interface/local/lib/python3.10/dist-packages/ros2_interface-0.0.0-py3.10.egg-info
-- Installing: /home/jaewoo/ros2_ws/install/ros2_interface/local/lib/python3.10/dist-packages/ros2_interface-0.0.0-py3.10.egg-info/dependency_links.txt
-- Installing: /home/jaewoo/ros2_ws/install/ros2_interface/local/lib/python3.10/dist-packages/ros2_interface-0.0.0-py3.10.egg-info/top_level.txt
-- Installing: /home/jaewoo/ros2_ws/install/ros2_interface/local/lib/python3.10/dist-packages/ros2_interface-0.0.0-py3.10.egg-info/SOURCES.txt
-- Installing: /home/jaewoo/ros2_ws/install/ros2_interface/local/lib/python3.10/dist-packages/ros2_interface-0.0.0-py3.10.egg-info/PKG-INFO
-- Up-to-date: /home/jaewoo/ros2_ws/install/ros2_interface/local/lib/python3.10/dist-packages/ros2_interface
-- Up-to-date: /home/jaewoo/ros2_ws/install/ros2_interface/local/lib/python3.10/dist-packages/ros2_interface/ros2_interface_s__rosidl_typesupport_c.cpython-310-x86_64-linux-gnu.so
-- Up-to-date: /home/jaewoo/ros2_ws/install/ros2_interface/local/lib/python3.10/dist-packages/ros2_interface/__init__.py
-- Up-to-date: /home/jaewoo/ros2_ws/install/ros2_interface/local/lib/python3.10/dist-packages/ros2_interface/action
-- Up-to-date: /home/jaewoo/ros2_ws/install/ros2_interface/local/lib/python3.10/dist-packages/ros2_interface/action/__init__.py
-- Up-to-date: /home/jaewoo/ros2_ws/install/ros2_interface/local/lib/python3.10/dist-packages/ros2_interface/action/_fibonnacci_s.c
-- Up-to-date: /home/jaewoo/ros2_ws/install/ros2_interface/local/lib/python3.10/dist-packages/ros2_interface/action/_fibonnacci.py
-- Up-to-date: /home/jaewoo/ros2_ws/install/ros2_interface/local/lib/python3.10/dist-packages/ros2_interface/srv
-- Up-to-date: /home/jaewoo/ros2_ws/install/ros2_interface/local/lib/python3.10/dist-packages/ros2_interface/srv/__init__.py
-- Up-to-date: /home/jaewoo/ros2_ws/install/ros2_interface/local/lib/python3.10/dist-packages/ros2_interface/srv/_ex_custom_srv.py
-- Up-to-date: /home/jaewoo/ros2_ws/install/ros2_interface/local/lib/python3.10/dist-packages/ros2_interface/srv/_ex_custom_srv_s.c
-- Up-to-date: /home/jaewoo/ros2_ws/install/ros2_interface/local/lib/python3.10/dist-packages/ros2_interface/_ros2_interface_s.ep.rosidl_typesupport_c.c
-- Up-to-date: /home/jaewoo/ros2_ws/install/ros2_interface/local/lib/python3.10/dist-packages/ros2_interface/ros2_interface_s__rosidl_typesupport_introspection_c.cpython-310-x86_64-linux-gnu.so
-- Up-to-date: /home/jaewoo/ros2_ws/install/ros2_interface/local/lib/python3.10/dist-packages/ros2_interface/_ros2_interface_s.ep.rosidl_typesupport_introspection_c.c
-- Up-to-date: /home/jaewoo/ros2_ws/install/ros2_interface/local/lib/python3.10/dist-packages/ros2_interface/_ros2_interface_s.ep.rosidl_typesupport_fastrtps_c.c
-- Up-to-date: /home/jaewoo/ros2_ws/install/ros2_interface/local/lib/python3.10/dist-packages/ros2_interface/libros2_interface__rosidl_generator_py.so
-- Up-to-date: /home/jaewoo/ros2_ws/install/ros2_interface/local/lib/python3.10/dist-packages/ros2_interface/ros2_interface_s__rosidl_typesupport_fastrtps_c.cpython-310-x86_64-linux-gnu.so
Listing '/home/jaewoo/ros2_ws/install/ros2_interface/local/lib/python3.10/dist-packages/ros2_interface'...
Listing '/home/jaewoo/ros2_ws/install/ros2_interface/local/lib/python3.10/dist-packages/ros2_interface/action'...
Listing '/home/jaewoo/ros2_ws/install/ros2_interface/local/lib/python3.10/dist-packages/ros2_interface/srv'...
-- Up-to-date: /home/jaewoo/ros2_ws/install/ros2_interface/local/lib/python3.10/dist-packages/ros2_interface/ros2_interface_s__rosidl_typesupport_fastrtps_c.cpython-310-x86_64-linux-gnu.so
-- Up-to-date: /home/jaewoo/ros2_ws/install/ros2_interface/local/lib/python3.10/dist-packages/ros2_interface/ros2_interface_s__rosidl_typesupport_introspection_c.cpython-310-x86_64-linux-gnu.so
-- Up-to-date: /home/jaewoo/ros2_ws/install/ros2_interface/local/lib/python3.10/dist-packages/ros2_interface/ros2_interface_s__rosidl_typesupport_c.cpython-310-x86_64-linux-gnu.so
-- Up-to-date: /home/jaewoo/ros2_ws/install/ros2_interface/lib/libros2_interface__rosidl_generator_py.so
-- Up-to-date: /home/jaewoo/ros2_ws/install/ros2_interface/share/ros2_interface/srv/ExCustomSrv.idl
-- Up-to-date: /home/jaewoo/ros2_ws/install/ros2_interface/share/ros2_interface/action/Fibonnacci.idl
-- Up-to-date: /home/jaewoo/ros2_ws/install/ros2_interface/share/ros2_interface/srv/ExCustomSrv.srv
-- Up-to-date: /home/jaewoo/ros2_ws/install/ros2_interface/share/ros2_interface/srv/ExCustomSrv_Request.msg
-- Up-to-date: /home/jaewoo/ros2_ws/install/ros2_interface/share/ros2_interface/srv/ExCustomSrv_Response.msg
-- Up-to-date: /home/jaewoo/ros2_ws/install/ros2_interface/share/ros2_interface/action/Fibonnacci.action
-- Up-to-date: /home/jaewoo/ros2_ws/install/ros2_interface/share/ament_index/resource_index/package_run_dependencies/ros2_interface
-- Up-to-date: /home/jaewoo/ros2_ws/install/ros2_interface/share/ament_index/resource_index/parent_prefix_path/ros2_interface
-- Up-to-date: /home/jaewoo/ros2_ws/install/ros2_interface/share/ros2_interface/environment/ament_prefix_path.sh
-- Up-to-date: /home/jaewoo/ros2_ws/install/ros2_interface/share/ros2_interface/environment/ament_prefix_path.dsv
-- Up-to-date: /home/jaewoo/ros2_ws/install/ros2_interface/share/ros2_interface/environment/path.sh
-- Up-to-date: /home/jaewoo/ros2_ws/install/ros2_interface/share/ros2_interface/environment/path.dsv
-- Up-to-date: /home/jaewoo/ros2_ws/install/ros2_interface/share/ros2_interface/local_setup.bash
-- Up-to-date: /home/jaewoo/ros2_ws/install/ros2_interface/share/ros2_interface/local_setup.sh
-- Up-to-date: /home/jaewoo/ros2_ws/install/ros2_interface/share/ros2_interface/local_setup.zsh
-- Up-to-date: /home/jaewoo/ros2_ws/install/ros2_interface/share/ros2_interface/local_setup.dsv
-- Installing: /home/jaewoo/ros2_ws/install/ros2_interface/share/ros2_interface/package.dsv
-- Up-to-date: /home/jaewoo/ros2_ws/install/ros2_interface/share/ament_index/resource_index/packages/ros2_interface
-- Up-to-date: /home/jaewoo/ros2_ws/install/ros2_interface/share/ros2_interface/cmake/export_ros2_interface__rosidl_generator_cExport.cmake
-- Up-to-date: /home/jaewoo/ros2_ws/install/ros2_interface/share/ros2_interface/cmake/export_ros2_interface__rosidl_generator_cExport-noconfig.cmake
-- Up-to-date: /home/jaewoo/ros2_ws/install/ros2_interface/share/ros2_interface/cmake/export_ros2_interface__rosidl_typesupport_fastrtps_cExport.cmake
-- Up-to-date: /home/jaewoo/ros2_ws/install/ros2_interface/share/ros2_interface/cmake/export_ros2_interface__rosidl_typesupport_fastrtps_cExport-noconfig.cmake
-- Up-to-date: /home/jaewoo/ros2_ws/install/ros2_interface/share/ros2_interface/cmake/ros2_interface__rosidl_typesupport_introspection_cExport.cmake
-- Up-to-date: /home/jaewoo/ros2_ws/install/ros2_interface/share/ros2_interface/cmake/ros2_interface__rosidl_typesupport_introspection_cExport-noconfig.cmake
-- Up-to-date: /home/jaewoo/ros2_ws/install/ros2_interface/share/ros2_interface/cmake/ros2_interface__rosidl_typesupport_cExport.cmake
-- Up-to-date: /home/jaewoo/ros2_ws/install/ros2_interface/share/ros2_interface/cmake/ros2_interface__rosidl_typesupport_cExport-noconfig.cmake
-- Up-to-date: /home/jaewoo/ros2_ws/install/ros2_interface/share/ros2_interface/cmake/export_ros2_interface__rosidl_generator_cppExport.cmake
-- Up-to-date: /home/jaewoo/ros2_ws/install/ros2_interface/share/ros2_interface/cmake/export_ros2_interface__rosidl_typesupport_fastrtps_cppExport.cmake
-- Up-to-date: /home/jaewoo/ros2_ws/install/ros2_interface/share/ros2_interface/cmake/export_ros2_interface__rosidl_typesupport_fastrtps_cppExport-noconfig.cmake
-- Up-to-date: /home/jaewoo/ros2_ws/install/ros2_interface/share/ros2_interface/cmake/ros2_interface__rosidl_typesupport_introspection_cppExport.cmake
-- Up-to-date: /home/jaewoo/ros2_ws/install/ros2_interface/share/ros2_interface/cmake/ros2_interface__rosidl_typesupport_introspection_cppExport-noconfig.cmake
-- Up-to-date: /home/jaewoo/ros2_ws/install/ros2_interface/share/ros2_interface/cmake/ros2_interface__rosidl_typesupport_cppExport.cmake
-- Up-to-date: /home/jaewoo/ros2_ws/install/ros2_interface/share/ros2_interface/cmake/ros2_interface__rosidl_typesupport_cppExport-noconfig.cmake
-- Up-to-date: /home/jaewoo/ros2_ws/install/ros2_interface/share/ros2_interface/cmake/export_ros2_interface__rosidl_generator_pyExport.cmake
-- Up-to-date: /home/jaewoo/ros2_ws/install/ros2_interface/share/ros2_interface/cmake/export_ros2_interface__rosidl_generator_pyExport-noconfig.cmake
-- Up-to-date: /home/jaewoo/ros2_ws/install/ros2_interface/share/ros2_interface/cmake/rosidl_cmake-extras.cmake
-- Up-to-date: /home/jaewoo/ros2_ws/install/ros2_interface/share/ros2_interface/cmake/ament_cmake_export_dependencies-extras.cmake
-- Up-to-date: /home/jaewoo/ros2_ws/install/ros2_interface/share/ros2_interface/cmake/ament_cmake_export_include_directories-extras.cmake
-- Up-to-date: /home/jaewoo/ros2_ws/install/ros2_interface/share/ros2_interface/cmake/ament_cmake_export_libraries-extras.cmake
-- Up-to-date: /home/jaewoo/ros2_ws/install/ros2_interface/share/ros2_interface/cmake/ament_cmake_export_targets-extras.cmake
-- Up-to-date: /home/jaewoo/ros2_ws/install/ros2_interface/share/ros2_interface/cmake/rosidl_cmake_export_typesupport_targets-extras.cmake
-- Up-to-date: /home/jaewoo/ros2_ws/install/ros2_interface/share/ros2_interface/cmake/rosidl_cmake_export_typesupport_libraries-extras.cmake
-- Up-to-date: /home/jaewoo/ros2_ws/install/ros2_interface/share/ros2_interface/cmake/ros2_interfaceConfig.cmake
-- Up-to-date: /home/jaewoo/ros2_ws/install/ros2_interface/share/ros2_interface/cmake/ros2_interfaceConfig-version.cmake
-- Up-to-date: /home/jaewoo/ros2_ws/install/ros2_interface/share/ros2_interface/package.xml
