[0.004s] Invoking command in '/home/jaewoo/ros2_ws/build/ros2_interface': CMAKE_PREFIX_PATH=${CMAKE_PREFIX_PATH}:/home/jaewoo/ros2_ws/install/ros2_python:/opt/ros/humble /usr/bin/cmake /home/jaewoo/ros2_ws/src/ros2_interface -DAMENT_CMAKE_SYMLINK_INSTALL=1 -DCMAKE_INSTALL_PREFIX=/home/jaewoo/ros2_ws/install/ros2_interface
[0.064s] -- The C compiler identification is GNU 11.4.0
[0.114s] -- The CXX compiler identification is GNU 11.4.0
[0.120s] -- Detecting C compiler ABI info
[0.172s] -- Detecting C compiler ABI info - done
[0.175s] -- Check for working C compiler: /usr/bin/cc - skipped
[0.176s] -- Detecting C compile features
[0.176s] -- Detecting C compile features - done
[0.177s] -- Detecting CXX compiler ABI info
[0.242s] -- Detecting CXX compiler ABI info - done
[0.247s] -- Check for working CXX compiler: /usr/bin/c++ - skipped
[0.247s] -- Detecting CXX compile features
[0.248s] -- Detecting CXX compile features - done
[0.250s] -- Found ament_cmake: 1.3.13 (/opt/ros/humble/share/ament_cmake/cmake)
[0.375s] -- Found Python3: /usr/bin/python3 (found version "3.10.12") found components: Interpreter 
[0.407s] -- Override CMake install command with custom implementation using symlinks instead of copying resources
[0.421s] -- Found rosidl_default_generators: 1.2.0 (/opt/ros/humble/share/rosidl_default_generators/cmake)
[0.423s] -- Using all available rosidl_typesupport_c: rosidl_typesupport_fastrtps_c;rosidl_typesupport_introspection_c
[0.428s] -- Found rosidl_adapter: 3.1.8 (/opt/ros/humble/share/rosidl_adapter/cmake)
[0.450s] -- Using all available rosidl_typesupport_cpp: rosidl_typesupport_fastrtps_cpp;rosidl_typesupport_introspection_cpp
[0.616s] -- Found ament_cmake_ros: 0.10.0 (/opt/ros/humble/share/ament_cmake_ros/cmake)
[0.713s] -- Using all available rosidl_typesupport_c: rosidl_typesupport_fastrtps_c;rosidl_typesupport_introspection_c
[0.845s] -- Using all available rosidl_typesupport_cpp: rosidl_typesupport_fastrtps_cpp;rosidl_typesupport_introspection_cpp
[0.857s] -- Found PythonInterp: /usr/bin/python3 (found suitable version "3.10.12", minimum required is "3.6") 
[0.858s] -- Found python_cmake_module: 0.10.0 (/opt/ros/humble/share/python_cmake_module/cmake)
[0.873s] -- Found PythonLibs: /usr/lib/x86_64-linux-gnu/libpython3.10.so (found suitable version "3.10.12", minimum required is "3.5") 
[0.873s] -- Using PYTHON_EXECUTABLE: /usr/bin/python3
[0.873s] -- Using PYTHON_INCLUDE_DIRS: /usr/include/python3.10
[0.873s] -- Using PYTHON_LIBRARIES: /usr/lib/x86_64-linux-gnu/libpython3.10.so
[0.888s] -- Found PythonExtra: .so  
[0.925s] -- Found ament_lint_auto: 0.12.15 (/opt/ros/humble/share/ament_lint_auto/cmake)
[0.932s] -- Added test 'lint_cmake' to check CMake code style
[0.932s] -- Added test 'xmllint' to check XML markup files
[0.934s] -- Configuring done
[0.947s] -- Generating done
[0.952s] -- Build files have been written to: /home/jaewoo/ros2_ws/build/ros2_interface
[0.955s] Invoked command in '/home/jaewoo/ros2_ws/build/ros2_interface' returned '0': CMAKE_PREFIX_PATH=${CMAKE_PREFIX_PATH}:/home/jaewoo/ros2_ws/install/ros2_python:/opt/ros/humble /usr/bin/cmake /home/jaewoo/ros2_ws/src/ros2_interface -DAMENT_CMAKE_SYMLINK_INSTALL=1 -DCMAKE_INSTALL_PREFIX=/home/jaewoo/ros2_ws/install/ros2_interface
[0.956s] Invoking command in '/home/jaewoo/ros2_ws/build/ros2_interface': CMAKE_PREFIX_PATH=${CMAKE_PREFIX_PATH}:/home/jaewoo/ros2_ws/install/ros2_python:/opt/ros/humble /usr/bin/cmake --build /home/jaewoo/ros2_ws/build/ros2_interface -- -j28 -l28
[0.991s] [  2%] [34m[1mGenerating C code for ROS interfaces[0m
[1.000s] [  5%] [34m[1mGenerating C++ code for ROS interfaces[0m
[1.002s] [  5%] Built target ament_cmake_python_symlink_ros2_interface
[1.103s] running egg_info
[1.103s] creating ros2_interface.egg-info
[1.103s] writing ros2_interface.egg-info/PKG-INFO
[1.103s] writing dependency_links to ros2_interface.egg-info/dependency_links.txt
[1.103s] writing top-level names to ros2_interface.egg-info/top_level.txt
[1.103s] writing manifest file 'ros2_interface.egg-info/SOURCES.txt'
[1.104s] reading manifest file 'ros2_interface.egg-info/SOURCES.txt'
[1.104s] writing manifest file 'ros2_interface.egg-info/SOURCES.txt'
[1.118s] [  5%] Built target ament_cmake_python_build_ros2_interface_egg
[1.213s] [  7%] [32mBuilding C object CMakeFiles/ros2_interface__rosidl_generator_c.dir/rosidl_generator_c/ros2_interface/action/detail/fibonacci__functions.c.o[0m
[1.214s] [ 10%] [32mBuilding C object CMakeFiles/ros2_interface__rosidl_generator_c.dir/rosidl_generator_c/ros2_interface/srv/detail/ex_custom_srv__functions.c.o[0m
[1.217s] [ 10%] Built target ros2_interface__cpp
[1.222s] [ 15%] [34m[1mGenerating C++ type support for eProsima Fast-RTPS[0m
[1.222s] [ 15%] [34m[1mGenerating C++ introspection for ROS interfaces[0m
[1.223s] [ 17%] [34m[1mGenerating C++ type support dispatch for ROS interfaces[0m
[1.278s] [ 20%] [32m[1mLinking C shared library libros2_interface__rosidl_generator_c.so[0m
[1.298s] [ 20%] Built target ros2_interface__rosidl_generator_c
[1.305s] [ 25%] [34m[1mGenerating C type support for eProsima Fast-RTPS[0m
[1.305s] [ 25%] [34m[1mGenerating C type support dispatch for ROS interfaces[0m
[1.305s] [ 28%] [34m[1mGenerating C introspection for ROS interfaces[0m
[1.385s] [ 30%] [32mBuilding CXX object CMakeFiles/ros2_interface__rosidl_typesupport_cpp.dir/rosidl_typesupport_cpp/ros2_interface/srv/ex_custom_srv__type_support.cpp.o[0m
[1.385s] [ 33%] [32mBuilding CXX object CMakeFiles/ros2_interface__rosidl_typesupport_cpp.dir/rosidl_typesupport_cpp/ros2_interface/action/fibonacci__type_support.cpp.o[0m
[1.392s] [ 38%] [32mBuilding CXX object CMakeFiles/ros2_interface__rosidl_typesupport_introspection_cpp.dir/rosidl_typesupport_introspection_cpp/ros2_interface/srv/detail/ex_custom_srv__type_support.cpp.o[0m
[1.392s] [ 38%] [32mBuilding CXX object CMakeFiles/ros2_interface__rosidl_typesupport_introspection_cpp.dir/rosidl_typesupport_introspection_cpp/ros2_interface/action/detail/fibonacci__type_support.cpp.o[0m
[1.420s] [ 41%] [32mBuilding CXX object CMakeFiles/ros2_interface__rosidl_typesupport_fastrtps_cpp.dir/rosidl_typesupport_fastrtps_cpp/ros2_interface/action/detail/dds_fastrtps/fibonacci__type_support.cpp.o[0m
[1.420s] [ 43%] [32mBuilding CXX object CMakeFiles/ros2_interface__rosidl_typesupport_fastrtps_cpp.dir/rosidl_typesupport_fastrtps_cpp/ros2_interface/srv/detail/dds_fastrtps/ex_custom_srv__type_support.cpp.o[0m
[1.451s] [ 48%] [32mBuilding CXX object CMakeFiles/ros2_interface__rosidl_typesupport_c.dir/rosidl_typesupport_c/ros2_interface/action/fibonacci__type_support.cpp.o[0m
[1.451s] [ 48%] [32mBuilding CXX object CMakeFiles/ros2_interface__rosidl_typesupport_c.dir/rosidl_typesupport_c/ros2_interface/srv/ex_custom_srv__type_support.cpp.o[0m
[1.484s] [ 51%] [32m[1mLinking CXX shared library libros2_interface__rosidl_typesupport_c.so[0m
[1.489s] [ 53%] [32mBuilding C object CMakeFiles/ros2_interface__rosidl_typesupport_introspection_c.dir/rosidl_typesupport_introspection_c/ros2_interface/action/detail/fibonacci__type_support.c.o[0m
[1.491s] [ 56%] [32mBuilding C object CMakeFiles/ros2_interface__rosidl_typesupport_introspection_c.dir/rosidl_typesupport_introspection_c/ros2_interface/srv/detail/ex_custom_srv__type_support.c.o[0m
[1.500s] [ 61%] [32mBuilding CXX object CMakeFiles/ros2_interface__rosidl_typesupport_fastrtps_c.dir/rosidl_typesupport_fastrtps_c/ros2_interface/action/detail/fibonacci__type_support_c.cpp.o[0m
[1.500s] [ 61%] [32mBuilding CXX object CMakeFiles/ros2_interface__rosidl_typesupport_fastrtps_c.dir/rosidl_typesupport_fastrtps_c/ros2_interface/srv/detail/ex_custom_srv__type_support_c.cpp.o[0m
[1.511s] [ 61%] Built target ros2_interface__rosidl_typesupport_c
[1.513s] [ 64%] [32m[1mLinking C shared library libros2_interface__rosidl_typesupport_introspection_c.so[0m
[1.531s] [ 64%] Built target ros2_interface__rosidl_typesupport_introspection_c
[1.575s] [ 66%] [32m[1mLinking CXX shared library libros2_interface__rosidl_typesupport_cpp.so[0m
[1.598s] [ 66%] Built target ros2_interface__rosidl_typesupport_cpp
[1.666s] [ 69%] [32m[1mLinking CXX shared library libros2_interface__rosidl_typesupport_fastrtps_cpp.so[0m
[1.683s] [ 71%] [32m[1mLinking CXX shared library libros2_interface__rosidl_typesupport_fastrtps_c.so[0m
[1.706s] [ 71%] Built target ros2_interface__rosidl_typesupport_fastrtps_cpp
[1.713s] [ 74%] [32m[1mLinking CXX shared library libros2_interface__rosidl_typesupport_introspection_cpp.so[0m
[1.718s] [ 74%] Built target ros2_interface__rosidl_typesupport_fastrtps_c
[1.760s] [ 74%] Built target ros2_interface__rosidl_typesupport_introspection_cpp
[1.792s] [ 74%] Built target ros2_interface
[1.817s] [ 76%] [34m[1mGenerating Python code for ROS interfaces[0m
[2.187s] [ 76%] Built target ros2_interface__py
[2.199s] [ 79%] [32mBuilding C object CMakeFiles/ros2_interface__rosidl_generator_py.dir/rosidl_generator_py/ros2_interface/srv/_ex_custom_srv_s.c.o[0m
[2.199s] [ 82%] [32mBuilding C object CMakeFiles/ros2_interface__rosidl_generator_py.dir/rosidl_generator_py/ros2_interface/action/_fibonacci_s.c.o[0m
[2.268s] [ 84%] [32m[1mLinking C shared library rosidl_generator_py/ros2_interface/libros2_interface__rosidl_generator_py.so[0m
[2.302s] [ 84%] Built target ros2_interface__rosidl_generator_py
[2.334s] [ 87%] [32mBuilding C object CMakeFiles/ros2_interface__rosidl_typesupport_c__pyext.dir/rosidl_generator_py/ros2_interface/_ros2_interface_s.ep.rosidl_typesupport_c.c.o[0m
[2.335s] [ 92%] [32mBuilding C object CMakeFiles/ros2_interface__rosidl_typesupport_fastrtps_c__pyext.dir/rosidl_generator_py/ros2_interface/_ros2_interface_s.ep.rosidl_typesupport_fastrtps_c.c.o[0m
[2.335s] [ 92%] [32mBuilding C object CMakeFiles/ros2_interface__rosidl_typesupport_introspection_c__pyext.dir/rosidl_generator_py/ros2_interface/_ros2_interface_s.ep.rosidl_typesupport_introspection_c.c.o[0m
[2.394s] [ 94%] [32m[1mLinking C shared library rosidl_generator_py/ros2_interface/ros2_interface_s__rosidl_typesupport_c.cpython-310-x86_64-linux-gnu.so[0m
[2.394s] [100%] [32m[1mLinking C shared library rosidl_generator_py/ros2_interface/ros2_interface_s__rosidl_typesupport_fastrtps_c.cpython-310-x86_64-linux-gnu.so[0m
[2.394s] [100%] [32m[1mLinking C shared library rosidl_generator_py/ros2_interface/ros2_interface_s__rosidl_typesupport_introspection_c.cpython-310-x86_64-linux-gnu.so[0m
[2.417s] [100%] Built target ros2_interface__rosidl_typesupport_c__pyext
[2.421s] [100%] Built target ros2_interface__rosidl_typesupport_introspection_c__pyext
[2.421s] [100%] Built target ros2_interface__rosidl_typesupport_fastrtps_c__pyext
[2.428s] Invoked command in '/home/jaewoo/ros2_ws/build/ros2_interface' returned '0': CMAKE_PREFIX_PATH=${CMAKE_PREFIX_PATH}:/home/jaewoo/ros2_ws/install/ros2_python:/opt/ros/humble /usr/bin/cmake --build /home/jaewoo/ros2_ws/build/ros2_interface -- -j28 -l28
[2.437s] Invoking command in '/home/jaewoo/ros2_ws/build/ros2_interface': CMAKE_PREFIX_PATH=${CMAKE_PREFIX_PATH}:/home/jaewoo/ros2_ws/install/ros2_python:/opt/ros/humble /usr/bin/cmake --install /home/jaewoo/ros2_ws/build/ros2_interface
[2.445s] -- Install configuration: ""
[2.445s] -- Execute custom install script
[2.446s] -- Symlinking: /home/jaewoo/ros2_ws/install/ros2_interface/share/ament_index/resource_index/rosidl_interfaces/ros2_interface
[2.454s] -- Symlinking: /home/jaewoo/ros2_ws/install/ros2_interface/include/ros2_interface/ros2_interface/action/detail/fibonacci__functions.h
[2.466s] -- Symlinking: /home/jaewoo/ros2_ws/install/ros2_interface/include/ros2_interface/ros2_interface/action/detail/fibonacci__struct.h
[2.474s] -- Symlinking: /home/jaewoo/ros2_ws/install/ros2_interface/include/ros2_interface/ros2_interface/action/detail/fibonacci__type_support.h
[2.484s] -- Symlinking: /home/jaewoo/ros2_ws/install/ros2_interface/include/ros2_interface/ros2_interface/action/fibonacci.h
[2.495s] -- Symlinking: /home/jaewoo/ros2_ws/install/ros2_interface/include/ros2_interface/ros2_interface/msg/rosidl_generator_c__visibility_control.h
[2.505s] -- Symlinking: /home/jaewoo/ros2_ws/install/ros2_interface/include/ros2_interface/ros2_interface/srv/detail/ex_custom_srv__functions.h
[2.514s] -- Symlinking: /home/jaewoo/ros2_ws/install/ros2_interface/include/ros2_interface/ros2_interface/srv/detail/ex_custom_srv__struct.h
[2.523s] -- Symlinking: /home/jaewoo/ros2_ws/install/ros2_interface/include/ros2_interface/ros2_interface/srv/detail/ex_custom_srv__type_support.h
[2.530s] -- Symlinking: /home/jaewoo/ros2_ws/install/ros2_interface/include/ros2_interface/ros2_interface/srv/ex_custom_srv.h
[2.542s] -- Symlinking: /home/jaewoo/ros2_ws/install/ros2_interface/share/ros2_interface/environment/library_path.sh
[2.552s] -- Symlinking: /home/jaewoo/ros2_ws/install/ros2_interface/share/ros2_interface/environment/library_path.dsv
[2.558s] -- Symlinking: /home/jaewoo/ros2_ws/install/ros2_interface/include/ros2_interface/ros2_interface/action/detail/fibonacci__rosidl_typesupport_fastrtps_c.h
[2.563s] -- Symlinking: /home/jaewoo/ros2_ws/install/ros2_interface/include/ros2_interface/ros2_interface/msg/rosidl_typesupport_fastrtps_c__visibility_control.h
[2.569s] -- Symlinking: /home/jaewoo/ros2_ws/install/ros2_interface/include/ros2_interface/ros2_interface/srv/detail/ex_custom_srv__rosidl_typesupport_fastrtps_c.h
[2.577s] -- Symlinking: /home/jaewoo/ros2_ws/install/ros2_interface/include/ros2_interface/ros2_interface/action/detail/fibonacci__rosidl_typesupport_introspection_c.h
[2.585s] -- Symlinking: /home/jaewoo/ros2_ws/install/ros2_interface/include/ros2_interface/ros2_interface/msg/rosidl_typesupport_introspection_c__visibility_control.h
[2.594s] -- Symlinking: /home/jaewoo/ros2_ws/install/ros2_interface/include/ros2_interface/ros2_interface/srv/detail/ex_custom_srv__rosidl_typesupport_introspection_c.h
[2.599s] -- Symlinking: /home/jaewoo/ros2_ws/install/ros2_interface/include/ros2_interface/ros2_interface/action/detail/fibonacci__builder.hpp
[2.606s] -- Symlinking: /home/jaewoo/ros2_ws/install/ros2_interface/include/ros2_interface/ros2_interface/action/detail/fibonacci__struct.hpp
[2.609s] -- Symlinking: /home/jaewoo/ros2_ws/install/ros2_interface/include/ros2_interface/ros2_interface/action/detail/fibonacci__traits.hpp
[2.615s] -- Symlinking: /home/jaewoo/ros2_ws/install/ros2_interface/include/ros2_interface/ros2_interface/action/detail/fibonacci__type_support.hpp
[2.625s] -- Symlinking: /home/jaewoo/ros2_ws/install/ros2_interface/include/ros2_interface/ros2_interface/action/fibonacci.hpp
[2.633s] -- Symlinking: /home/jaewoo/ros2_ws/install/ros2_interface/include/ros2_interface/ros2_interface/msg/rosidl_generator_cpp__visibility_control.hpp
[2.637s] -- Symlinking: /home/jaewoo/ros2_ws/install/ros2_interface/include/ros2_interface/ros2_interface/srv/detail/ex_custom_srv__builder.hpp
[2.641s] -- Symlinking: /home/jaewoo/ros2_ws/install/ros2_interface/include/ros2_interface/ros2_interface/srv/detail/ex_custom_srv__struct.hpp
[2.646s] -- Symlinking: /home/jaewoo/ros2_ws/install/ros2_interface/include/ros2_interface/ros2_interface/srv/detail/ex_custom_srv__traits.hpp
[2.651s] -- Symlinking: /home/jaewoo/ros2_ws/install/ros2_interface/include/ros2_interface/ros2_interface/srv/detail/ex_custom_srv__type_support.hpp
[2.656s] -- Symlinking: /home/jaewoo/ros2_ws/install/ros2_interface/include/ros2_interface/ros2_interface/srv/ex_custom_srv.hpp
[2.661s] -- Symlinking: /home/jaewoo/ros2_ws/install/ros2_interface/include/ros2_interface/ros2_interface/action/detail/fibonacci__rosidl_typesupport_fastrtps_cpp.hpp
[2.665s] -- Symlinking: /home/jaewoo/ros2_ws/install/ros2_interface/include/ros2_interface/ros2_interface/msg/rosidl_typesupport_fastrtps_cpp__visibility_control.h
[2.669s] -- Symlinking: /home/jaewoo/ros2_ws/install/ros2_interface/include/ros2_interface/ros2_interface/srv/detail/ex_custom_srv__rosidl_typesupport_fastrtps_cpp.hpp
[2.674s] -- Symlinking: /home/jaewoo/ros2_ws/install/ros2_interface/include/ros2_interface/ros2_interface/action/detail/fibonacci__rosidl_typesupport_introspection_cpp.hpp
[2.679s] -- Symlinking: /home/jaewoo/ros2_ws/install/ros2_interface/include/ros2_interface/ros2_interface/srv/detail/ex_custom_srv__rosidl_typesupport_introspection_cpp.hpp
[2.684s] -- Symlinking: /home/jaewoo/ros2_ws/install/ros2_interface/share/ros2_interface/environment/pythonpath.sh
[2.689s] -- Symlinking: /home/jaewoo/ros2_ws/install/ros2_interface/share/ros2_interface/environment/pythonpath.dsv
[2.693s] -- Symlinking: /home/jaewoo/ros2_ws/install/ros2_interface/local/lib/python3.10/dist-packages/ros2_interface-0.0.0-py3.10.egg-info/PKG-INFO
[2.697s] -- Symlinking: /home/jaewoo/ros2_ws/install/ros2_interface/local/lib/python3.10/dist-packages/ros2_interface-0.0.0-py3.10.egg-info/SOURCES.txt
[2.702s] -- Symlinking: /home/jaewoo/ros2_ws/install/ros2_interface/local/lib/python3.10/dist-packages/ros2_interface-0.0.0-py3.10.egg-info/dependency_links.txt
[2.707s] -- Symlinking: /home/jaewoo/ros2_ws/install/ros2_interface/local/lib/python3.10/dist-packages/ros2_interface-0.0.0-py3.10.egg-info/top_level.txt
[2.710s] -- Symlinking: /home/jaewoo/ros2_ws/install/ros2_interface/local/lib/python3.10/dist-packages/ros2_interface/__init__.py
[2.715s] -- Symlinking: /home/jaewoo/ros2_ws/install/ros2_interface/local/lib/python3.10/dist-packages/ros2_interface/_ros2_interface_s.ep.rosidl_typesupport_c.c
[2.720s] -- Symlinking: /home/jaewoo/ros2_ws/install/ros2_interface/local/lib/python3.10/dist-packages/ros2_interface/_ros2_interface_s.ep.rosidl_typesupport_fastrtps_c.c
[2.725s] -- Symlinking: /home/jaewoo/ros2_ws/install/ros2_interface/local/lib/python3.10/dist-packages/ros2_interface/_ros2_interface_s.ep.rosidl_typesupport_introspection_c.c
[2.730s] -- Symlinking: /home/jaewoo/ros2_ws/install/ros2_interface/local/lib/python3.10/dist-packages/ros2_interface/action/__init__.py
[2.734s] -- Symlinking: /home/jaewoo/ros2_ws/install/ros2_interface/local/lib/python3.10/dist-packages/ros2_interface/action/_fibonacci.py
[2.739s] -- Symlinking: /home/jaewoo/ros2_ws/install/ros2_interface/local/lib/python3.10/dist-packages/ros2_interface/action/_fibonacci_s.c
[2.745s] -- Symlinking: /home/jaewoo/ros2_ws/install/ros2_interface/local/lib/python3.10/dist-packages/ros2_interface/libros2_interface__rosidl_generator_py.so
[2.751s] -- Symlinking: /home/jaewoo/ros2_ws/install/ros2_interface/local/lib/python3.10/dist-packages/ros2_interface/ros2_interface_s__rosidl_typesupport_c.cpython-310-x86_64-linux-gnu.so
[2.756s] -- Symlinking: /home/jaewoo/ros2_ws/install/ros2_interface/local/lib/python3.10/dist-packages/ros2_interface/ros2_interface_s__rosidl_typesupport_fastrtps_c.cpython-310-x86_64-linux-gnu.so
[2.760s] -- Symlinking: /home/jaewoo/ros2_ws/install/ros2_interface/local/lib/python3.10/dist-packages/ros2_interface/ros2_interface_s__rosidl_typesupport_introspection_c.cpython-310-x86_64-linux-gnu.so
[2.764s] -- Symlinking: /home/jaewoo/ros2_ws/install/ros2_interface/local/lib/python3.10/dist-packages/ros2_interface/srv/__init__.py
[2.769s] -- Symlinking: /home/jaewoo/ros2_ws/install/ros2_interface/local/lib/python3.10/dist-packages/ros2_interface/srv/_ex_custom_srv.py
[2.773s] -- Symlinking: /home/jaewoo/ros2_ws/install/ros2_interface/local/lib/python3.10/dist-packages/ros2_interface/srv/_ex_custom_srv_s.c
[2.781s] -- Up-to-date symlink: /home/jaewoo/ros2_ws/install/ros2_interface/local/lib/python3.10/dist-packages/ros2_interface/ros2_interface_s__rosidl_typesupport_fastrtps_c.cpython-310-x86_64-linux-gnu.so
[2.782s] -- Up-to-date symlink: /home/jaewoo/ros2_ws/install/ros2_interface/local/lib/python3.10/dist-packages/ros2_interface/ros2_interface_s__rosidl_typesupport_introspection_c.cpython-310-x86_64-linux-gnu.so
[2.782s] -- Up-to-date symlink: /home/jaewoo/ros2_ws/install/ros2_interface/local/lib/python3.10/dist-packages/ros2_interface/ros2_interface_s__rosidl_typesupport_c.cpython-310-x86_64-linux-gnu.so
[2.782s] -- Symlinking: /home/jaewoo/ros2_ws/install/ros2_interface/share/ros2_interface/srv/ExCustomSrv.idl
[2.788s] -- Symlinking: /home/jaewoo/ros2_ws/install/ros2_interface/share/ros2_interface/action/Fibonacci.idl
[2.792s] -- Symlinking: /home/jaewoo/ros2_ws/install/ros2_interface/share/ros2_interface/srv/ExCustomSrv.srv
[2.797s] -- Symlinking: /home/jaewoo/ros2_ws/install/ros2_interface/share/ros2_interface/srv/ExCustomSrv_Request.msg
[2.801s] -- Symlinking: /home/jaewoo/ros2_ws/install/ros2_interface/share/ros2_interface/srv/ExCustomSrv_Response.msg
[2.806s] -- Symlinking: /home/jaewoo/ros2_ws/install/ros2_interface/share/ros2_interface/action/Fibonacci.action
[2.810s] -- Symlinking: /home/jaewoo/ros2_ws/install/ros2_interface/share/ament_index/resource_index/package_run_dependencies/ros2_interface
[2.815s] -- Symlinking: /home/jaewoo/ros2_ws/install/ros2_interface/share/ament_index/resource_index/parent_prefix_path/ros2_interface
[2.820s] -- Symlinking: /home/jaewoo/ros2_ws/install/ros2_interface/share/ros2_interface/environment/ament_prefix_path.sh
[2.826s] -- Symlinking: /home/jaewoo/ros2_ws/install/ros2_interface/share/ros2_interface/environment/ament_prefix_path.dsv
[2.831s] -- Symlinking: /home/jaewoo/ros2_ws/install/ros2_interface/share/ros2_interface/environment/path.sh
[2.835s] -- Symlinking: /home/jaewoo/ros2_ws/install/ros2_interface/share/ros2_interface/environment/path.dsv
[2.841s] -- Symlinking: /home/jaewoo/ros2_ws/install/ros2_interface/share/ros2_interface/local_setup.bash
[2.846s] -- Symlinking: /home/jaewoo/ros2_ws/install/ros2_interface/share/ros2_interface/local_setup.sh
[2.850s] -- Symlinking: /home/jaewoo/ros2_ws/install/ros2_interface/share/ros2_interface/local_setup.zsh
[2.853s] -- Symlinking: /home/jaewoo/ros2_ws/install/ros2_interface/share/ros2_interface/local_setup.dsv
[2.858s] -- Symlinking: /home/jaewoo/ros2_ws/install/ros2_interface/share/ros2_interface/package.dsv
[2.861s] -- Symlinking: /home/jaewoo/ros2_ws/install/ros2_interface/share/ament_index/resource_index/packages/ros2_interface
[2.866s] -- Symlinking: /home/jaewoo/ros2_ws/install/ros2_interface/share/ros2_interface/cmake/rosidl_cmake-extras.cmake
[2.871s] -- Symlinking: /home/jaewoo/ros2_ws/install/ros2_interface/share/ros2_interface/cmake/ament_cmake_export_dependencies-extras.cmake
[2.874s] -- Symlinking: /home/jaewoo/ros2_ws/install/ros2_interface/share/ros2_interface/cmake/ament_cmake_export_include_directories-extras.cmake
[2.878s] -- Symlinking: /home/jaewoo/ros2_ws/install/ros2_interface/share/ros2_interface/cmake/ament_cmake_export_libraries-extras.cmake
[2.881s] -- Symlinking: /home/jaewoo/ros2_ws/install/ros2_interface/share/ros2_interface/cmake/ament_cmake_export_targets-extras.cmake
[2.885s] -- Symlinking: /home/jaewoo/ros2_ws/install/ros2_interface/share/ros2_interface/cmake/rosidl_cmake_export_typesupport_targets-extras.cmake
[2.890s] -- Symlinking: /home/jaewoo/ros2_ws/install/ros2_interface/share/ros2_interface/cmake/rosidl_cmake_export_typesupport_libraries-extras.cmake
[2.896s] -- Symlinking: /home/jaewoo/ros2_ws/install/ros2_interface/share/ros2_interface/cmake/ros2_interfaceConfig.cmake
[2.902s] -- Symlinking: /home/jaewoo/ros2_ws/install/ros2_interface/share/ros2_interface/cmake/ros2_interfaceConfig-version.cmake
[2.907s] -- Symlinking: /home/jaewoo/ros2_ws/install/ros2_interface/share/ros2_interface/package.xml
[2.913s] -- Installing: /home/jaewoo/ros2_ws/install/ros2_interface/lib/libros2_interface__rosidl_generator_c.so
[2.913s] -- Set runtime path of "/home/jaewoo/ros2_ws/install/ros2_interface/lib/libros2_interface__rosidl_generator_c.so" to ""
[2.913s] -- Installing: /home/jaewoo/ros2_ws/install/ros2_interface/lib/libros2_interface__rosidl_typesupport_fastrtps_c.so
[2.913s] -- Set runtime path of "/home/jaewoo/ros2_ws/install/ros2_interface/lib/libros2_interface__rosidl_typesupport_fastrtps_c.so" to ""
[2.913s] -- Installing: /home/jaewoo/ros2_ws/install/ros2_interface/lib/libros2_interface__rosidl_typesupport_introspection_c.so
[2.913s] -- Set runtime path of "/home/jaewoo/ros2_ws/install/ros2_interface/lib/libros2_interface__rosidl_typesupport_introspection_c.so" to ""
[2.913s] -- Installing: /home/jaewoo/ros2_ws/install/ros2_interface/lib/libros2_interface__rosidl_typesupport_c.so
[2.913s] -- Set runtime path of "/home/jaewoo/ros2_ws/install/ros2_interface/lib/libros2_interface__rosidl_typesupport_c.so" to ""
[2.913s] -- Installing: /home/jaewoo/ros2_ws/install/ros2_interface/lib/libros2_interface__rosidl_typesupport_fastrtps_cpp.so
[2.913s] -- Set runtime path of "/home/jaewoo/ros2_ws/install/ros2_interface/lib/libros2_interface__rosidl_typesupport_fastrtps_cpp.so" to ""
[2.913s] -- Installing: /home/jaewoo/ros2_ws/install/ros2_interface/lib/libros2_interface__rosidl_typesupport_introspection_cpp.so
[2.914s] -- Set runtime path of "/home/jaewoo/ros2_ws/install/ros2_interface/lib/libros2_interface__rosidl_typesupport_introspection_cpp.so" to ""
[2.914s] -- Installing: /home/jaewoo/ros2_ws/install/ros2_interface/lib/libros2_interface__rosidl_typesupport_cpp.so
[2.914s] -- Set runtime path of "/home/jaewoo/ros2_ws/install/ros2_interface/lib/libros2_interface__rosidl_typesupport_cpp.so" to ""
[2.933s] Listing '/home/jaewoo/ros2_ws/install/ros2_interface/local/lib/python3.10/dist-packages/ros2_interface'...
[2.933s] Compiling '/home/jaewoo/ros2_ws/install/ros2_interface/local/lib/python3.10/dist-packages/ros2_interface/__init__.py'...
[2.933s] Listing '/home/jaewoo/ros2_ws/install/ros2_interface/local/lib/python3.10/dist-packages/ros2_interface/action'...
[2.933s] Compiling '/home/jaewoo/ros2_ws/install/ros2_interface/local/lib/python3.10/dist-packages/ros2_interface/action/__init__.py'...
[2.933s] Compiling '/home/jaewoo/ros2_ws/install/ros2_interface/local/lib/python3.10/dist-packages/ros2_interface/action/_fibonacci.py'...
[2.933s] Listing '/home/jaewoo/ros2_ws/install/ros2_interface/local/lib/python3.10/dist-packages/ros2_interface/srv'...
[2.933s] Compiling '/home/jaewoo/ros2_ws/install/ros2_interface/local/lib/python3.10/dist-packages/ros2_interface/srv/__init__.py'...
[2.933s] Compiling '/home/jaewoo/ros2_ws/install/ros2_interface/local/lib/python3.10/dist-packages/ros2_interface/srv/_ex_custom_srv.py'...
[2.935s] -- Installing: /home/jaewoo/ros2_ws/install/ros2_interface/lib/libros2_interface__rosidl_generator_py.so
[2.935s] -- Set runtime path of "/home/jaewoo/ros2_ws/install/ros2_interface/lib/libros2_interface__rosidl_generator_py.so" to ""
[2.935s] -- Installing: /home/jaewoo/ros2_ws/install/ros2_interface/share/ros2_interface/cmake/export_ros2_interface__rosidl_generator_cExport.cmake
[2.935s] -- Installing: /home/jaewoo/ros2_ws/install/ros2_interface/share/ros2_interface/cmake/export_ros2_interface__rosidl_generator_cExport-noconfig.cmake
[2.935s] -- Installing: /home/jaewoo/ros2_ws/install/ros2_interface/share/ros2_interface/cmake/export_ros2_interface__rosidl_typesupport_fastrtps_cExport.cmake
[2.935s] -- Installing: /home/jaewoo/ros2_ws/install/ros2_interface/share/ros2_interface/cmake/export_ros2_interface__rosidl_typesupport_fastrtps_cExport-noconfig.cmake
[2.935s] -- Installing: /home/jaewoo/ros2_ws/install/ros2_interface/share/ros2_interface/cmake/ros2_interface__rosidl_typesupport_introspection_cExport.cmake
[2.935s] -- Installing: /home/jaewoo/ros2_ws/install/ros2_interface/share/ros2_interface/cmake/ros2_interface__rosidl_typesupport_introspection_cExport-noconfig.cmake
[2.935s] -- Installing: /home/jaewoo/ros2_ws/install/ros2_interface/share/ros2_interface/cmake/ros2_interface__rosidl_typesupport_cExport.cmake
[2.935s] -- Installing: /home/jaewoo/ros2_ws/install/ros2_interface/share/ros2_interface/cmake/ros2_interface__rosidl_typesupport_cExport-noconfig.cmake
[2.935s] -- Installing: /home/jaewoo/ros2_ws/install/ros2_interface/share/ros2_interface/cmake/export_ros2_interface__rosidl_generator_cppExport.cmake
[2.935s] -- Installing: /home/jaewoo/ros2_ws/install/ros2_interface/share/ros2_interface/cmake/export_ros2_interface__rosidl_typesupport_fastrtps_cppExport.cmake
[2.935s] -- Installing: /home/jaewoo/ros2_ws/install/ros2_interface/share/ros2_interface/cmake/export_ros2_interface__rosidl_typesupport_fastrtps_cppExport-noconfig.cmake
[2.935s] -- Installing: /home/jaewoo/ros2_ws/install/ros2_interface/share/ros2_interface/cmake/ros2_interface__rosidl_typesupport_introspection_cppExport.cmake
[2.935s] -- Installing: /home/jaewoo/ros2_ws/install/ros2_interface/share/ros2_interface/cmake/ros2_interface__rosidl_typesupport_introspection_cppExport-noconfig.cmake
[2.935s] -- Installing: /home/jaewoo/ros2_ws/install/ros2_interface/share/ros2_interface/cmake/ros2_interface__rosidl_typesupport_cppExport.cmake
[2.936s] -- Installing: /home/jaewoo/ros2_ws/install/ros2_interface/share/ros2_interface/cmake/ros2_interface__rosidl_typesupport_cppExport-noconfig.cmake
[2.936s] -- Installing: /home/jaewoo/ros2_ws/install/ros2_interface/share/ros2_interface/cmake/export_ros2_interface__rosidl_generator_pyExport.cmake
[2.936s] -- Installing: /home/jaewoo/ros2_ws/install/ros2_interface/share/ros2_interface/cmake/export_ros2_interface__rosidl_generator_pyExport-noconfig.cmake
[2.937s] Invoked command in '/home/jaewoo/ros2_ws/build/ros2_interface' returned '0': CMAKE_PREFIX_PATH=${CMAKE_PREFIX_PATH}:/home/jaewoo/ros2_ws/install/ros2_python:/opt/ros/humble /usr/bin/cmake --install /home/jaewoo/ros2_ws/build/ros2_interface
