[0.006s] Invoking command in '/home/jaewoo/ros2_ws/build/ros2_interface': CMAKE_PREFIX_PATH=${CMAKE_PREFIX_PATH}:/home/jaewoo/ros2_ws/install/ros2_python:/opt/ros/humble /usr/bin/cmake --build /home/jaewoo/ros2_ws/build/ros2_interface -- -j28 -l28
[0.043s] -- Found ament_cmake: 1.3.13 (/opt/ros/humble/share/ament_cmake/cmake)
[0.143s] -- Found rosidl_default_generators: 1.2.0 (/opt/ros/humble/share/rosidl_default_generators/cmake)
[0.144s] -- Using all available rosidl_typesupport_c: rosidl_typesupport_fastrtps_c;rosidl_typesupport_introspection_c
[0.146s] -- Found rosidl_adapter: 3.1.8 (/opt/ros/humble/share/rosidl_adapter/cmake)
[0.165s] -- Using all available rosidl_typesupport_cpp: rosidl_typesupport_fastrtps_cpp;rosidl_typesupport_introspection_cpp
[0.373s] -- Found ament_cmake_ros: 0.10.0 (/opt/ros/humble/share/ament_cmake_ros/cmake)
[0.526s] -- Using all available rosidl_typesupport_c: rosidl_typesupport_fastrtps_c;rosidl_typesupport_introspection_c
[0.726s] -- Using all available rosidl_typesupport_cpp: rosidl_typesupport_fastrtps_cpp;rosidl_typesupport_introspection_cpp
[0.747s] -- Found python_cmake_module: 0.10.0 (/opt/ros/humble/share/python_cmake_module/cmake)
[0.765s] -- Using PYTHON_EXECUTABLE: /usr/bin/python3
[0.766s] -- Using PYTHON_INCLUDE_DIRS: /usr/include/python3.10
[0.766s] -- Using PYTHON_LIBRARIES: /usr/lib/x86_64-linux-gnu/libpython3.10.so
[0.783s] -- Found ament_lint_auto: 0.12.15 (/opt/ros/humble/share/ament_lint_auto/cmake)
[0.793s] -- Added test 'lint_cmake' to check CMake code style
[0.794s] -- Added test 'xmllint' to check XML markup files
[0.795s] -- Configuring done
[0.816s] -- Generating done
[0.821s] -- Build files have been written to: /home/jaewoo/ros2_ws/build/ros2_interface
[0.836s] [  2%] [34m[1mGenerating C code for ROS interfaces[0m
[0.844s] [  5%] [34m[1mGenerating C++ code for ROS interfaces[0m
[0.847s] [  5%] Built target ament_cmake_python_copy_ros2_interface
[0.947s] running egg_info
[0.948s] writing ros2_interface.egg-info/PKG-INFO
[0.948s] writing dependency_links to ros2_interface.egg-info/dependency_links.txt
[0.948s] writing top-level names to ros2_interface.egg-info/top_level.txt
[0.949s] reading manifest file 'ros2_interface.egg-info/SOURCES.txt'
[0.949s] writing manifest file 'ros2_interface.egg-info/SOURCES.txt'
[0.963s] [  5%] Built target ament_cmake_python_build_ros2_interface_egg
[1.050s] [35m[1mConsolidate compiler generated dependencies of target ros2_interface__rosidl_generator_c[0m
[1.058s] [  7%] [32mBuilding C object CMakeFiles/ros2_interface__rosidl_generator_c.dir/rosidl_generator_c/ros2_interface/srv/detail/ex_custom_srv__functions.c.o[0m
[1.058s] [ 10%] [32mBuilding C object CMakeFiles/ros2_interface__rosidl_generator_c.dir/rosidl_generator_c/ros2_interface/action/detail/fibonnacci__functions.c.o[0m
[1.066s] [ 10%] Built target ros2_interface__cpp
[1.072s] [ 12%] [34m[1mGenerating C++ type support dispatch for ROS interfaces[0m
[1.072s] [ 15%] [34m[1mGenerating C++ type support for eProsima Fast-RTPS[0m
[1.073s] [ 17%] [34m[1mGenerating C++ introspection for ROS interfaces[0m
[1.132s] [ 20%] [32m[1mLinking C shared library libros2_interface__rosidl_generator_c.so[0m
[1.160s] [ 20%] Built target ros2_interface__rosidl_generator_c
[1.166s] [ 28%] [34m[1mGenerating C type support dispatch for ROS interfaces[0m
[1.166s] [ 28%] [34m[1mGenerating C introspection for ROS interfaces[0m
[1.167s] [ 28%] [34m[1mGenerating C type support for eProsima Fast-RTPS[0m
[1.219s] [35m[1mConsolidate compiler generated dependencies of target ros2_interface__rosidl_typesupport_cpp[0m
[1.226s] [ 30%] [32mBuilding CXX object CMakeFiles/ros2_interface__rosidl_typesupport_cpp.dir/rosidl_typesupport_cpp/ros2_interface/action/fibonnacci__type_support.cpp.o[0m
[1.227s] [ 33%] [32mBuilding CXX object CMakeFiles/ros2_interface__rosidl_typesupport_cpp.dir/rosidl_typesupport_cpp/ros2_interface/srv/ex_custom_srv__type_support.cpp.o[0m
[1.239s] [35m[1mConsolidate compiler generated dependencies of target ros2_interface__rosidl_typesupport_introspection_cpp[0m
[1.248s] [ 35%] [32mBuilding CXX object CMakeFiles/ros2_interface__rosidl_typesupport_introspection_cpp.dir/rosidl_typesupport_introspection_cpp/ros2_interface/action/detail/fibonnacci__type_support.cpp.o[0m
[1.248s] [ 38%] [32mBuilding CXX object CMakeFiles/ros2_interface__rosidl_typesupport_introspection_cpp.dir/rosidl_typesupport_introspection_cpp/ros2_interface/srv/detail/ex_custom_srv__type_support.cpp.o[0m
[1.264s] [35m[1mConsolidate compiler generated dependencies of target ros2_interface__rosidl_typesupport_fastrtps_cpp[0m
[1.273s] [ 41%] [32mBuilding CXX object CMakeFiles/ros2_interface__rosidl_typesupport_fastrtps_cpp.dir/rosidl_typesupport_fastrtps_cpp/ros2_interface/action/detail/dds_fastrtps/fibonnacci__type_support.cpp.o[0m
[1.274s] [ 43%] [32mBuilding CXX object CMakeFiles/ros2_interface__rosidl_typesupport_fastrtps_cpp.dir/rosidl_typesupport_fastrtps_cpp/ros2_interface/srv/detail/dds_fastrtps/ex_custom_srv__type_support.cpp.o[0m
[1.353s] [35m[1mConsolidate compiler generated dependencies of target ros2_interface__rosidl_typesupport_introspection_c[0m
[1.357s] [35m[1mConsolidate compiler generated dependencies of target ros2_interface__rosidl_typesupport_fastrtps_c[0m
[1.357s] [35m[1mConsolidate compiler generated dependencies of target ros2_interface__rosidl_typesupport_c[0m
[1.359s] [ 46%] [32mBuilding C object CMakeFiles/ros2_interface__rosidl_typesupport_introspection_c.dir/rosidl_typesupport_introspection_c/ros2_interface/action/detail/fibonnacci__type_support.c.o[0m
[1.361s] [ 48%] [32mBuilding C object CMakeFiles/ros2_interface__rosidl_typesupport_introspection_c.dir/rosidl_typesupport_introspection_c/ros2_interface/srv/detail/ex_custom_srv__type_support.c.o[0m
[1.363s] [ 51%] [32mBuilding CXX object CMakeFiles/ros2_interface__rosidl_typesupport_c.dir/rosidl_typesupport_c/ros2_interface/srv/ex_custom_srv__type_support.cpp.o[0m
[1.363s] [ 56%] [32mBuilding CXX object CMakeFiles/ros2_interface__rosidl_typesupport_fastrtps_c.dir/rosidl_typesupport_fastrtps_c/ros2_interface/srv/detail/ex_custom_srv__type_support_c.cpp.o[0m
[1.363s] [ 56%] [32mBuilding CXX object CMakeFiles/ros2_interface__rosidl_typesupport_fastrtps_c.dir/rosidl_typesupport_fastrtps_c/ros2_interface/action/detail/fibonnacci__type_support_c.cpp.o[0m
[1.364s] [ 58%] [32mBuilding CXX object CMakeFiles/ros2_interface__rosidl_typesupport_c.dir/rosidl_typesupport_c/ros2_interface/action/fibonnacci__type_support.cpp.o[0m
[1.389s] [ 61%] [32m[1mLinking C shared library libros2_interface__rosidl_typesupport_introspection_c.so[0m
[1.400s] [ 64%] [32m[1mLinking CXX shared library libros2_interface__rosidl_typesupport_c.so[0m
[1.411s] [ 64%] Built target ros2_interface__rosidl_typesupport_introspection_c
[1.429s] [ 64%] Built target ros2_interface__rosidl_typesupport_c
[1.518s] [ 66%] [32m[1mLinking CXX shared library libros2_interface__rosidl_typesupport_cpp.so[0m
[1.524s] [ 69%] [32m[1mLinking CXX shared library libros2_interface__rosidl_typesupport_fastrtps_c.so[0m
[1.533s] [ 71%] [32m[1mLinking CXX shared library libros2_interface__rosidl_typesupport_fastrtps_cpp.so[0m
[1.547s] [ 71%] Built target ros2_interface__rosidl_typesupport_cpp
[1.562s] [ 71%] Built target ros2_interface__rosidl_typesupport_fastrtps_c
[1.568s] [ 74%] [32m[1mLinking CXX shared library libros2_interface__rosidl_typesupport_introspection_cpp.so[0m
[1.571s] [ 74%] Built target ros2_interface__rosidl_typesupport_fastrtps_cpp
[1.608s] [ 74%] Built target ros2_interface__rosidl_typesupport_introspection_cpp
[1.618s] [ 74%] Built target ros2_interface
[1.629s] [ 76%] [34m[1mGenerating Python code for ROS interfaces[0m
[1.989s] [ 76%] Built target ros2_interface__py
[1.996s] [35m[1mConsolidate compiler generated dependencies of target ros2_interface__rosidl_generator_py[0m
[2.004s] [ 79%] [32mBuilding C object CMakeFiles/ros2_interface__rosidl_generator_py.dir/rosidl_generator_py/ros2_interface/srv/_ex_custom_srv_s.c.o[0m
[2.004s] [ 82%] [32mBuilding C object CMakeFiles/ros2_interface__rosidl_generator_py.dir/rosidl_generator_py/ros2_interface/action/_fibonnacci_s.c.o[0m
[2.071s] [ 84%] [32m[1mLinking C shared library rosidl_generator_py/ros2_interface/libros2_interface__rosidl_generator_py.so[0m
[2.092s] [ 84%] Built target ros2_interface__rosidl_generator_py
[2.099s] [35m[1mConsolidate compiler generated dependencies of target ros2_interface__rosidl_typesupport_introspection_c__pyext[0m
[2.099s] [35m[1mConsolidate compiler generated dependencies of target ros2_interface__rosidl_typesupport_fastrtps_c__pyext[0m
[2.099s] [35m[1mConsolidate compiler generated dependencies of target ros2_interface__rosidl_typesupport_c__pyext[0m
[2.106s] [ 87%] [32mBuilding C object CMakeFiles/ros2_interface__rosidl_typesupport_c__pyext.dir/rosidl_generator_py/ros2_interface/_ros2_interface_s.ep.rosidl_typesupport_c.c.o[0m
[2.107s] [ 89%] [32mBuilding C object CMakeFiles/ros2_interface__rosidl_typesupport_fastrtps_c__pyext.dir/rosidl_generator_py/ros2_interface/_ros2_interface_s.ep.rosidl_typesupport_fastrtps_c.c.o[0m
[2.107s] [ 92%] [32mBuilding C object CMakeFiles/ros2_interface__rosidl_typesupport_introspection_c__pyext.dir/rosidl_generator_py/ros2_interface/_ros2_interface_s.ep.rosidl_typesupport_introspection_c.c.o[0m
[2.162s] [100%] [32m[1mLinking C shared library rosidl_generator_py/ros2_interface/ros2_interface_s__rosidl_typesupport_c.cpython-310-x86_64-linux-gnu.so[0m
[2.162s] [100%] [32m[1mLinking C shared library rosidl_generator_py/ros2_interface/ros2_interface_s__rosidl_typesupport_introspection_c.cpython-310-x86_64-linux-gnu.so[0m
[2.162s] [100%] [32m[1mLinking C shared library rosidl_generator_py/ros2_interface/ros2_interface_s__rosidl_typesupport_fastrtps_c.cpython-310-x86_64-linux-gnu.so[0m
[2.185s] [100%] Built target ros2_interface__rosidl_typesupport_fastrtps_c__pyext
[2.189s] [100%] Built target ros2_interface__rosidl_typesupport_introspection_c__pyext
[2.189s] [100%] Built target ros2_interface__rosidl_typesupport_c__pyext
[2.195s] Invoked command in '/home/jaewoo/ros2_ws/build/ros2_interface' returned '0': CMAKE_PREFIX_PATH=${CMAKE_PREFIX_PATH}:/home/jaewoo/ros2_ws/install/ros2_python:/opt/ros/humble /usr/bin/cmake --build /home/jaewoo/ros2_ws/build/ros2_interface -- -j28 -l28
[2.199s] Invoking command in '/home/jaewoo/ros2_ws/build/ros2_interface': CMAKE_PREFIX_PATH=${CMAKE_PREFIX_PATH}:/home/jaewoo/ros2_ws/install/ros2_python:/opt/ros/humble /usr/bin/cmake --install /home/jaewoo/ros2_ws/build/ros2_interface
[2.202s] -- Install configuration: ""
[2.202s] -- Installing: /home/jaewoo/ros2_ws/install/ros2_interface/share/ament_index/resource_index/rosidl_interfaces/ros2_interface
[2.202s] -- Up-to-date: /home/jaewoo/ros2_ws/install/ros2_interface/include/ros2_interface/ros2_interface
[2.202s] -- Installing: /home/jaewoo/ros2_ws/install/ros2_interface/include/ros2_interface/ros2_interface/action
[2.203s] -- Installing: /home/jaewoo/ros2_ws/install/ros2_interface/include/ros2_interface/ros2_interface/action/detail
[2.203s] -- Installing: /home/jaewoo/ros2_ws/install/ros2_interface/include/ros2_interface/ros2_interface/action/detail/fibonnacci__struct.h
[2.203s] -- Installing: /home/jaewoo/ros2_ws/install/ros2_interface/include/ros2_interface/ros2_interface/action/detail/fibonnacci__functions.c
[2.203s] -- Installing: /home/jaewoo/ros2_ws/install/ros2_interface/include/ros2_interface/ros2_interface/action/detail/fibonnacci__type_support.h
[2.203s] -- Installing: /home/jaewoo/ros2_ws/install/ros2_interface/include/ros2_interface/ros2_interface/action/detail/fibonnacci__functions.h
[2.203s] -- Installing: /home/jaewoo/ros2_ws/install/ros2_interface/include/ros2_interface/ros2_interface/action/fibonnacci.h
[2.203s] -- Up-to-date: /home/jaewoo/ros2_ws/install/ros2_interface/include/ros2_interface/ros2_interface/srv
[2.203s] -- Installing: /home/jaewoo/ros2_ws/install/ros2_interface/include/ros2_interface/ros2_interface/srv/ex_custom_srv.h
[2.203s] -- Up-to-date: /home/jaewoo/ros2_ws/install/ros2_interface/include/ros2_interface/ros2_interface/srv/detail
[2.203s] -- Installing: /home/jaewoo/ros2_ws/install/ros2_interface/include/ros2_interface/ros2_interface/srv/detail/ex_custom_srv__functions.h
[2.203s] -- Installing: /home/jaewoo/ros2_ws/install/ros2_interface/include/ros2_interface/ros2_interface/srv/detail/ex_custom_srv__functions.c
[2.203s] -- Installing: /home/jaewoo/ros2_ws/install/ros2_interface/include/ros2_interface/ros2_interface/srv/detail/ex_custom_srv__type_support.h
[2.203s] -- Installing: /home/jaewoo/ros2_ws/install/ros2_interface/include/ros2_interface/ros2_interface/srv/detail/ex_custom_srv__struct.h
[2.203s] -- Up-to-date: /home/jaewoo/ros2_ws/install/ros2_interface/include/ros2_interface/ros2_interface/msg
[2.203s] -- Up-to-date: /home/jaewoo/ros2_ws/install/ros2_interface/include/ros2_interface/ros2_interface/msg/rosidl_generator_c__visibility_control.h
[2.203s] -- Up-to-date: /home/jaewoo/ros2_ws/install/ros2_interface/share/ros2_interface/environment/library_path.sh
[2.203s] -- Installing: /home/jaewoo/ros2_ws/install/ros2_interface/share/ros2_interface/environment/library_path.dsv
[2.203s] -- Installing: /home/jaewoo/ros2_ws/install/ros2_interface/lib/libros2_interface__rosidl_generator_c.so
[2.204s] -- Set runtime path of "/home/jaewoo/ros2_ws/install/ros2_interface/lib/libros2_interface__rosidl_generator_c.so" to ""
[2.204s] -- Up-to-date: /home/jaewoo/ros2_ws/install/ros2_interface/include/ros2_interface/ros2_interface
[2.204s] -- Up-to-date: /home/jaewoo/ros2_ws/install/ros2_interface/include/ros2_interface/ros2_interface/action
[2.204s] -- Up-to-date: /home/jaewoo/ros2_ws/install/ros2_interface/include/ros2_interface/ros2_interface/action/detail
[2.204s] -- Installing: /home/jaewoo/ros2_ws/install/ros2_interface/include/ros2_interface/ros2_interface/action/detail/fibonnacci__rosidl_typesupport_fastrtps_c.h
[2.204s] -- Up-to-date: /home/jaewoo/ros2_ws/install/ros2_interface/include/ros2_interface/ros2_interface/srv
[2.204s] -- Up-to-date: /home/jaewoo/ros2_ws/install/ros2_interface/include/ros2_interface/ros2_interface/srv/detail
[2.204s] -- Installing: /home/jaewoo/ros2_ws/install/ros2_interface/include/ros2_interface/ros2_interface/srv/detail/ex_custom_srv__rosidl_typesupport_fastrtps_c.h
[2.204s] -- Up-to-date: /home/jaewoo/ros2_ws/install/ros2_interface/include/ros2_interface/ros2_interface/msg
[2.204s] -- Up-to-date: /home/jaewoo/ros2_ws/install/ros2_interface/include/ros2_interface/ros2_interface/msg/rosidl_typesupport_fastrtps_c__visibility_control.h
[2.204s] -- Installing: /home/jaewoo/ros2_ws/install/ros2_interface/lib/libros2_interface__rosidl_typesupport_fastrtps_c.so
[2.204s] -- Set runtime path of "/home/jaewoo/ros2_ws/install/ros2_interface/lib/libros2_interface__rosidl_typesupport_fastrtps_c.so" to ""
[2.204s] -- Up-to-date: /home/jaewoo/ros2_ws/install/ros2_interface/include/ros2_interface/ros2_interface
[2.204s] -- Up-to-date: /home/jaewoo/ros2_ws/install/ros2_interface/include/ros2_interface/ros2_interface/action
[2.204s] -- Up-to-date: /home/jaewoo/ros2_ws/install/ros2_interface/include/ros2_interface/ros2_interface/action/detail
[2.204s] -- Installing: /home/jaewoo/ros2_ws/install/ros2_interface/include/ros2_interface/ros2_interface/action/detail/fibonnacci__type_support.c
[2.204s] -- Installing: /home/jaewoo/ros2_ws/install/ros2_interface/include/ros2_interface/ros2_interface/action/detail/fibonnacci__rosidl_typesupport_introspection_c.h
[2.204s] -- Up-to-date: /home/jaewoo/ros2_ws/install/ros2_interface/include/ros2_interface/ros2_interface/srv
[2.204s] -- Up-to-date: /home/jaewoo/ros2_ws/install/ros2_interface/include/ros2_interface/ros2_interface/srv/detail
[2.204s] -- Installing: /home/jaewoo/ros2_ws/install/ros2_interface/include/ros2_interface/ros2_interface/srv/detail/ex_custom_srv__rosidl_typesupport_introspection_c.h
[2.204s] -- Installing: /home/jaewoo/ros2_ws/install/ros2_interface/include/ros2_interface/ros2_interface/srv/detail/ex_custom_srv__type_support.c
[2.204s] -- Up-to-date: /home/jaewoo/ros2_ws/install/ros2_interface/include/ros2_interface/ros2_interface/msg
[2.205s] -- Up-to-date: /home/jaewoo/ros2_ws/install/ros2_interface/include/ros2_interface/ros2_interface/msg/rosidl_typesupport_introspection_c__visibility_control.h
[2.205s] -- Installing: /home/jaewoo/ros2_ws/install/ros2_interface/lib/libros2_interface__rosidl_typesupport_introspection_c.so
[2.205s] -- Set runtime path of "/home/jaewoo/ros2_ws/install/ros2_interface/lib/libros2_interface__rosidl_typesupport_introspection_c.so" to ""
[2.205s] -- Installing: /home/jaewoo/ros2_ws/install/ros2_interface/lib/libros2_interface__rosidl_typesupport_c.so
[2.205s] -- Set runtime path of "/home/jaewoo/ros2_ws/install/ros2_interface/lib/libros2_interface__rosidl_typesupport_c.so" to ""
[2.205s] -- Up-to-date: /home/jaewoo/ros2_ws/install/ros2_interface/include/ros2_interface/ros2_interface
[2.205s] -- Up-to-date: /home/jaewoo/ros2_ws/install/ros2_interface/include/ros2_interface/ros2_interface/action
[2.205s] -- Up-to-date: /home/jaewoo/ros2_ws/install/ros2_interface/include/ros2_interface/ros2_interface/action/detail
[2.205s] -- Installing: /home/jaewoo/ros2_ws/install/ros2_interface/include/ros2_interface/ros2_interface/action/detail/fibonnacci__type_support.hpp
[2.205s] -- Installing: /home/jaewoo/ros2_ws/install/ros2_interface/include/ros2_interface/ros2_interface/action/detail/fibonnacci__struct.hpp
[2.205s] -- Installing: /home/jaewoo/ros2_ws/install/ros2_interface/include/ros2_interface/ros2_interface/action/detail/fibonnacci__traits.hpp
[2.205s] -- Installing: /home/jaewoo/ros2_ws/install/ros2_interface/include/ros2_interface/ros2_interface/action/detail/fibonnacci__builder.hpp
[2.205s] -- Installing: /home/jaewoo/ros2_ws/install/ros2_interface/include/ros2_interface/ros2_interface/action/fibonnacci.hpp
[2.205s] -- Up-to-date: /home/jaewoo/ros2_ws/install/ros2_interface/include/ros2_interface/ros2_interface/srv
[2.205s] -- Up-to-date: /home/jaewoo/ros2_ws/install/ros2_interface/include/ros2_interface/ros2_interface/srv/detail
[2.205s] -- Installing: /home/jaewoo/ros2_ws/install/ros2_interface/include/ros2_interface/ros2_interface/srv/detail/ex_custom_srv__builder.hpp
[2.205s] -- Installing: /home/jaewoo/ros2_ws/install/ros2_interface/include/ros2_interface/ros2_interface/srv/detail/ex_custom_srv__traits.hpp
[2.205s] -- Installing: /home/jaewoo/ros2_ws/install/ros2_interface/include/ros2_interface/ros2_interface/srv/detail/ex_custom_srv__type_support.hpp
[2.205s] -- Installing: /home/jaewoo/ros2_ws/install/ros2_interface/include/ros2_interface/ros2_interface/srv/detail/ex_custom_srv__struct.hpp
[2.205s] -- Installing: /home/jaewoo/ros2_ws/install/ros2_interface/include/ros2_interface/ros2_interface/srv/ex_custom_srv.hpp
[2.205s] -- Up-to-date: /home/jaewoo/ros2_ws/install/ros2_interface/include/ros2_interface/ros2_interface/msg
[2.206s] -- Up-to-date: /home/jaewoo/ros2_ws/install/ros2_interface/include/ros2_interface/ros2_interface/msg/rosidl_generator_cpp__visibility_control.hpp
[2.206s] -- Up-to-date: /home/jaewoo/ros2_ws/install/ros2_interface/include/ros2_interface/ros2_interface
[2.206s] -- Up-to-date: /home/jaewoo/ros2_ws/install/ros2_interface/include/ros2_interface/ros2_interface/action
[2.206s] -- Up-to-date: /home/jaewoo/ros2_ws/install/ros2_interface/include/ros2_interface/ros2_interface/action/detail
[2.206s] -- Installing: /home/jaewoo/ros2_ws/install/ros2_interface/include/ros2_interface/ros2_interface/action/detail/fibonnacci__rosidl_typesupport_fastrtps_cpp.hpp
[2.206s] -- Installing: /home/jaewoo/ros2_ws/install/ros2_interface/include/ros2_interface/ros2_interface/action/detail/dds_fastrtps
[2.206s] -- Up-to-date: /home/jaewoo/ros2_ws/install/ros2_interface/include/ros2_interface/ros2_interface/srv
[2.206s] -- Up-to-date: /home/jaewoo/ros2_ws/install/ros2_interface/include/ros2_interface/ros2_interface/srv/detail
[2.206s] -- Installing: /home/jaewoo/ros2_ws/install/ros2_interface/include/ros2_interface/ros2_interface/srv/detail/ex_custom_srv__rosidl_typesupport_fastrtps_cpp.hpp
[2.206s] -- Up-to-date: /home/jaewoo/ros2_ws/install/ros2_interface/include/ros2_interface/ros2_interface/srv/detail/dds_fastrtps
[2.206s] -- Up-to-date: /home/jaewoo/ros2_ws/install/ros2_interface/include/ros2_interface/ros2_interface/msg
[2.206s] -- Up-to-date: /home/jaewoo/ros2_ws/install/ros2_interface/include/ros2_interface/ros2_interface/msg/rosidl_typesupport_fastrtps_cpp__visibility_control.h
[2.206s] -- Installing: /home/jaewoo/ros2_ws/install/ros2_interface/lib/libros2_interface__rosidl_typesupport_fastrtps_cpp.so
[2.206s] -- Set runtime path of "/home/jaewoo/ros2_ws/install/ros2_interface/lib/libros2_interface__rosidl_typesupport_fastrtps_cpp.so" to ""
[2.206s] -- Up-to-date: /home/jaewoo/ros2_ws/install/ros2_interface/include/ros2_interface/ros2_interface
[2.206s] -- Up-to-date: /home/jaewoo/ros2_ws/install/ros2_interface/include/ros2_interface/ros2_interface/action
[2.206s] -- Up-to-date: /home/jaewoo/ros2_ws/install/ros2_interface/include/ros2_interface/ros2_interface/action/detail
[2.206s] -- Installing: /home/jaewoo/ros2_ws/install/ros2_interface/include/ros2_interface/ros2_interface/action/detail/fibonnacci__type_support.cpp
[2.206s] -- Installing: /home/jaewoo/ros2_ws/install/ros2_interface/include/ros2_interface/ros2_interface/action/detail/fibonnacci__rosidl_typesupport_introspection_cpp.hpp
[2.206s] -- Up-to-date: /home/jaewoo/ros2_ws/install/ros2_interface/include/ros2_interface/ros2_interface/srv
[2.206s] -- Up-to-date: /home/jaewoo/ros2_ws/install/ros2_interface/include/ros2_interface/ros2_interface/srv/detail
[2.206s] -- Installing: /home/jaewoo/ros2_ws/install/ros2_interface/include/ros2_interface/ros2_interface/srv/detail/ex_custom_srv__rosidl_typesupport_introspection_cpp.hpp
[2.206s] -- Installing: /home/jaewoo/ros2_ws/install/ros2_interface/include/ros2_interface/ros2_interface/srv/detail/ex_custom_srv__type_support.cpp
[2.207s] -- Installing: /home/jaewoo/ros2_ws/install/ros2_interface/lib/libros2_interface__rosidl_typesupport_introspection_cpp.so
[2.207s] -- Set runtime path of "/home/jaewoo/ros2_ws/install/ros2_interface/lib/libros2_interface__rosidl_typesupport_introspection_cpp.so" to ""
[2.207s] -- Installing: /home/jaewoo/ros2_ws/install/ros2_interface/lib/libros2_interface__rosidl_typesupport_cpp.so
[2.207s] -- Set runtime path of "/home/jaewoo/ros2_ws/install/ros2_interface/lib/libros2_interface__rosidl_typesupport_cpp.so" to ""
[2.207s] -- Up-to-date: /home/jaewoo/ros2_ws/install/ros2_interface/share/ros2_interface/environment/pythonpath.sh
[2.207s] -- Installing: /home/jaewoo/ros2_ws/install/ros2_interface/share/ros2_interface/environment/pythonpath.dsv
[2.207s] -- Up-to-date: /home/jaewoo/ros2_ws/install/ros2_interface/local/lib/python3.10/dist-packages/ros2_interface-0.0.0-py3.10.egg-info
[2.207s] -- Installing: /home/jaewoo/ros2_ws/install/ros2_interface/local/lib/python3.10/dist-packages/ros2_interface-0.0.0-py3.10.egg-info/dependency_links.txt
[2.207s] -- Installing: /home/jaewoo/ros2_ws/install/ros2_interface/local/lib/python3.10/dist-packages/ros2_interface-0.0.0-py3.10.egg-info/top_level.txt
[2.207s] -- Installing: /home/jaewoo/ros2_ws/install/ros2_interface/local/lib/python3.10/dist-packages/ros2_interface-0.0.0-py3.10.egg-info/SOURCES.txt
[2.207s] -- Installing: /home/jaewoo/ros2_ws/install/ros2_interface/local/lib/python3.10/dist-packages/ros2_interface-0.0.0-py3.10.egg-info/PKG-INFO
[2.207s] -- Up-to-date: /home/jaewoo/ros2_ws/install/ros2_interface/local/lib/python3.10/dist-packages/ros2_interface
[2.207s] -- Installing: /home/jaewoo/ros2_ws/install/ros2_interface/local/lib/python3.10/dist-packages/ros2_interface/ros2_interface_s__rosidl_typesupport_c.cpython-310-x86_64-linux-gnu.so
[2.208s] -- Installing: /home/jaewoo/ros2_ws/install/ros2_interface/local/lib/python3.10/dist-packages/ros2_interface/__init__.py
[2.208s] -- Installing: /home/jaewoo/ros2_ws/install/ros2_interface/local/lib/python3.10/dist-packages/ros2_interface/action
[2.208s] -- Installing: /home/jaewoo/ros2_ws/install/ros2_interface/local/lib/python3.10/dist-packages/ros2_interface/action/__init__.py
[2.208s] -- Installing: /home/jaewoo/ros2_ws/install/ros2_interface/local/lib/python3.10/dist-packages/ros2_interface/action/_fibonnacci_s.c
[2.208s] -- Installing: /home/jaewoo/ros2_ws/install/ros2_interface/local/lib/python3.10/dist-packages/ros2_interface/action/_fibonnacci.py
[2.208s] -- Up-to-date: /home/jaewoo/ros2_ws/install/ros2_interface/local/lib/python3.10/dist-packages/ros2_interface/srv
[2.208s] -- Installing: /home/jaewoo/ros2_ws/install/ros2_interface/local/lib/python3.10/dist-packages/ros2_interface/srv/__init__.py
[2.208s] -- Installing: /home/jaewoo/ros2_ws/install/ros2_interface/local/lib/python3.10/dist-packages/ros2_interface/srv/_ex_custom_srv.py
[2.208s] -- Installing: /home/jaewoo/ros2_ws/install/ros2_interface/local/lib/python3.10/dist-packages/ros2_interface/srv/_ex_custom_srv_s.c
[2.208s] -- Installing: /home/jaewoo/ros2_ws/install/ros2_interface/local/lib/python3.10/dist-packages/ros2_interface/_ros2_interface_s.ep.rosidl_typesupport_c.c
[2.208s] -- Installing: /home/jaewoo/ros2_ws/install/ros2_interface/local/lib/python3.10/dist-packages/ros2_interface/ros2_interface_s__rosidl_typesupport_introspection_c.cpython-310-x86_64-linux-gnu.so
[2.208s] -- Installing: /home/jaewoo/ros2_ws/install/ros2_interface/local/lib/python3.10/dist-packages/ros2_interface/_ros2_interface_s.ep.rosidl_typesupport_introspection_c.c
[2.208s] -- Installing: /home/jaewoo/ros2_ws/install/ros2_interface/local/lib/python3.10/dist-packages/ros2_interface/_ros2_interface_s.ep.rosidl_typesupport_fastrtps_c.c
[2.208s] -- Installing: /home/jaewoo/ros2_ws/install/ros2_interface/local/lib/python3.10/dist-packages/ros2_interface/libros2_interface__rosidl_generator_py.so
[2.208s] -- Installing: /home/jaewoo/ros2_ws/install/ros2_interface/local/lib/python3.10/dist-packages/ros2_interface/ros2_interface_s__rosidl_typesupport_fastrtps_c.cpython-310-x86_64-linux-gnu.so
[2.229s] Listing '/home/jaewoo/ros2_ws/install/ros2_interface/local/lib/python3.10/dist-packages/ros2_interface'...
[2.229s] Compiling '/home/jaewoo/ros2_ws/install/ros2_interface/local/lib/python3.10/dist-packages/ros2_interface/__init__.py'...
[2.229s] Listing '/home/jaewoo/ros2_ws/install/ros2_interface/local/lib/python3.10/dist-packages/ros2_interface/action'...
[2.229s] Compiling '/home/jaewoo/ros2_ws/install/ros2_interface/local/lib/python3.10/dist-packages/ros2_interface/action/__init__.py'...
[2.230s] Compiling '/home/jaewoo/ros2_ws/install/ros2_interface/local/lib/python3.10/dist-packages/ros2_interface/action/_fibonnacci.py'...
[2.230s] Listing '/home/jaewoo/ros2_ws/install/ros2_interface/local/lib/python3.10/dist-packages/ros2_interface/srv'...
[2.230s] Compiling '/home/jaewoo/ros2_ws/install/ros2_interface/local/lib/python3.10/dist-packages/ros2_interface/srv/__init__.py'...
[2.230s] Compiling '/home/jaewoo/ros2_ws/install/ros2_interface/local/lib/python3.10/dist-packages/ros2_interface/srv/_ex_custom_srv.py'...
[2.231s] -- Installing: /home/jaewoo/ros2_ws/install/ros2_interface/local/lib/python3.10/dist-packages/ros2_interface/ros2_interface_s__rosidl_typesupport_fastrtps_c.cpython-310-x86_64-linux-gnu.so
[2.232s] -- Set runtime path of "/home/jaewoo/ros2_ws/install/ros2_interface/local/lib/python3.10/dist-packages/ros2_interface/ros2_interface_s__rosidl_typesupport_fastrtps_c.cpython-310-x86_64-linux-gnu.so" to ""
[2.232s] -- Installing: /home/jaewoo/ros2_ws/install/ros2_interface/local/lib/python3.10/dist-packages/ros2_interface/ros2_interface_s__rosidl_typesupport_introspection_c.cpython-310-x86_64-linux-gnu.so
[2.232s] -- Set runtime path of "/home/jaewoo/ros2_ws/install/ros2_interface/local/lib/python3.10/dist-packages/ros2_interface/ros2_interface_s__rosidl_typesupport_introspection_c.cpython-310-x86_64-linux-gnu.so" to ""
[2.232s] -- Installing: /home/jaewoo/ros2_ws/install/ros2_interface/local/lib/python3.10/dist-packages/ros2_interface/ros2_interface_s__rosidl_typesupport_c.cpython-310-x86_64-linux-gnu.so
[2.232s] -- Set runtime path of "/home/jaewoo/ros2_ws/install/ros2_interface/local/lib/python3.10/dist-packages/ros2_interface/ros2_interface_s__rosidl_typesupport_c.cpython-310-x86_64-linux-gnu.so" to ""
[2.232s] -- Installing: /home/jaewoo/ros2_ws/install/ros2_interface/lib/libros2_interface__rosidl_generator_py.so
[2.233s] -- Set runtime path of "/home/jaewoo/ros2_ws/install/ros2_interface/lib/libros2_interface__rosidl_generator_py.so" to ""
[2.233s] -- Up-to-date: /home/jaewoo/ros2_ws/install/ros2_interface/share/ros2_interface/srv/ExCustomSrv.idl
[2.233s] -- Installing: /home/jaewoo/ros2_ws/install/ros2_interface/share/ros2_interface/action/Fibonnacci.idl
[2.233s] -- Up-to-date: /home/jaewoo/ros2_ws/install/ros2_interface/share/ros2_interface/srv/ExCustomSrv.srv
[2.233s] -- Up-to-date: /home/jaewoo/ros2_ws/install/ros2_interface/share/ros2_interface/srv/ExCustomSrv_Request.msg
[2.233s] -- Up-to-date: /home/jaewoo/ros2_ws/install/ros2_interface/share/ros2_interface/srv/ExCustomSrv_Response.msg
[2.233s] -- Installing: /home/jaewoo/ros2_ws/install/ros2_interface/share/ros2_interface/action/Fibonnacci.action
[2.233s] -- Up-to-date: /home/jaewoo/ros2_ws/install/ros2_interface/share/ament_index/resource_index/package_run_dependencies/ros2_interface
[2.233s] -- Installing: /home/jaewoo/ros2_ws/install/ros2_interface/share/ament_index/resource_index/parent_prefix_path/ros2_interface
[2.233s] -- Up-to-date: /home/jaewoo/ros2_ws/install/ros2_interface/share/ros2_interface/environment/ament_prefix_path.sh
[2.233s] -- Installing: /home/jaewoo/ros2_ws/install/ros2_interface/share/ros2_interface/environment/ament_prefix_path.dsv
[2.233s] -- Up-to-date: /home/jaewoo/ros2_ws/install/ros2_interface/share/ros2_interface/environment/path.sh
[2.233s] -- Installing: /home/jaewoo/ros2_ws/install/ros2_interface/share/ros2_interface/environment/path.dsv
[2.233s] -- Up-to-date: /home/jaewoo/ros2_ws/install/ros2_interface/share/ros2_interface/local_setup.bash
[2.233s] -- Up-to-date: /home/jaewoo/ros2_ws/install/ros2_interface/share/ros2_interface/local_setup.sh
[2.233s] -- Up-to-date: /home/jaewoo/ros2_ws/install/ros2_interface/share/ros2_interface/local_setup.zsh
[2.234s] -- Installing: /home/jaewoo/ros2_ws/install/ros2_interface/share/ros2_interface/local_setup.dsv
[2.234s] -- Installing: /home/jaewoo/ros2_ws/install/ros2_interface/share/ros2_interface/package.dsv
[2.234s] -- Up-to-date: /home/jaewoo/ros2_ws/install/ros2_interface/share/ament_index/resource_index/packages/ros2_interface
[2.234s] -- Old export file "/home/jaewoo/ros2_ws/install/ros2_interface/share/ros2_interface/cmake/export_ros2_interface__rosidl_generator_cExport.cmake" will be replaced.  Removing files [/home/jaewoo/ros2_ws/install/ros2_interface/share/ros2_interface/cmake/export_ros2_interface__rosidl_generator_cExport-noconfig.cmake].
[2.234s] -- Installing: /home/jaewoo/ros2_ws/install/ros2_interface/share/ros2_interface/cmake/export_ros2_interface__rosidl_generator_cExport.cmake
[2.234s] -- Installing: /home/jaewoo/ros2_ws/install/ros2_interface/share/ros2_interface/cmake/export_ros2_interface__rosidl_generator_cExport-noconfig.cmake
[2.234s] -- Old export file "/home/jaewoo/ros2_ws/install/ros2_interface/share/ros2_interface/cmake/export_ros2_interface__rosidl_typesupport_fastrtps_cExport.cmake" will be replaced.  Removing files [/home/jaewoo/ros2_ws/install/ros2_interface/share/ros2_interface/cmake/export_ros2_interface__rosidl_typesupport_fastrtps_cExport-noconfig.cmake].
[2.234s] -- Installing: /home/jaewoo/ros2_ws/install/ros2_interface/share/ros2_interface/cmake/export_ros2_interface__rosidl_typesupport_fastrtps_cExport.cmake
[2.234s] -- Installing: /home/jaewoo/ros2_ws/install/ros2_interface/share/ros2_interface/cmake/export_ros2_interface__rosidl_typesupport_fastrtps_cExport-noconfig.cmake
[2.234s] -- Old export file "/home/jaewoo/ros2_ws/install/ros2_interface/share/ros2_interface/cmake/ros2_interface__rosidl_typesupport_introspection_cExport.cmake" will be replaced.  Removing files [/home/jaewoo/ros2_ws/install/ros2_interface/share/ros2_interface/cmake/ros2_interface__rosidl_typesupport_introspection_cExport-noconfig.cmake].
[2.234s] -- Installing: /home/jaewoo/ros2_ws/install/ros2_interface/share/ros2_interface/cmake/ros2_interface__rosidl_typesupport_introspection_cExport.cmake
[2.234s] -- Installing: /home/jaewoo/ros2_ws/install/ros2_interface/share/ros2_interface/cmake/ros2_interface__rosidl_typesupport_introspection_cExport-noconfig.cmake
[2.234s] -- Old export file "/home/jaewoo/ros2_ws/install/ros2_interface/share/ros2_interface/cmake/ros2_interface__rosidl_typesupport_cExport.cmake" will be replaced.  Removing files [/home/jaewoo/ros2_ws/install/ros2_interface/share/ros2_interface/cmake/ros2_interface__rosidl_typesupport_cExport-noconfig.cmake].
[2.234s] -- Installing: /home/jaewoo/ros2_ws/install/ros2_interface/share/ros2_interface/cmake/ros2_interface__rosidl_typesupport_cExport.cmake
[2.234s] -- Installing: /home/jaewoo/ros2_ws/install/ros2_interface/share/ros2_interface/cmake/ros2_interface__rosidl_typesupport_cExport-noconfig.cmake
[2.234s] -- Installing: /home/jaewoo/ros2_ws/install/ros2_interface/share/ros2_interface/cmake/export_ros2_interface__rosidl_generator_cppExport.cmake
[2.234s] -- Old export file "/home/jaewoo/ros2_ws/install/ros2_interface/share/ros2_interface/cmake/export_ros2_interface__rosidl_typesupport_fastrtps_cppExport.cmake" will be replaced.  Removing files [/home/jaewoo/ros2_ws/install/ros2_interface/share/ros2_interface/cmake/export_ros2_interface__rosidl_typesupport_fastrtps_cppExport-noconfig.cmake].
[2.234s] -- Installing: /home/jaewoo/ros2_ws/install/ros2_interface/share/ros2_interface/cmake/export_ros2_interface__rosidl_typesupport_fastrtps_cppExport.cmake
[2.235s] -- Installing: /home/jaewoo/ros2_ws/install/ros2_interface/share/ros2_interface/cmake/export_ros2_interface__rosidl_typesupport_fastrtps_cppExport-noconfig.cmake
[2.235s] -- Old export file "/home/jaewoo/ros2_ws/install/ros2_interface/share/ros2_interface/cmake/ros2_interface__rosidl_typesupport_introspection_cppExport.cmake" will be replaced.  Removing files [/home/jaewoo/ros2_ws/install/ros2_interface/share/ros2_interface/cmake/ros2_interface__rosidl_typesupport_introspection_cppExport-noconfig.cmake].
[2.235s] -- Installing: /home/jaewoo/ros2_ws/install/ros2_interface/share/ros2_interface/cmake/ros2_interface__rosidl_typesupport_introspection_cppExport.cmake
[2.235s] -- Installing: /home/jaewoo/ros2_ws/install/ros2_interface/share/ros2_interface/cmake/ros2_interface__rosidl_typesupport_introspection_cppExport-noconfig.cmake
[2.235s] -- Old export file "/home/jaewoo/ros2_ws/install/ros2_interface/share/ros2_interface/cmake/ros2_interface__rosidl_typesupport_cppExport.cmake" will be replaced.  Removing files [/home/jaewoo/ros2_ws/install/ros2_interface/share/ros2_interface/cmake/ros2_interface__rosidl_typesupport_cppExport-noconfig.cmake].
[2.235s] -- Installing: /home/jaewoo/ros2_ws/install/ros2_interface/share/ros2_interface/cmake/ros2_interface__rosidl_typesupport_cppExport.cmake
[2.235s] -- Installing: /home/jaewoo/ros2_ws/install/ros2_interface/share/ros2_interface/cmake/ros2_interface__rosidl_typesupport_cppExport-noconfig.cmake
[2.235s] -- Old export file "/home/jaewoo/ros2_ws/install/ros2_interface/share/ros2_interface/cmake/export_ros2_interface__rosidl_generator_pyExport.cmake" will be replaced.  Removing files [/home/jaewoo/ros2_ws/install/ros2_interface/share/ros2_interface/cmake/export_ros2_interface__rosidl_generator_pyExport-noconfig.cmake].
[2.235s] -- Installing: /home/jaewoo/ros2_ws/install/ros2_interface/share/ros2_interface/cmake/export_ros2_interface__rosidl_generator_pyExport.cmake
[2.235s] -- Installing: /home/jaewoo/ros2_ws/install/ros2_interface/share/ros2_interface/cmake/export_ros2_interface__rosidl_generator_pyExport-noconfig.cmake
[2.235s] -- Installing: /home/jaewoo/ros2_ws/install/ros2_interface/share/ros2_interface/cmake/rosidl_cmake-extras.cmake
[2.235s] -- Installing: /home/jaewoo/ros2_ws/install/ros2_interface/share/ros2_interface/cmake/ament_cmake_export_dependencies-extras.cmake
[2.235s] -- Up-to-date: /home/jaewoo/ros2_ws/install/ros2_interface/share/ros2_interface/cmake/ament_cmake_export_include_directories-extras.cmake
[2.235s] -- Up-to-date: /home/jaewoo/ros2_ws/install/ros2_interface/share/ros2_interface/cmake/ament_cmake_export_libraries-extras.cmake
[2.235s] -- Up-to-date: /home/jaewoo/ros2_ws/install/ros2_interface/share/ros2_interface/cmake/ament_cmake_export_targets-extras.cmake
[2.235s] -- Up-to-date: /home/jaewoo/ros2_ws/install/ros2_interface/share/ros2_interface/cmake/rosidl_cmake_export_typesupport_targets-extras.cmake
[2.235s] -- Up-to-date: /home/jaewoo/ros2_ws/install/ros2_interface/share/ros2_interface/cmake/rosidl_cmake_export_typesupport_libraries-extras.cmake
[2.235s] -- Installing: /home/jaewoo/ros2_ws/install/ros2_interface/share/ros2_interface/cmake/ros2_interfaceConfig.cmake
[2.236s] -- Up-to-date: /home/jaewoo/ros2_ws/install/ros2_interface/share/ros2_interface/cmake/ros2_interfaceConfig-version.cmake
[2.236s] -- Up-to-date: /home/jaewoo/ros2_ws/install/ros2_interface/share/ros2_interface/package.xml
[2.236s] Invoked command in '/home/jaewoo/ros2_ws/build/ros2_interface' returned '0': CMAKE_PREFIX_PATH=${CMAKE_PREFIX_PATH}:/home/jaewoo/ros2_ws/install/ros2_python:/opt/ros/humble /usr/bin/cmake --install /home/jaewoo/ros2_ws/build/ros2_interface
