[0.007s] Invoking command in '/home/jaewoo/ros2_ws/build/ros2_cmake': CMAKE_PREFIX_PATH=/home/jaewoo/ros2_ws/install/ros2_interface:/home/jaewoo/ros2_ws/install/ros2_cmake:/home/jaewoo/ros2_ws/install/ros2_python:/opt/ros/humble /usr/bin/cmake --build /home/jaewoo/ros2_ws/build/ros2_cmake -- -j28 -l28
[0.031s] -- Found ament_cmake: 1.3.13 (/opt/ros/humble/share/ament_cmake/cmake)
[0.124s] -- Found rclcpp: 16.0.18 (/opt/ros/humble/share/rclcpp/cmake)
[0.141s] -- Found rosidl_generator_c: 3.1.8 (/opt/ros/humble/share/rosidl_generator_c/cmake)
[0.142s] -- Found rosidl_adapter: 3.1.8 (/opt/ros/humble/share/rosidl_adapter/cmake)
[0.144s] -- Found rosidl_generator_cpp: 3.1.8 (/opt/ros/humble/share/rosidl_generator_cpp/cmake)
[0.149s] -- Using all available rosidl_typesupport_c: rosidl_typesupport_fastrtps_c;rosidl_typesupport_introspection_c
[0.154s] -- Using all available rosidl_typesupport_cpp: rosidl_typesupport_fastrtps_cpp;rosidl_typesupport_introspection_cpp
[0.174s] -- Found rmw_implementation_cmake: 6.1.2 (/opt/ros/humble/share/rmw_implementation_cmake/cmake)
[0.175s] -- Found rmw_fastrtps_cpp: 6.2.10 (/opt/ros/humble/share/rmw_fastrtps_cpp/cmake)
[0.240s] -- Using RMW implementation 'rmw_fastrtps_cpp' as default
[0.277s] -- Found ros2_interface: 0.0.0 (/home/jaewoo/ros2_ws/install/ros2_interface/share/ros2_interface/cmake)
[0.295s] -- Found rclcpp_action: 16.0.18 (/opt/ros/humble/share/rclcpp_action/cmake)
[0.300s] -- Found ament_lint_auto: 0.12.15 (/opt/ros/humble/share/ament_lint_auto/cmake)
[0.333s] -- Added test 'cppcheck' to perform static code analysis on C / C++ code
[0.333s] -- Configured cppcheck include dirs: /home/jaewoo/ros2_ws/src/ros2_cmake/include
[0.333s] -- Configured cppcheck exclude dirs and/or files: 
[0.333s] -- Added test 'lint_cmake' to check CMake code style
[0.333s] -- Added test 'uncrustify' to check C / C++ code style
[0.333s] -- Configured uncrustify additional arguments: 
[0.333s] -- Added test 'xmllint' to check XML markup files
[0.334s] -- Configuring done
[0.349s] -- Generating done
[0.353s] -- Build files have been written to: /home/jaewoo/ros2_ws/build/ros2_cmake
[0.372s] [35m[1mConsolidate compiler generated dependencies of target service_server[0m
[0.372s] [35m[1mConsolidate compiler generated dependencies of target service_client[0m
[0.372s] [35m[1mConsolidate compiler generated dependencies of target publisher[0m
[0.372s] [35m[1mConsolidate compiler generated dependencies of target subscriber[0m
[0.380s] [  8%] [32mBuilding CXX object CMakeFiles/action_server.dir/src/action_server.cpp.o[0m
[0.380s] [ 16%] [32mBuilding CXX object CMakeFiles/action_client.dir/src/action_client.cpp.o[0m
[0.390s] [ 25%] [32mBuilding CXX object CMakeFiles/service_client.dir/src/service_client.cpp.o[0m
[0.391s] [ 41%] Built target publisher
[0.391s] [ 50%] [32mBuilding CXX object CMakeFiles/service_server.dir/src/service_server.cpp.o[0m
[0.391s] [ 66%] Built target subscriber
[0.413s] In file included from [01m[K/home/jaewoo/ros2_ws/src/ros2_cmake/src/action_server.cpp:1[m[K:
[0.413s] [01m[K/home/jaewoo/ros2_ws/src/ros2_cmake/include/ros2_cmake/action_server.hpp:7:10:[m[K [01;31m[Kfatal error: [m[Kros2_interface/action/fibonacci.hpp: No such file or directory
[0.413s]     7 | #include [01;31m[K"ros2_interface/action/fibonacci.hpp"[m[K
[0.413s]       |          [01;31m[K^~~~~~~~~~~~~~~~~~~~~~~~~~~~~~~~~~~~~[m[K
[0.413s] compilation terminated.
[0.413s] gmake[2]: *** [CMakeFiles/action_server.dir/build.make:76: CMakeFiles/action_server.dir/src/action_server.cpp.o] Error 1
[0.413s] gmake[1]: *** [CMakeFiles/Makefile2:251: CMakeFiles/action_server.dir/all] Error 2
[0.414s] gmake[1]: *** Waiting for unfinished jobs....
[0.426s] In file included from [01m[K/home/jaewoo/ros2_ws/src/ros2_cmake/src/action_client.cpp:1[m[K:
[0.426s] [01m[K/home/jaewoo/ros2_ws/src/ros2_cmake/include/ros2_cmake/action_client.hpp:9:10:[m[K [01;31m[Kfatal error: [m[Kros2_interface/action/fibonacci.hpp: No such file or directory
[0.426s]     9 | #include [01;31m[K"ros2_interface/action/fibonacci.hpp"[m[K
[0.426s]       |          [01;31m[K^~~~~~~~~~~~~~~~~~~~~~~~~~~~~~~~~~~~~[m[K
[0.426s] compilation terminated.
[0.427s] gmake[2]: *** [CMakeFiles/action_client.dir/build.make:76: CMakeFiles/action_client.dir/src/action_client.cpp.o] Error 1
[0.427s] gmake[1]: *** [CMakeFiles/Makefile2:277: CMakeFiles/action_client.dir/all] Error 2
[1.801s] [ 75%] [32m[1mLinking CXX executable service_server[0m
[1.875s] [ 75%] Built target service_server
[1.879s] [ 83%] [32m[1mLinking CXX executable service_client[0m
[1.949s] [ 83%] Built target service_client
[1.950s] gmake: *** [Makefile:146: all] Error 2
[1.951s] Invoked command in '/home/jaewoo/ros2_ws/build/ros2_cmake' returned '2': CMAKE_PREFIX_PATH=/home/jaewoo/ros2_ws/install/ros2_interface:/home/jaewoo/ros2_ws/install/ros2_cmake:/home/jaewoo/ros2_ws/install/ros2_python:/opt/ros/humble /usr/bin/cmake --build /home/jaewoo/ros2_ws/build/ros2_cmake -- -j28 -l28
