[0.005s] Invoking command in '/home/jaewoo/ros2_ws/build/ros2_cmake': CMAKE_PREFIX_PATH=${CMAKE_PREFIX_PATH}:/opt/ros/humble /usr/bin/cmake --build /home/jaewoo/ros2_ws/build/ros2_cmake -- -j28 -l28
[0.025s] -- Found ament_cmake: 1.3.13 (/opt/ros/humble/share/ament_cmake/cmake)
[0.130s] -- Found rclcpp: 16.0.18 (/opt/ros/humble/share/rclcpp/cmake)
[0.156s] -- Found rosidl_generator_c: 3.1.8 (/opt/ros/humble/share/rosidl_generator_c/cmake)
[0.158s] -- Found rosidl_adapter: 3.1.8 (/opt/ros/humble/share/rosidl_adapter/cmake)
[0.162s] -- Found rosidl_generator_cpp: 3.1.8 (/opt/ros/humble/share/rosidl_generator_cpp/cmake)
[0.168s] -- Using all available rosidl_typesupport_c: rosidl_typesupport_fastrtps_c;rosidl_typesupport_introspection_c
[0.176s] -- Using all available rosidl_typesupport_cpp: rosidl_typesupport_fastrtps_cpp;rosidl_typesupport_introspection_cpp
[0.200s] -- Found rmw_implementation_cmake: 6.1.2 (/opt/ros/humble/share/rmw_implementation_cmake/cmake)
[0.201s] -- Found rmw_fastrtps_cpp: 6.2.10 (/opt/ros/humble/share/rmw_fastrtps_cpp/cmake)
[0.251s] -- Using RMW implementation 'rmw_fastrtps_cpp' as default
[0.290s] [31mCMake Error at /opt/ros/humble/share/ament_cmake_target_dependencies/cmake/ament_target_dependencies.cmake:42 (message):
[0.290s]   ament_target_dependencies() the first argument must be a valid target name
[0.291s] Call Stack (most recent call first):
[0.291s]   CMakeLists.txt:16 (ament_target_dependencies)
[0.291s] 
[0.291s] [0m
[0.291s] -- Configuring incomplete, errors occurred!
[0.291s] See also "/home/jaewoo/ros2_ws/build/ros2_cmake/CMakeFiles/CMakeOutput.log".
[0.293s] gmake: *** [Makefile:308: cmake_check_build_system] Error 1
[0.294s] Invoked command in '/home/jaewoo/ros2_ws/build/ros2_cmake' returned '2': CMAKE_PREFIX_PATH=${CMAKE_PREFIX_PATH}:/opt/ros/humble /usr/bin/cmake --build /home/jaewoo/ros2_ws/build/ros2_cmake -- -j28 -l28
