[0.244s] Invoking command in '/home/jaewoo/ros2_ws/src/ros2_python': PYTHONPATH=/home/jaewoo/ros2_ws/build/ros2_python/prefix_override:/usr/lib/python3/dist-packages/colcon_core/task/python/colcon_distutils_commands:/home/jaewoo/ros2_ws/install/ros2_python/lib/python3.10/site-packages:${PYTHONPATH} /usr/bin/python3 -W ignore:setup.py install is deprecated -W ignore:easy_install command is deprecated setup.py egg_info --egg-base ../../build/ros2_python build --build-base /home/jaewoo/ros2_ws/build/ros2_python/build install --record /home/jaewoo/ros2_ws/build/ros2_python/install.log --single-version-externally-managed install_data
[0.344s] running egg_info
[0.344s] writing ../../build/ros2_python/ros2_python.egg-info/PKG-INFO
[0.344s] writing dependency_links to ../../build/ros2_python/ros2_python.egg-info/dependency_links.txt
[0.344s] writing entry points to ../../build/ros2_python/ros2_python.egg-info/entry_points.txt
[0.344s] writing requirements to ../../build/ros2_python/ros2_python.egg-info/requires.txt
[0.344s] writing top-level names to ../../build/ros2_python/ros2_python.egg-info/top_level.txt
[0.345s] reading manifest file '../../build/ros2_python/ros2_python.egg-info/SOURCES.txt'
[0.345s] writing manifest file '../../build/ros2_python/ros2_python.egg-info/SOURCES.txt'
[0.345s] running build
[0.345s] running build_py
[0.346s] running install
[0.346s] running install_lib
[0.346s] running install_data
[0.346s] copying package.xml -> /home/jaewoo/ros2_ws/install/ros2_python/share/ros2_python
[0.346s] running install_egg_info
[0.347s] removing '/home/jaewoo/ros2_ws/install/ros2_python/lib/python3.10/site-packages/ros2_python-0.0.0-py3.10.egg-info' (and everything under it)
[0.347s] Copying ../../build/ros2_python/ros2_python.egg-info to /home/jaewoo/ros2_ws/install/ros2_python/lib/python3.10/site-packages/ros2_python-0.0.0-py3.10.egg-info
[0.347s] running install_scripts
[0.356s] Installing ex_pub_node_py script to /home/jaewoo/ros2_ws/install/ros2_python/lib/ros2_python
[0.357s] Installing ex_sub_node_py script to /home/jaewoo/ros2_ws/install/ros2_python/lib/ros2_python
[0.357s] Installing service_client script to /home/jaewoo/ros2_ws/install/ros2_python/lib/ros2_python
[0.357s] Installing service_server script to /home/jaewoo/ros2_ws/install/ros2_python/lib/ros2_python
[0.357s] writing list of installed files to '/home/jaewoo/ros2_ws/build/ros2_python/install.log'
[0.366s] Invoked command in '/home/jaewoo/ros2_ws/src/ros2_python' returned '0': PYTHONPATH=/home/jaewoo/ros2_ws/build/ros2_python/prefix_override:/usr/lib/python3/dist-packages/colcon_core/task/python/colcon_distutils_commands:/home/jaewoo/ros2_ws/install/ros2_python/lib/python3.10/site-packages:${PYTHONPATH} /usr/bin/python3 -W ignore:setup.py install is deprecated -W ignore:easy_install command is deprecated setup.py egg_info --egg-base ../../build/ros2_python build --build-base /home/jaewoo/ros2_ws/build/ros2_python/build install --record /home/jaewoo/ros2_ws/build/ros2_python/install.log --single-version-externally-managed install_data
