[0.005s] Invoking command in '/home/jaewoo/ros2_ws/build/ros2_cmake': CMAKE_PREFIX_PATH=${CMAKE_PREFIX_PATH}:/opt/ros/humble /usr/bin/cmake --build /home/jaewoo/ros2_ws/build/ros2_cmake -- -j28 -l28
[0.018s] -- Found ament_cmake: 1.3.13 (/opt/ros/humble/share/ament_cmake/cmake)
[0.088s] -- Found rclcpp: 16.0.18 (/opt/ros/humble/share/rclcpp/cmake)
[0.100s] -- Found rosidl_generator_c: 3.1.8 (/opt/ros/humble/share/rosidl_generator_c/cmake)
[0.101s] -- Found rosidl_adapter: 3.1.8 (/opt/ros/humble/share/rosidl_adapter/cmake)
[0.104s] -- Found rosidl_generator_cpp: 3.1.8 (/opt/ros/humble/share/rosidl_generator_cpp/cmake)
[0.108s] -- Using all available rosidl_typesupport_c: rosidl_typesupport_fastrtps_c;rosidl_typesupport_introspection_c
[0.113s] -- Using all available rosidl_typesupport_cpp: rosidl_typesupport_fastrtps_cpp;rosidl_typesupport_introspection_cpp
[0.127s] -- Found rmw_implementation_cmake: 6.1.2 (/opt/ros/humble/share/rmw_implementation_cmake/cmake)
[0.128s] -- Found rmw_fastrtps_cpp: 6.2.10 (/opt/ros/humble/share/rmw_fastrtps_cpp/cmake)
[0.186s] -- Using RMW implementation 'rmw_fastrtps_cpp' as default
[0.213s] -- Found ament_lint_auto: 0.12.15 (/opt/ros/humble/share/ament_lint_auto/cmake)
[0.243s] -- Added test 'cppcheck' to perform static code analysis on C / C++ code
[0.243s] -- Configured cppcheck include dirs: /home/jaewoo/ros2_ws/src/ros2_cmake/include
[0.243s] -- Configured cppcheck exclude dirs and/or files: 
[0.243s] -- Added test 'lint_cmake' to check CMake code style
[0.243s] -- Added test 'uncrustify' to check C / C++ code style
[0.243s] -- Configured uncrustify additional arguments: 
[0.243s] -- Added test 'xmllint' to check XML markup files
[0.243s] -- Configuring done
[0.251s] -- Generating done
[0.253s] -- Build files have been written to: /home/jaewoo/ros2_ws/build/ros2_cmake
[0.270s] [35m[1mConsolidate compiler generated dependencies of target subscriber[0m
[0.271s] [35m[1mConsolidate compiler generated dependencies of target publisher[0m
[0.281s] [ 50%] Built target subscriber
[0.282s] [100%] Built target publisher
[0.287s] Invoked command in '/home/jaewoo/ros2_ws/build/ros2_cmake' returned '0': CMAKE_PREFIX_PATH=${CMAKE_PREFIX_PATH}:/opt/ros/humble /usr/bin/cmake --build /home/jaewoo/ros2_ws/build/ros2_cmake -- -j28 -l28
[0.291s] Invoking command in '/home/jaewoo/ros2_ws/build/ros2_cmake': CMAKE_PREFIX_PATH=${CMAKE_PREFIX_PATH}:/opt/ros/humble /usr/bin/cmake --install /home/jaewoo/ros2_ws/build/ros2_cmake
[0.294s] -- Install configuration: ""
[0.295s] -- Up-to-date: /home/jaewoo/ros2_ws/install/ros2_cmake/lib/ros2_cmake/publisher
[0.295s] -- Up-to-date: /home/jaewoo/ros2_ws/install/ros2_cmake/lib/ros2_cmake/subscriber
[0.295s] -- Up-to-date: /home/jaewoo/ros2_ws/install/ros2_cmake/share/ament_index/resource_index/package_run_dependencies/ros2_cmake
[0.295s] -- Installing: /home/jaewoo/ros2_ws/install/ros2_cmake/share/ament_index/resource_index/parent_prefix_path/ros2_cmake
[0.295s] -- Up-to-date: /home/jaewoo/ros2_ws/install/ros2_cmake/share/ros2_cmake/environment/ament_prefix_path.sh
[0.295s] -- Installing: /home/jaewoo/ros2_ws/install/ros2_cmake/share/ros2_cmake/environment/ament_prefix_path.dsv
[0.295s] -- Up-to-date: /home/jaewoo/ros2_ws/install/ros2_cmake/share/ros2_cmake/environment/path.sh
[0.295s] -- Installing: /home/jaewoo/ros2_ws/install/ros2_cmake/share/ros2_cmake/environment/path.dsv
[0.295s] -- Up-to-date: /home/jaewoo/ros2_ws/install/ros2_cmake/share/ros2_cmake/local_setup.bash
[0.295s] -- Up-to-date: /home/jaewoo/ros2_ws/install/ros2_cmake/share/ros2_cmake/local_setup.sh
[0.295s] -- Up-to-date: /home/jaewoo/ros2_ws/install/ros2_cmake/share/ros2_cmake/local_setup.zsh
[0.295s] -- Installing: /home/jaewoo/ros2_ws/install/ros2_cmake/share/ros2_cmake/local_setup.dsv
[0.295s] -- Installing: /home/jaewoo/ros2_ws/install/ros2_cmake/share/ros2_cmake/package.dsv
[0.295s] -- Up-to-date: /home/jaewoo/ros2_ws/install/ros2_cmake/share/ament_index/resource_index/packages/ros2_cmake
[0.295s] -- Up-to-date: /home/jaewoo/ros2_ws/install/ros2_cmake/share/ros2_cmake/cmake/ros2_cmakeConfig.cmake
[0.295s] -- Up-to-date: /home/jaewoo/ros2_ws/install/ros2_cmake/share/ros2_cmake/cmake/ros2_cmakeConfig-version.cmake
[0.295s] -- Up-to-date: /home/jaewoo/ros2_ws/install/ros2_cmake/share/ros2_cmake/package.xml
[0.296s] Invoked command in '/home/jaewoo/ros2_ws/build/ros2_cmake' returned '0': CMAKE_PREFIX_PATH=${CMAKE_PREFIX_PATH}:/opt/ros/humble /usr/bin/cmake --install /home/jaewoo/ros2_ws/build/ros2_cmake
