[35m[1mConsolidate compiler generated dependencies of target publisher[0m
[ 50%] Built target subscriber
[ 75%] [32mBuilding CXX object CMakeFiles/publisher.dir/src/publisher.cpp.o[0m
[100%] [32m[1mLinking CXX executable publisher[0m
[100%] Built target publisher
-- Install configuration: ""
-- Installing: /home/jaewoo/ros2_ws/install/ros2_cmake/lib/ros2_cmake/publisher
-- Set runtime path of "/home/jaewoo/ros2_ws/install/ros2_cmake/lib/ros2_cmake/publisher" to ""
-- Up-to-date: /home/jaewoo/ros2_ws/install/ros2_cmake/lib/ros2_cmake/subscriber
-- Up-to-date: /home/jaewoo/ros2_ws/install/ros2_cmake/share/ament_index/resource_index/package_run_dependencies/ros2_cmake
-- Up-to-date: /home/jaewoo/ros2_ws/install/ros2_cmake/share/ament_index/resource_index/parent_prefix_path/ros2_cmake
-- Up-to-date: /home/jaewoo/ros2_ws/install/ros2_cmake/share/ros2_cmake/environment/ament_prefix_path.sh
-- Up-to-date: /home/jaewoo/ros2_ws/install/ros2_cmake/share/ros2_cmake/environment/ament_prefix_path.dsv
-- Up-to-date: /home/jaewoo/ros2_ws/install/ros2_cmake/share/ros2_cmake/environment/path.sh
-- Up-to-date: /home/jaewoo/ros2_ws/install/ros2_cmake/share/ros2_cmake/environment/path.dsv
-- Up-to-date: /home/jaewoo/ros2_ws/install/ros2_cmake/share/ros2_cmake/local_setup.bash
-- Up-to-date: /home/jaewoo/ros2_ws/install/ros2_cmake/share/ros2_cmake/local_setup.sh
-- Up-to-date: /home/jaewoo/ros2_ws/install/ros2_cmake/share/ros2_cmake/local_setup.zsh
-- Up-to-date: /home/jaewoo/ros2_ws/install/ros2_cmake/share/ros2_cmake/local_setup.dsv
-- Installing: /home/jaewoo/ros2_ws/install/ros2_cmake/share/ros2_cmake/package.dsv
-- Up-to-date: /home/jaewoo/ros2_ws/install/ros2_cmake/share/ament_index/resource_index/packages/ros2_cmake
-- Up-to-date: /home/jaewoo/ros2_ws/install/ros2_cmake/share/ros2_cmake/cmake/ros2_cmakeConfig.cmake
-- Up-to-date: /home/jaewoo/ros2_ws/install/ros2_cmake/share/ros2_cmake/cmake/ros2_cmakeConfig-version.cmake
-- Up-to-date: /home/jaewoo/ros2_ws/install/ros2_cmake/share/ros2_cmake/package.xml
