[0.252s] Invoking command in '/home/jaewoo/ros2_ws/build/ros2_python': CMAKE_PREFIX_PATH=/home/jaewoo/ros2_ws/install/ros2_interface:/home/jaewoo/ros2_ws/install/ros2_cmake PYTHONPATH=/home/jaewoo/ros2_ws/build/ros2_python/prefix_override:/usr/lib/python3/dist-packages/colcon_core/task/python/colcon_distutils_commands:/home/jaewoo/ros2_ws/install/ros2_python/lib/python3.10/site-packages:${PYTHONPATH} /usr/bin/python3 -W ignore:setup.py install is deprecated -W ignore:easy_install command is deprecated setup.py develop --editable --build-directory /home/jaewoo/ros2_ws/build/ros2_python/build --no-deps symlink_data
[0.359s] running develop
[0.418s] running egg_info
[0.418s] creating ros2_python.egg-info
[0.418s] writing ros2_python.egg-info/PKG-INFO
[0.418s] writing dependency_links to ros2_python.egg-info/dependency_links.txt
[0.418s] writing entry points to ros2_python.egg-info/entry_points.txt
[0.418s] writing requirements to ros2_python.egg-info/requires.txt
[0.418s] writing top-level names to ros2_python.egg-info/top_level.txt
[0.418s] writing manifest file 'ros2_python.egg-info/SOURCES.txt'
[0.419s] reading manifest file 'ros2_python.egg-info/SOURCES.txt'
[0.419s] writing manifest file 'ros2_python.egg-info/SOURCES.txt'
[0.420s] running build_ext
[0.420s] Creating /home/jaewoo/ros2_ws/install/ros2_python/lib/python3.10/site-packages/ros2-python.egg-link (link to .)
[0.420s] Installing action_client script to /home/jaewoo/ros2_ws/install/ros2_python/lib/ros2_python
[0.420s] Installing action_server script to /home/jaewoo/ros2_ws/install/ros2_python/lib/ros2_python
[0.420s] Installing ex_pub_node_py script to /home/jaewoo/ros2_ws/install/ros2_python/lib/ros2_python
[0.420s] Installing ex_sub_node_py script to /home/jaewoo/ros2_ws/install/ros2_python/lib/ros2_python
[0.420s] Installing param_client script to /home/jaewoo/ros2_ws/install/ros2_python/lib/ros2_python
[0.420s] Installing service_client script to /home/jaewoo/ros2_ws/install/ros2_python/lib/ros2_python
[0.420s] Installing service_server script to /home/jaewoo/ros2_ws/install/ros2_python/lib/ros2_python
[0.420s] 
[0.420s] Installed /home/jaewoo/ros2_ws/build/ros2_python
[0.420s] running symlink_data
[0.420s] creating /home/jaewoo/ros2_ws/install/ros2_python/share/ament_index
[0.420s] creating /home/jaewoo/ros2_ws/install/ros2_python/share/ament_index/resource_index
[0.421s] creating /home/jaewoo/ros2_ws/install/ros2_python/share/ament_index/resource_index/packages
[0.421s] symbolically linking /home/jaewoo/ros2_ws/build/ros2_python/resource/ros2_python -> /home/jaewoo/ros2_ws/install/ros2_python/share/ament_index/resource_index/packages
[0.421s] symbolically linking /home/jaewoo/ros2_ws/build/ros2_python/package.xml -> /home/jaewoo/ros2_ws/install/ros2_python/share/ros2_python
[0.421s] creating /home/jaewoo/ros2_ws/install/ros2_python/share/ros2_python/launch
[0.421s] symbolically linking /home/jaewoo/ros2_ws/build/ros2_python/launch/param_launch.py -> /home/jaewoo/ros2_ws/install/ros2_python/share/ros2_python/launch
[0.421s] creating /home/jaewoo/ros2_ws/install/ros2_python/share/ros2_python/param
[0.421s] symbolically linking /home/jaewoo/ros2_ws/build/ros2_python/param/param.yaml -> /home/jaewoo/ros2_ws/install/ros2_python/share/ros2_python/param
[0.432s] Invoked command in '/home/jaewoo/ros2_ws/build/ros2_python' returned '0': CMAKE_PREFIX_PATH=/home/jaewoo/ros2_ws/install/ros2_interface:/home/jaewoo/ros2_ws/install/ros2_cmake PYTHONPATH=/home/jaewoo/ros2_ws/build/ros2_python/prefix_override:/usr/lib/python3/dist-packages/colcon_core/task/python/colcon_distutils_commands:/home/jaewoo/ros2_ws/install/ros2_python/lib/python3.10/site-packages:${PYTHONPATH} /usr/bin/python3 -W ignore:setup.py install is deprecated -W ignore:easy_install command is deprecated setup.py develop --editable --build-directory /home/jaewoo/ros2_ws/build/ros2_python/build --no-deps symlink_data
