In file included from [01m[K/home/jaewoo/ros2_ws/src/ros2_cmake/src/publisher.cpp:1[m[K:
[01m[K/home/jaewoo/ros2_ws/src/ros2_cmake/include/ros2_cmake/publisher.hpp:30:27:[m[K [01;31m[Kerror: [m[K‘[01m[Kgeometry_msgs[m[K’ was not declared in this scope
   30 |         rclcpp::Publisher<[01;31m[Kgeometry_msgs[m[K::msg::String>::SharedPtr publisher_;
      |                           [01;31m[K^~~~~~~~~~~~~[m[K
[01m[K/home/jaewoo/ros2_ws/src/ros2_cmake/include/ros2_cmake/publisher.hpp:30:53:[m[K [01;31m[Kerror: [m[Ktemplate argument 1 is invalid
   30 |         rclcpp::Publisher<geometry_msgs::msg::String[01;31m[K>[m[K::SharedPtr publisher_;
      |                                                     [01;31m[K^[m[K
[01m[K/home/jaewoo/ros2_ws/src/ros2_cmake/include/ros2_cmake/publisher.hpp:30:56:[m[K [01;31m[Kerror: [m[Kexpected ‘[01m[K;[m[K’ at end of member declaration
   30 |       rclcpp::Publisher<geometry_msgs::msg::String>::[01;31m[KSharedPtr[m[K publisher_;
      |                                                      [01;31m[K^~~~~~~~~[m[K
      |                                                               [32m[K;[m[K
[01m[K/home/jaewoo/ros2_ws/src/ros2_cmake/include/ros2_cmake/publisher.hpp:30:66:[m[K [01;31m[Kerror: [m[K‘[01m[Kpublisher_[m[K’ does not name a type; did you mean ‘[01m[Krmw_publisher_t[m[K’?
   30 | pp::Publisher<geometry_msgs::msg::String>::SharedPtr [01;31m[Kpublisher_[m[K;
      |                                                      [01;31m[K^~~~~~~~~~[m[K
      |                                                      [32m[Krmw_publisher_t[m[K
[01m[K/home/jaewoo/ros2_ws/src/ros2_cmake/include/ros2_cmake/publisher.hpp:[m[K In constructor ‘[01m[KStringPublisher::StringPublisher(std::string, std::string)[m[K’:
[01m[K/home/jaewoo/ros2_ws/src/ros2_cmake/include/ros2_cmake/publisher.hpp:16:9:[m[K [01;31m[Kerror: [m[K‘[01m[Kpublisher_[m[K’ was not declared in this scope; did you mean ‘[01m[Krmw_publisher_t[m[K’?
   16 |         [01;31m[Kpublisher_[m[K= this->create_publisher<geometry_msgs::msg::String>(topic_name,10); // Publisher 생성
      |         [01;31m[K^~~~~~~~~~[m[K
      |         [32m[Krmw_publisher_t[m[K
[01m[K/home/jaewoo/ros2_ws/src/ros2_cmake/include/ros2_cmake/publisher.hpp:16:44:[m[K [01;31m[Kerror: [m[K‘[01m[Kgeometry_msgs[m[K’ was not declared in this scope
   16 |         publisher_= this->create_publisher<[01;31m[Kgeometry_msgs[m[K::msg::String>(topic_name,10); // Publisher 생성
      |                                            [01;31m[K^~~~~~~~~~~~~[m[K
[01m[K/home/jaewoo/ros2_ws/src/ros2_cmake/include/ros2_cmake/publisher.hpp:16:27:[m[K [01;31m[Kerror: [m[Kparse error in template argument list
   16 |         publisher_= this->[01;31m[Kcreate_publisher<geometry_msgs::msg::String>[m[K(topic_name,10); // Publisher 생성
      |                           [01;31m[K^~~~~~~~~~~~~~~~~~~~~~~~~~~~~~~~~~~~~~~~~~~~[m[K
[01m[K/home/jaewoo/ros2_ws/src/ros2_cmake/include/ros2_cmake/publisher.hpp:16:71:[m[K [01;31m[Kerror: [m[Kno matching function for call to ‘[01m[KStringPublisher::create_publisher<<expression error> >(std::string&, int)[m[K’
   16 | _= [01;31m[Kthis->create_publisher<geometry_msgs::msg::String>(topic_name,10)[m[K; // Publisher 생성
      |    [01;31m[K~~~~~~~~~~~~~~~~~~~~~~~~~~~~~~~~~~~~~~~~~~~~~~~~~~^~~~~~~~~~~~~~~[m[K

In file included from [01m[K/opt/ros/humble/include/rclcpp/rclcpp/executors/single_threaded_executor.hpp:28[m[K,
                 from [01m[K/opt/ros/humble/include/rclcpp/rclcpp/executors.hpp:22[m[K,
                 from [01m[K/opt/ros/humble/include/rclcpp/rclcpp/rclcpp.hpp:155[m[K,
                 from [01m[K/home/jaewoo/ros2_ws/src/ros2_cmake/include/ros2_cmake/publisher.hpp:5[m[K,
                 from [01m[K/home/jaewoo/ros2_ws/src/ros2_cmake/src/publisher.cpp:1[m[K:
[01m[K/opt/ros/humble/include/rclcpp/rclcpp/node.hpp:195:3:[m[K [01;36m[Knote: [m[Kcandidate: ‘[01m[Ktemplate<class MessageT, class AllocatorT, class PublisherT> std::shared_ptr<PublisherT> rclcpp::Node::create_publisher(const string&, const rclcpp::QoS&, const rclcpp::PublisherOptionsWithAllocator<AllocatorT>&)[m[K’
  195 |   [01;36m[Kcreate_publisher[m[K(
      |   [01;36m[K^~~~~~~~~~~~~~~~[m[K
[01m[K/opt/ros/humble/include/rclcpp/rclcpp/node.hpp:195:3:[m[K [01;36m[Knote: [m[K  template argument deduction/substitution failed:
In file included from [01m[K/home/jaewoo/ros2_ws/src/ros2_cmake/src/publisher.cpp:1[m[K:
[01m[K/home/jaewoo/ros2_ws/src/ros2_cmake/include/ros2_cmake/publisher.hpp:16:71:[m[K [01;31m[Kerror: [m[Ktemplate argument 1 is invalid
   16 | _= [01;31m[Kthis->create_publisher<geometry_msgs::msg::String>(topic_name,10)[m[K; // Publisher 생성
      |    [01;31m[K~~~~~~~~~~~~~~~~~~~~~~~~~~~~~~~~~~~~~~~~~~~~~~~~~~^~~~~~~~~~~~~~~[m[K

[01m[K/home/jaewoo/ros2_ws/src/ros2_cmake/include/ros2_cmake/publisher.hpp:[m[K In member function ‘[01m[Kvoid StringPublisher::timer_callback()[m[K’:
[01m[K/home/jaewoo/ros2_ws/src/ros2_cmake/include/ros2_cmake/publisher.hpp:23:24:[m[K [01;31m[Kerror: [m[K‘[01m[Kgeometry_msgs[m[K’ has not been declared
   23 |         auto message = [01;31m[Kgeometry_msgs[m[K::msg::String();
      |                        [01;31m[K^~~~~~~~~~~~~[m[K
[01m[K/home/jaewoo/ros2_ws/src/ros2_cmake/include/ros2_cmake/publisher.hpp:26:9:[m[K [01;31m[Kerror: [m[K‘[01m[Kpublisher_[m[K’ was not declared in this scope; did you mean ‘[01m[Krmw_publisher_t[m[K’?
   26 |         [01;31m[Kpublisher_[m[K->publish(message);
      |         [01;31m[K^~~~~~~~~~[m[K
      |         [32m[Krmw_publisher_t[m[K
gmake[2]: *** [CMakeFiles/publisher.dir/build.make:76: CMakeFiles/publisher.dir/src/publisher.cpp.o] Error 1
gmake[1]: *** [CMakeFiles/Makefile2:139: CMakeFiles/publisher.dir/all] Error 2
gmake[1]: *** Waiting for unfinished jobs....
gmake: *** [Makefile:146: all] Error 2
