/home/jaewoo/ros2_ws/install/ros2_tf/lib/python3.10/site-packages/ros2_tf/tf2_static_broadcaster.py
/home/jaewoo/ros2_ws/install/ros2_tf/lib/python3.10/site-packages/ros2_tf/__init__.py
/home/jaewoo/ros2_ws/install/ros2_tf/lib/python3.10/site-packages/ros2_tf/tf2_broadcaster.py
/home/jaewoo/ros2_ws/install/ros2_tf/lib/python3.10/site-packages/ros2_tf/tf2_listener.py
/home/jaewoo/ros2_ws/install/ros2_tf/lib/python3.10/site-packages/ros2_tf/__pycache__/tf2_static_broadcaster.cpython-310.pyc
/home/jaewoo/ros2_ws/install/ros2_tf/lib/python3.10/site-packages/ros2_tf/__pycache__/__init__.cpython-310.pyc
/home/jaewoo/ros2_ws/install/ros2_tf/lib/python3.10/site-packages/ros2_tf/__pycache__/tf2_broadcaster.cpython-310.pyc
/home/jaewoo/ros2_ws/install/ros2_tf/lib/python3.10/site-packages/ros2_tf/__pycache__/tf2_listener.cpython-310.pyc
/home/jaewoo/ros2_ws/install/ros2_tf/share/ament_index/resource_index/packages/ros2_tf
/home/jaewoo/ros2_ws/install/ros2_tf/share/ros2_tf/package.xml
/home/jaewoo/ros2_ws/install/ros2_tf/share/ros2_tf/launch/tf_launch.py
/home/jaewoo/ros2_ws/install/ros2_tf/share/ros2_tf/launch/tf_listener_launch.py
/home/jaewoo/ros2_ws/install/ros2_tf/lib/python3.10/site-packages/ros2_tf-0.0.0-py3.10.egg-info/zip-safe
/home/jaewoo/ros2_ws/install/ros2_tf/lib/python3.10/site-packages/ros2_tf-0.0.0-py3.10.egg-info/entry_points.txt
/home/jaewoo/ros2_ws/install/ros2_tf/lib/python3.10/site-packages/ros2_tf-0.0.0-py3.10.egg-info/dependency_links.txt
/home/jaewoo/ros2_ws/install/ros2_tf/lib/python3.10/site-packages/ros2_tf-0.0.0-py3.10.egg-info/requires.txt
/home/jaewoo/ros2_ws/install/ros2_tf/lib/python3.10/site-packages/ros2_tf-0.0.0-py3.10.egg-info/top_level.txt
/home/jaewoo/ros2_ws/install/ros2_tf/lib/python3.10/site-packages/ros2_tf-0.0.0-py3.10.egg-info/SOURCES.txt
/home/jaewoo/ros2_ws/install/ros2_tf/lib/python3.10/site-packages/ros2_tf-0.0.0-py3.10.egg-info/PKG-INFO
/home/jaewoo/ros2_ws/install/ros2_tf/lib/ros2_tf/tf2_broadcaster
/home/jaewoo/ros2_ws/install/ros2_tf/lib/ros2_tf/tf2_listener
/home/jaewoo/ros2_ws/install/ros2_tf/lib/ros2_tf/tf2_static_broadcaster
