[0.005s] Invoking command in '/home/jaewoo/ros2_ws/build/ros2_urdf': CMAKE_PREFIX_PATH=${CMAKE_PREFIX_PATH}:/home/jaewoo/ros2_ws/install/ros2_python:/opt/ros/humble /usr/bin/cmake /home/jaewoo/ros2_ws/src/ros2_urdf -DCMAKE_INSTALL_PREFIX=/home/jaewoo/ros2_ws/install/ros2_urdf
[0.040s] -- The C compiler identification is GNU 11.4.0
[0.109s] -- The CXX compiler identification is GNU 11.4.0
[0.113s] -- Detecting C compiler ABI info
[0.187s] -- Detecting C compiler ABI info - done
[0.202s] -- Check for working C compiler: /usr/bin/cc - skipped
[0.203s] -- Detecting C compile features
[0.204s] -- Detecting C compile features - done
[0.208s] -- Detecting CXX compiler ABI info
[0.296s] -- Detecting CXX compiler ABI info - done
[0.300s] -- Check for working CXX compiler: /usr/bin/c++ - skipped
[0.300s] -- Detecting CXX compile features
[0.300s] -- Detecting CXX compile features - done
[0.301s] -- Found ament_cmake: 1.3.13 (/opt/ros/humble/share/ament_cmake/cmake)
[0.416s] -- Found Python3: /usr/bin/python3 (found version "3.10.12") found components: Interpreter 
[0.460s] -- Found ament_lint_auto: 0.12.15 (/opt/ros/humble/share/ament_lint_auto/cmake)
[0.499s] -- Added test 'flake8' to check Python code syntax and style conventions
[0.499s] -- Added test 'lint_cmake' to check CMake code style
[0.499s] -- Added test 'pep257' to check Python code against some of the docstring style conventions in PEP 257
[0.499s] -- Added test 'xmllint' to check XML markup files
[0.500s] -- Configuring done
[0.501s] -- Generating done
[0.501s] -- Build files have been written to: /home/jaewoo/ros2_ws/build/ros2_urdf
[0.503s] Invoked command in '/home/jaewoo/ros2_ws/build/ros2_urdf' returned '0': CMAKE_PREFIX_PATH=${CMAKE_PREFIX_PATH}:/home/jaewoo/ros2_ws/install/ros2_python:/opt/ros/humble /usr/bin/cmake /home/jaewoo/ros2_ws/src/ros2_urdf -DCMAKE_INSTALL_PREFIX=/home/jaewoo/ros2_ws/install/ros2_urdf
[0.504s] Invoking command in '/home/jaewoo/ros2_ws/build/ros2_urdf': CMAKE_PREFIX_PATH=${CMAKE_PREFIX_PATH}:/home/jaewoo/ros2_ws/install/ros2_python:/opt/ros/humble /usr/bin/cmake --build /home/jaewoo/ros2_ws/build/ros2_urdf -- -j28 -l28
[0.543s] Invoked command in '/home/jaewoo/ros2_ws/build/ros2_urdf' returned '0': CMAKE_PREFIX_PATH=${CMAKE_PREFIX_PATH}:/home/jaewoo/ros2_ws/install/ros2_python:/opt/ros/humble /usr/bin/cmake --build /home/jaewoo/ros2_ws/build/ros2_urdf -- -j28 -l28
[0.562s] Invoking command in '/home/jaewoo/ros2_ws/build/ros2_urdf': CMAKE_PREFIX_PATH=${CMAKE_PREFIX_PATH}:/home/jaewoo/ros2_ws/install/ros2_python:/opt/ros/humble /usr/bin/cmake --install /home/jaewoo/ros2_ws/build/ros2_urdf
[0.579s] -- Install configuration: ""
[0.579s] -- Installing: /home/jaewoo/ros2_ws/install/ros2_urdf/share/ros2_urdf/launch
[0.580s] -- Installing: /home/jaewoo/ros2_ws/install/ros2_urdf/share/ros2_urdf/launch/robot_launch.py
[0.580s] -- Installing: /home/jaewoo/ros2_ws/install/ros2_urdf/share/ament_index/resource_index/package_run_dependencies/ros2_urdf
[0.581s] -- Installing: /home/jaewoo/ros2_ws/install/ros2_urdf/share/ament_index/resource_index/parent_prefix_path/ros2_urdf
[0.581s] -- Installing: /home/jaewoo/ros2_ws/install/ros2_urdf/share/ros2_urdf/environment/ament_prefix_path.sh
[0.581s] -- Installing: /home/jaewoo/ros2_ws/install/ros2_urdf/share/ros2_urdf/environment/ament_prefix_path.dsv
[0.581s] -- Installing: /home/jaewoo/ros2_ws/install/ros2_urdf/share/ros2_urdf/environment/path.sh
[0.581s] -- Installing: /home/jaewoo/ros2_ws/install/ros2_urdf/share/ros2_urdf/environment/path.dsv
[0.581s] -- Installing: /home/jaewoo/ros2_ws/install/ros2_urdf/share/ros2_urdf/local_setup.bash
[0.581s] -- Installing: /home/jaewoo/ros2_ws/install/ros2_urdf/share/ros2_urdf/local_setup.sh
[0.581s] -- Installing: /home/jaewoo/ros2_ws/install/ros2_urdf/share/ros2_urdf/local_setup.zsh
[0.582s] -- Installing: /home/jaewoo/ros2_ws/install/ros2_urdf/share/ros2_urdf/local_setup.dsv
[0.582s] -- Installing: /home/jaewoo/ros2_ws/install/ros2_urdf/share/ros2_urdf/package.dsv
[0.582s] -- Installing: /home/jaewoo/ros2_ws/install/ros2_urdf/share/ament_index/resource_index/packages/ros2_urdf
[0.582s] -- Installing: /home/jaewoo/ros2_ws/install/ros2_urdf/share/ros2_urdf/cmake/ros2_urdfConfig.cmake
[0.582s] -- Installing: /home/jaewoo/ros2_ws/install/ros2_urdf/share/ros2_urdf/cmake/ros2_urdfConfig-version.cmake
[0.583s] -- Installing: /home/jaewoo/ros2_ws/install/ros2_urdf/share/ros2_urdf/package.xml
[0.586s] Invoked command in '/home/jaewoo/ros2_ws/build/ros2_urdf' returned '0': CMAKE_PREFIX_PATH=${CMAKE_PREFIX_PATH}:/home/jaewoo/ros2_ws/install/ros2_python:/opt/ros/humble /usr/bin/cmake --install /home/jaewoo/ros2_ws/build/ros2_urdf
