running egg_info
creating ../../build/ros2_python/ros2_python.egg-info
writing ../../build/ros2_python/ros2_python.egg-info/PKG-INFO
writing dependency_links to ../../build/ros2_python/ros2_python.egg-info/dependency_links.txt
writing entry points to ../../build/ros2_python/ros2_python.egg-info/entry_points.txt
writing requirements to ../../build/ros2_python/ros2_python.egg-info/requires.txt
writing top-level names to ../../build/ros2_python/ros2_python.egg-info/top_level.txt
writing manifest file '../../build/ros2_python/ros2_python.egg-info/SOURCES.txt'
reading manifest file '../../build/ros2_python/ros2_python.egg-info/SOURCES.txt'
writing manifest file '../../build/ros2_python/ros2_python.egg-info/SOURCES.txt'
running build
running build_py
creating /home/jaewoo/ros2_ws/build/ros2_python/build
creating /home/jaewoo/ros2_ws/build/ros2_python/build/lib
creating /home/jaewoo/ros2_ws/build/ros2_python/build/lib/ros2_python
copying ros2_python/__init__.py -> /home/jaewoo/ros2_ws/build/ros2_python/build/lib/ros2_python
running install
running install_lib
creating /home/jaewoo/ros2_ws/install/ros2_python/lib/python3.10/site-packages/ros2_python
copying /home/jaewoo/ros2_ws/build/ros2_python/build/lib/ros2_python/__init__.py -> /home/jaewoo/ros2_ws/install/ros2_python/lib/python3.10/site-packages/ros2_python
byte-compiling /home/jaewoo/ros2_ws/install/ros2_python/lib/python3.10/site-packages/ros2_python/__init__.py to __init__.cpython-310.pyc
running install_data
creating /home/jaewoo/ros2_ws/install/ros2_python/share/ament_index
creating /home/jaewoo/ros2_ws/install/ros2_python/share/ament_index/resource_index
creating /home/jaewoo/ros2_ws/install/ros2_python/share/ament_index/resource_index/packages
copying resource/ros2_python -> /home/jaewoo/ros2_ws/install/ros2_python/share/ament_index/resource_index/packages
copying package.xml -> /home/jaewoo/ros2_ws/install/ros2_python/share/ros2_python
running install_egg_info
Copying ../../build/ros2_python/ros2_python.egg-info to /home/jaewoo/ros2_ws/install/ros2_python/lib/python3.10/site-packages/ros2_python-0.0.0-py3.10.egg-info
running install_scripts
Installing ex_pub_node_py script to /home/jaewoo/ros2_ws/install/ros2_python/lib/ros2_python
Installing ex_sub_node_py script to /home/jaewoo/ros2_ws/install/ros2_python/lib/ros2_python
writing list of installed files to '/home/jaewoo/ros2_ws/build/ros2_python/install.log'
