[0.045s] DEBUG:colcon:Command line arguments: ['/usr/bin/colcon', 'build', '--symlink-install']
[0.045s] DEBUG:colcon:Parsed command line arguments: Namespace(log_base=None, log_level=None, verb_name='build', build_base='build', install_base='install', merge_install=False, symlink_install=True, test_result_base=None, continue_on_error=False, executor='parallel', parallel_workers=28, event_handlers=None, ignore_user_meta=False, metas=['./colcon.meta'], base_paths=['.'], packages_ignore=None, packages_ignore_regex=None, paths=None, packages_up_to=None, packages_up_to_regex=None, packages_above=None, packages_above_and_dependencies=None, packages_above_depth=None, packages_select_by_dep=None, packages_skip_by_dep=None, packages_skip_up_to=None, packages_select_build_failed=False, packages_skip_build_finished=False, packages_select_test_failures=False, packages_skip_test_passed=False, packages_select=None, packages_skip=None, packages_select_regex=None, packages_skip_regex=None, packages_start=None, packages_end=None, allow_overriding=[], cmake_args=None, cmake_target=None, cmake_target_skip_unavailable=False, cmake_clean_cache=False, cmake_clean_first=False, cmake_force_configure=False, ament_cmake_args=None, catkin_cmake_args=None, catkin_skip_building_tests=False, mixin_files=None, mixin=None, verb_parser=<colcon_mixin.mixin.mixin_argument.MixinArgumentDecorator object at 0x7b50a5745cc0>, verb_extension=<colcon_core.verb.build.BuildVerb object at 0x7b50a58c7490>, main=<bound method BuildVerb.main of <colcon_core.verb.build.BuildVerb object at 0x7b50a58c7490>>, mixin_verb=('build',))
[0.110s] Level 1:colcon.colcon_core.package_discovery:discover_packages(colcon_meta) check parameters
[0.110s] Level 1:colcon.colcon_core.package_discovery:discover_packages(recursive) check parameters
[0.110s] Level 1:colcon.colcon_core.package_discovery:discover_packages(ignore) check parameters
[0.110s] Level 1:colcon.colcon_core.package_discovery:discover_packages(path) check parameters
[0.110s] Level 1:colcon.colcon_core.package_discovery:discover_packages(colcon_meta) discover
[0.110s] Level 1:colcon.colcon_core.package_discovery:discover_packages(recursive) discover
[0.110s] INFO:colcon.colcon_core.package_discovery:Crawling recursively for packages in '/home/jaewoo/ros2_ws'
[0.110s] Level 1:colcon.colcon_core.package_identification:_identify(.) by extensions ['ignore', 'ignore_ament_install']
[0.110s] Level 1:colcon.colcon_core.package_identification:_identify(.) by extension 'ignore'
[0.110s] Level 1:colcon.colcon_core.package_identification:_identify(.) by extension 'ignore_ament_install'
[0.110s] Level 1:colcon.colcon_core.package_identification:_identify(.) by extensions ['colcon_pkg']
[0.110s] Level 1:colcon.colcon_core.package_identification:_identify(.) by extension 'colcon_pkg'
[0.110s] Level 1:colcon.colcon_core.package_identification:_identify(.) by extensions ['colcon_meta']
[0.111s] Level 1:colcon.colcon_core.package_identification:_identify(.) by extension 'colcon_meta'
[0.111s] Level 1:colcon.colcon_core.package_identification:_identify(.) by extensions ['ros']
[0.111s] Level 1:colcon.colcon_core.package_identification:_identify(.) by extension 'ros'
[0.116s] Level 1:colcon.colcon_core.package_identification:_identify(.) by extensions ['cmake', 'python']
[0.116s] Level 1:colcon.colcon_core.package_identification:_identify(.) by extension 'cmake'
[0.116s] Level 1:colcon.colcon_core.package_identification:_identify(.) by extension 'python'
[0.116s] Level 1:colcon.colcon_core.package_identification:_identify(.) by extensions ['python_setup_py']
[0.116s] Level 1:colcon.colcon_core.package_identification:_identify(.) by extension 'python_setup_py'
[0.116s] Level 1:colcon.colcon_core.package_identification:_identify(build) by extensions ['ignore', 'ignore_ament_install']
[0.116s] Level 1:colcon.colcon_core.package_identification:_identify(build) by extension 'ignore'
[0.116s] Level 1:colcon.colcon_core.package_identification:_identify(build) ignored
[0.116s] Level 1:colcon.colcon_core.package_identification:_identify(install) by extensions ['ignore', 'ignore_ament_install']
[0.116s] Level 1:colcon.colcon_core.package_identification:_identify(install) by extension 'ignore'
[0.116s] Level 1:colcon.colcon_core.package_identification:_identify(install) ignored
[0.116s] Level 1:colcon.colcon_core.package_identification:_identify(log) by extensions ['ignore', 'ignore_ament_install']
[0.116s] Level 1:colcon.colcon_core.package_identification:_identify(log) by extension 'ignore'
[0.116s] Level 1:colcon.colcon_core.package_identification:_identify(log) ignored
[0.116s] Level 1:colcon.colcon_core.package_identification:_identify(src) by extensions ['ignore', 'ignore_ament_install']
[0.116s] Level 1:colcon.colcon_core.package_identification:_identify(src) by extension 'ignore'
[0.116s] Level 1:colcon.colcon_core.package_identification:_identify(src) by extension 'ignore_ament_install'
[0.116s] Level 1:colcon.colcon_core.package_identification:_identify(src) by extensions ['colcon_pkg']
[0.116s] Level 1:colcon.colcon_core.package_identification:_identify(src) by extension 'colcon_pkg'
[0.116s] Level 1:colcon.colcon_core.package_identification:_identify(src) by extensions ['colcon_meta']
[0.116s] Level 1:colcon.colcon_core.package_identification:_identify(src) by extension 'colcon_meta'
[0.116s] Level 1:colcon.colcon_core.package_identification:_identify(src) by extensions ['ros']
[0.116s] Level 1:colcon.colcon_core.package_identification:_identify(src) by extension 'ros'
[0.116s] Level 1:colcon.colcon_core.package_identification:_identify(src) by extensions ['cmake', 'python']
[0.116s] Level 1:colcon.colcon_core.package_identification:_identify(src) by extension 'cmake'
[0.116s] Level 1:colcon.colcon_core.package_identification:_identify(src) by extension 'python'
[0.116s] Level 1:colcon.colcon_core.package_identification:_identify(src) by extensions ['python_setup_py']
[0.116s] Level 1:colcon.colcon_core.package_identification:_identify(src) by extension 'python_setup_py'
[0.116s] Level 1:colcon.colcon_core.package_identification:_identify(src/ros2_cmake) by extensions ['ignore', 'ignore_ament_install']
[0.116s] Level 1:colcon.colcon_core.package_identification:_identify(src/ros2_cmake) by extension 'ignore'
[0.116s] Level 1:colcon.colcon_core.package_identification:_identify(src/ros2_cmake) by extension 'ignore_ament_install'
[0.116s] Level 1:colcon.colcon_core.package_identification:_identify(src/ros2_cmake) by extensions ['colcon_pkg']
[0.116s] Level 1:colcon.colcon_core.package_identification:_identify(src/ros2_cmake) by extension 'colcon_pkg'
[0.116s] Level 1:colcon.colcon_core.package_identification:_identify(src/ros2_cmake) by extensions ['colcon_meta']
[0.116s] Level 1:colcon.colcon_core.package_identification:_identify(src/ros2_cmake) by extension 'colcon_meta'
[0.116s] Level 1:colcon.colcon_core.package_identification:_identify(src/ros2_cmake) by extensions ['ros']
[0.116s] Level 1:colcon.colcon_core.package_identification:_identify(src/ros2_cmake) by extension 'ros'
[0.118s] DEBUG:colcon.colcon_core.package_identification:Package 'src/ros2_cmake' with type 'ros.ament_cmake' and name 'ros2_cmake'
[0.118s] Level 1:colcon.colcon_core.package_identification:_identify(src/ros2_interface) by extensions ['ignore', 'ignore_ament_install']
[0.118s] Level 1:colcon.colcon_core.package_identification:_identify(src/ros2_interface) by extension 'ignore'
[0.118s] Level 1:colcon.colcon_core.package_identification:_identify(src/ros2_interface) by extension 'ignore_ament_install'
[0.118s] Level 1:colcon.colcon_core.package_identification:_identify(src/ros2_interface) by extensions ['colcon_pkg']
[0.118s] Level 1:colcon.colcon_core.package_identification:_identify(src/ros2_interface) by extension 'colcon_pkg'
[0.118s] Level 1:colcon.colcon_core.package_identification:_identify(src/ros2_interface) by extensions ['colcon_meta']
[0.118s] Level 1:colcon.colcon_core.package_identification:_identify(src/ros2_interface) by extension 'colcon_meta'
[0.118s] Level 1:colcon.colcon_core.package_identification:_identify(src/ros2_interface) by extensions ['ros']
[0.118s] Level 1:colcon.colcon_core.package_identification:_identify(src/ros2_interface) by extension 'ros'
[0.118s] DEBUG:colcon.colcon_core.package_identification:Package 'src/ros2_interface' with type 'ros.ament_cmake' and name 'ros2_interface'
[0.118s] Level 1:colcon.colcon_core.package_identification:_identify(src/ros2_python) by extensions ['ignore', 'ignore_ament_install']
[0.118s] Level 1:colcon.colcon_core.package_identification:_identify(src/ros2_python) by extension 'ignore'
[0.118s] Level 1:colcon.colcon_core.package_identification:_identify(src/ros2_python) by extension 'ignore_ament_install'
[0.118s] Level 1:colcon.colcon_core.package_identification:_identify(src/ros2_python) by extensions ['colcon_pkg']
[0.118s] Level 1:colcon.colcon_core.package_identification:_identify(src/ros2_python) by extension 'colcon_pkg'
[0.118s] Level 1:colcon.colcon_core.package_identification:_identify(src/ros2_python) by extensions ['colcon_meta']
[0.118s] Level 1:colcon.colcon_core.package_identification:_identify(src/ros2_python) by extension 'colcon_meta'
[0.118s] Level 1:colcon.colcon_core.package_identification:_identify(src/ros2_python) by extensions ['ros']
[0.118s] Level 1:colcon.colcon_core.package_identification:_identify(src/ros2_python) by extension 'ros'
[0.118s] DEBUG:colcon.colcon_core.package_identification:Package 'src/ros2_python' with type 'ros.ament_python' and name 'ros2_python'
[0.118s] Level 1:colcon.colcon_core.package_discovery:discover_packages(recursive) using defaults
[0.118s] Level 1:colcon.colcon_core.package_discovery:discover_packages(ignore) discover
[0.118s] Level 1:colcon.colcon_core.package_discovery:discover_packages(ignore) using defaults
[0.118s] Level 1:colcon.colcon_core.package_discovery:discover_packages(path) discover
[0.118s] Level 1:colcon.colcon_core.package_discovery:discover_packages(path) using defaults
[0.132s] Level 1:colcon.colcon_core.package_discovery:discover_packages(prefix_path) check parameters
[0.132s] Level 1:colcon.colcon_core.package_discovery:discover_packages(prefix_path) discover
[0.132s] WARNING:colcon.colcon_ros.prefix_path.ament:The path '/home/jaewoo/ros2_ws/install/ros2_cmake' in the environment variable AMENT_PREFIX_PATH doesn't exist
[0.132s] WARNING:colcon.colcon_ros.prefix_path.ament:The path '/home/jaewoo/ros2_ws/install/ros2_interface' in the environment variable AMENT_PREFIX_PATH doesn't exist
[0.132s] WARNING:colcon.colcon_ros.prefix_path.catkin:The path '/home/jaewoo/ros2_ws/install/ros2_cmake' in the environment variable CMAKE_PREFIX_PATH doesn't exist
[0.132s] WARNING:colcon.colcon_ros.prefix_path.catkin:The path '/home/jaewoo/ros2_ws/install/ros2_interface' in the environment variable CMAKE_PREFIX_PATH doesn't exist
[0.133s] DEBUG:colcon.colcon_installed_package_information.package_discovery:Found 0 installed packages in /home/jaewoo/ros2_ws/install
[0.133s] DEBUG:colcon.colcon_installed_package_information.package_discovery:Found 272 installed packages in /opt/ros/humble
[0.134s] Level 1:colcon.colcon_core.package_discovery:discover_packages(prefix_path) using defaults
[0.148s] Level 5:colcon.colcon_core.verb:set package 'ros2_interface' build argument 'cmake_args' from command line to 'None'
[0.148s] Level 5:colcon.colcon_core.verb:set package 'ros2_interface' build argument 'cmake_target' from command line to 'None'
[0.148s] Level 5:colcon.colcon_core.verb:set package 'ros2_interface' build argument 'cmake_target_skip_unavailable' from command line to 'False'
[0.148s] Level 5:colcon.colcon_core.verb:set package 'ros2_interface' build argument 'cmake_clean_cache' from command line to 'False'
[0.148s] Level 5:colcon.colcon_core.verb:set package 'ros2_interface' build argument 'cmake_clean_first' from command line to 'False'
[0.148s] Level 5:colcon.colcon_core.verb:set package 'ros2_interface' build argument 'cmake_force_configure' from command line to 'False'
[0.148s] Level 5:colcon.colcon_core.verb:set package 'ros2_interface' build argument 'ament_cmake_args' from command line to 'None'
[0.148s] Level 5:colcon.colcon_core.verb:set package 'ros2_interface' build argument 'catkin_cmake_args' from command line to 'None'
[0.148s] Level 5:colcon.colcon_core.verb:set package 'ros2_interface' build argument 'catkin_skip_building_tests' from command line to 'False'
[0.148s] DEBUG:colcon.colcon_core.verb:Building package 'ros2_interface' with the following arguments: {'ament_cmake_args': None, 'build_base': '/home/jaewoo/ros2_ws/build/ros2_interface', 'catkin_cmake_args': None, 'catkin_skip_building_tests': False, 'cmake_args': None, 'cmake_clean_cache': False, 'cmake_clean_first': False, 'cmake_force_configure': False, 'cmake_target': None, 'cmake_target_skip_unavailable': False, 'install_base': '/home/jaewoo/ros2_ws/install/ros2_interface', 'merge_install': False, 'path': '/home/jaewoo/ros2_ws/src/ros2_interface', 'symlink_install': True, 'test_result_base': None}
[0.148s] Level 5:colcon.colcon_core.verb:set package 'ros2_cmake' build argument 'cmake_args' from command line to 'None'
[0.148s] Level 5:colcon.colcon_core.verb:set package 'ros2_cmake' build argument 'cmake_target' from command line to 'None'
[0.148s] Level 5:colcon.colcon_core.verb:set package 'ros2_cmake' build argument 'cmake_target_skip_unavailable' from command line to 'False'
[0.148s] Level 5:colcon.colcon_core.verb:set package 'ros2_cmake' build argument 'cmake_clean_cache' from command line to 'False'
[0.148s] Level 5:colcon.colcon_core.verb:set package 'ros2_cmake' build argument 'cmake_clean_first' from command line to 'False'
[0.148s] Level 5:colcon.colcon_core.verb:set package 'ros2_cmake' build argument 'cmake_force_configure' from command line to 'False'
[0.148s] Level 5:colcon.colcon_core.verb:set package 'ros2_cmake' build argument 'ament_cmake_args' from command line to 'None'
[0.148s] Level 5:colcon.colcon_core.verb:set package 'ros2_cmake' build argument 'catkin_cmake_args' from command line to 'None'
[0.148s] Level 5:colcon.colcon_core.verb:set package 'ros2_cmake' build argument 'catkin_skip_building_tests' from command line to 'False'
[0.148s] DEBUG:colcon.colcon_core.verb:Building package 'ros2_cmake' with the following arguments: {'ament_cmake_args': None, 'build_base': '/home/jaewoo/ros2_ws/build/ros2_cmake', 'catkin_cmake_args': None, 'catkin_skip_building_tests': False, 'cmake_args': None, 'cmake_clean_cache': False, 'cmake_clean_first': False, 'cmake_force_configure': False, 'cmake_target': None, 'cmake_target_skip_unavailable': False, 'install_base': '/home/jaewoo/ros2_ws/install/ros2_cmake', 'merge_install': False, 'path': '/home/jaewoo/ros2_ws/src/ros2_cmake', 'symlink_install': True, 'test_result_base': None}
[0.149s] Level 5:colcon.colcon_core.verb:set package 'ros2_python' build argument 'cmake_args' from command line to 'None'
[0.149s] Level 5:colcon.colcon_core.verb:set package 'ros2_python' build argument 'cmake_target' from command line to 'None'
[0.149s] Level 5:colcon.colcon_core.verb:set package 'ros2_python' build argument 'cmake_target_skip_unavailable' from command line to 'False'
[0.149s] Level 5:colcon.colcon_core.verb:set package 'ros2_python' build argument 'cmake_clean_cache' from command line to 'False'
[0.149s] Level 5:colcon.colcon_core.verb:set package 'ros2_python' build argument 'cmake_clean_first' from command line to 'False'
[0.149s] Level 5:colcon.colcon_core.verb:set package 'ros2_python' build argument 'cmake_force_configure' from command line to 'False'
[0.149s] Level 5:colcon.colcon_core.verb:set package 'ros2_python' build argument 'ament_cmake_args' from command line to 'None'
[0.149s] Level 5:colcon.colcon_core.verb:set package 'ros2_python' build argument 'catkin_cmake_args' from command line to 'None'
[0.149s] Level 5:colcon.colcon_core.verb:set package 'ros2_python' build argument 'catkin_skip_building_tests' from command line to 'False'
[0.149s] DEBUG:colcon.colcon_core.verb:Building package 'ros2_python' with the following arguments: {'ament_cmake_args': None, 'build_base': '/home/jaewoo/ros2_ws/build/ros2_python', 'catkin_cmake_args': None, 'catkin_skip_building_tests': False, 'cmake_args': None, 'cmake_clean_cache': False, 'cmake_clean_first': False, 'cmake_force_configure': False, 'cmake_target': None, 'cmake_target_skip_unavailable': False, 'install_base': '/home/jaewoo/ros2_ws/install/ros2_python', 'merge_install': False, 'path': '/home/jaewoo/ros2_ws/src/ros2_python', 'symlink_install': True, 'test_result_base': None}
[0.149s] INFO:colcon.colcon_core.executor:Executing jobs using 'parallel' executor
[0.149s] DEBUG:colcon.colcon_parallel_executor.executor.parallel:run_until_complete
[0.149s] INFO:colcon.colcon_ros.task.ament_cmake.build:Building ROS package in '/home/jaewoo/ros2_ws/src/ros2_interface' with build type 'ament_cmake'
[0.149s] INFO:colcon.colcon_cmake.task.cmake.build:Building CMake package in '/home/jaewoo/ros2_ws/src/ros2_interface'
[0.150s] INFO:colcon.colcon_core.plugin_system:Skipping extension 'colcon_core.shell.bat': Not used on non-Windows systems
[0.150s] INFO:colcon.colcon_core.shell:Skip shell extension 'powershell' for command environment: Not usable outside of PowerShell
[0.150s] DEBUG:colcon.colcon_core.shell:Skip shell extension 'dsv' for command environment
[0.154s] DEBUG:colcon.colcon_core.event_handler.log_command:Invoking command in '/home/jaewoo/ros2_ws/build/ros2_interface': CMAKE_PREFIX_PATH=${CMAKE_PREFIX_PATH}:/home/jaewoo/ros2_ws/install/ros2_python:/opt/ros/humble /usr/bin/cmake /home/jaewoo/ros2_ws/src/ros2_interface -DAMENT_CMAKE_SYMLINK_INSTALL=1 -DCMAKE_INSTALL_PREFIX=/home/jaewoo/ros2_ws/install/ros2_interface
[1.105s] DEBUG:colcon.colcon_core.event_handler.log_command:Invoked command in '/home/jaewoo/ros2_ws/build/ros2_interface' returned '0': CMAKE_PREFIX_PATH=${CMAKE_PREFIX_PATH}:/home/jaewoo/ros2_ws/install/ros2_python:/opt/ros/humble /usr/bin/cmake /home/jaewoo/ros2_ws/src/ros2_interface -DAMENT_CMAKE_SYMLINK_INSTALL=1 -DCMAKE_INSTALL_PREFIX=/home/jaewoo/ros2_ws/install/ros2_interface
[1.106s] DEBUG:colcon.colcon_core.event_handler.log_command:Invoking command in '/home/jaewoo/ros2_ws/build/ros2_interface': CMAKE_PREFIX_PATH=${CMAKE_PREFIX_PATH}:/home/jaewoo/ros2_ws/install/ros2_python:/opt/ros/humble /usr/bin/cmake --build /home/jaewoo/ros2_ws/build/ros2_interface -- -j28 -l28
[2.578s] DEBUG:colcon.colcon_core.event_handler.log_command:Invoked command in '/home/jaewoo/ros2_ws/build/ros2_interface' returned '0': CMAKE_PREFIX_PATH=${CMAKE_PREFIX_PATH}:/home/jaewoo/ros2_ws/install/ros2_python:/opt/ros/humble /usr/bin/cmake --build /home/jaewoo/ros2_ws/build/ros2_interface -- -j28 -l28
[2.587s] DEBUG:colcon.colcon_core.event_handler.log_command:Invoking command in '/home/jaewoo/ros2_ws/build/ros2_interface': CMAKE_PREFIX_PATH=${CMAKE_PREFIX_PATH}:/home/jaewoo/ros2_ws/install/ros2_python:/opt/ros/humble /usr/bin/cmake --install /home/jaewoo/ros2_ws/build/ros2_interface
[3.086s] Level 1:colcon.colcon_core.environment:create_environment_scripts_only(ros2_interface)
[3.087s] DEBUG:colcon.colcon_core.event_handler.log_command:Invoked command in '/home/jaewoo/ros2_ws/build/ros2_interface' returned '0': CMAKE_PREFIX_PATH=${CMAKE_PREFIX_PATH}:/home/jaewoo/ros2_ws/install/ros2_python:/opt/ros/humble /usr/bin/cmake --install /home/jaewoo/ros2_ws/build/ros2_interface
[3.088s] Level 1:colcon.colcon_core.environment:checking '/home/jaewoo/ros2_ws/install/ros2_interface' for CMake module files
[3.089s] Level 1:colcon.colcon_core.environment:checking '/home/jaewoo/ros2_ws/install/ros2_interface' for CMake config files
[3.090s] Level 1:colcon.colcon_core.shell:create_environment_hook('ros2_interface', 'cmake_prefix_path')
[3.090s] INFO:colcon.colcon_core.shell:Creating environment hook '/home/jaewoo/ros2_ws/install/ros2_interface/share/ros2_interface/hook/cmake_prefix_path.ps1'
[3.090s] INFO:colcon.colcon_core.shell:Creating environment descriptor '/home/jaewoo/ros2_ws/install/ros2_interface/share/ros2_interface/hook/cmake_prefix_path.dsv'
[3.091s] INFO:colcon.colcon_core.shell:Creating environment hook '/home/jaewoo/ros2_ws/install/ros2_interface/share/ros2_interface/hook/cmake_prefix_path.sh'
[3.091s] Level 1:colcon.colcon_core.environment:checking '/home/jaewoo/ros2_ws/install/ros2_interface/lib'
[3.091s] Level 1:colcon.colcon_core.shell:create_environment_hook('ros2_interface', 'ld_library_path_lib')
[3.091s] INFO:colcon.colcon_core.shell:Creating environment hook '/home/jaewoo/ros2_ws/install/ros2_interface/share/ros2_interface/hook/ld_library_path_lib.ps1'
[3.092s] INFO:colcon.colcon_core.shell:Creating environment descriptor '/home/jaewoo/ros2_ws/install/ros2_interface/share/ros2_interface/hook/ld_library_path_lib.dsv'
[3.092s] INFO:colcon.colcon_core.shell:Creating environment hook '/home/jaewoo/ros2_ws/install/ros2_interface/share/ros2_interface/hook/ld_library_path_lib.sh'
[3.092s] Level 1:colcon.colcon_core.environment:checking '/home/jaewoo/ros2_ws/install/ros2_interface/bin'
[3.092s] Level 1:colcon.colcon_core.environment:checking '/home/jaewoo/ros2_ws/install/ros2_interface/lib/pkgconfig/ros2_interface.pc'
[3.092s] Level 1:colcon.colcon_core.environment:checking '/home/jaewoo/ros2_ws/install/ros2_interface/lib/python3.10/site-packages'
[3.092s] Level 1:colcon.colcon_core.environment:checking '/home/jaewoo/ros2_ws/install/ros2_interface/bin'
[3.092s] INFO:colcon.colcon_core.shell:Creating package script '/home/jaewoo/ros2_ws/install/ros2_interface/share/ros2_interface/package.ps1'
[3.093s] INFO:colcon.colcon_core.shell:Creating package descriptor '/home/jaewoo/ros2_ws/install/ros2_interface/share/ros2_interface/package.dsv'
[3.093s] INFO:colcon.colcon_core.shell:Creating package script '/home/jaewoo/ros2_ws/install/ros2_interface/share/ros2_interface/package.sh'
[3.093s] INFO:colcon.colcon_core.shell:Creating package script '/home/jaewoo/ros2_ws/install/ros2_interface/share/ros2_interface/package.bash'
[3.093s] INFO:colcon.colcon_core.shell:Creating package script '/home/jaewoo/ros2_ws/install/ros2_interface/share/ros2_interface/package.zsh'
[3.094s] Level 1:colcon.colcon_core.environment:create_file_with_runtime_dependencies(/home/jaewoo/ros2_ws/install/ros2_interface/share/colcon-core/packages/ros2_interface)
[3.094s] Level 1:colcon.colcon_core.environment:create_environment_scripts_only(ros2_interface)
[3.094s] Level 1:colcon.colcon_core.environment:checking '/home/jaewoo/ros2_ws/install/ros2_interface' for CMake module files
[3.094s] Level 1:colcon.colcon_core.environment:checking '/home/jaewoo/ros2_ws/install/ros2_interface' for CMake config files
[3.095s] Level 1:colcon.colcon_core.shell:create_environment_hook('ros2_interface', 'cmake_prefix_path')
[3.095s] INFO:colcon.colcon_core.shell:Creating environment hook '/home/jaewoo/ros2_ws/install/ros2_interface/share/ros2_interface/hook/cmake_prefix_path.ps1'
[3.095s] INFO:colcon.colcon_core.shell:Creating environment descriptor '/home/jaewoo/ros2_ws/install/ros2_interface/share/ros2_interface/hook/cmake_prefix_path.dsv'
[3.095s] INFO:colcon.colcon_core.shell:Creating environment hook '/home/jaewoo/ros2_ws/install/ros2_interface/share/ros2_interface/hook/cmake_prefix_path.sh'
[3.095s] Level 1:colcon.colcon_core.environment:checking '/home/jaewoo/ros2_ws/install/ros2_interface/lib'
[3.095s] Level 1:colcon.colcon_core.shell:create_environment_hook('ros2_interface', 'ld_library_path_lib')
[3.095s] INFO:colcon.colcon_core.shell:Creating environment hook '/home/jaewoo/ros2_ws/install/ros2_interface/share/ros2_interface/hook/ld_library_path_lib.ps1'
[3.095s] INFO:colcon.colcon_core.shell:Creating environment descriptor '/home/jaewoo/ros2_ws/install/ros2_interface/share/ros2_interface/hook/ld_library_path_lib.dsv'
[3.096s] INFO:colcon.colcon_core.shell:Creating environment hook '/home/jaewoo/ros2_ws/install/ros2_interface/share/ros2_interface/hook/ld_library_path_lib.sh'
[3.096s] Level 1:colcon.colcon_core.environment:checking '/home/jaewoo/ros2_ws/install/ros2_interface/bin'
[3.096s] Level 1:colcon.colcon_core.environment:checking '/home/jaewoo/ros2_ws/install/ros2_interface/lib/pkgconfig/ros2_interface.pc'
[3.096s] Level 1:colcon.colcon_core.environment:checking '/home/jaewoo/ros2_ws/install/ros2_interface/lib/python3.10/site-packages'
[3.096s] Level 1:colcon.colcon_core.environment:checking '/home/jaewoo/ros2_ws/install/ros2_interface/bin'
[3.096s] INFO:colcon.colcon_core.shell:Creating package script '/home/jaewoo/ros2_ws/install/ros2_interface/share/ros2_interface/package.ps1'
[3.096s] INFO:colcon.colcon_core.shell:Creating package descriptor '/home/jaewoo/ros2_ws/install/ros2_interface/share/ros2_interface/package.dsv'
[3.096s] INFO:colcon.colcon_core.shell:Creating package script '/home/jaewoo/ros2_ws/install/ros2_interface/share/ros2_interface/package.sh'
[3.097s] INFO:colcon.colcon_core.shell:Creating package script '/home/jaewoo/ros2_ws/install/ros2_interface/share/ros2_interface/package.bash'
[3.097s] INFO:colcon.colcon_core.shell:Creating package script '/home/jaewoo/ros2_ws/install/ros2_interface/share/ros2_interface/package.zsh'
[3.097s] Level 1:colcon.colcon_core.environment:create_file_with_runtime_dependencies(/home/jaewoo/ros2_ws/install/ros2_interface/share/colcon-core/packages/ros2_interface)
[3.097s] INFO:colcon.colcon_ros.task.ament_cmake.build:Building ROS package in '/home/jaewoo/ros2_ws/src/ros2_cmake' with build type 'ament_cmake'
[3.097s] INFO:colcon.colcon_cmake.task.cmake.build:Building CMake package in '/home/jaewoo/ros2_ws/src/ros2_cmake'
[3.097s] INFO:colcon.colcon_core.shell:Skip shell extension 'powershell' for command environment: Not usable outside of PowerShell
[3.097s] DEBUG:colcon.colcon_core.shell:Skip shell extension 'dsv' for command environment
[3.099s] INFO:colcon.colcon_ros.task.ament_python.build:Building ROS package in '/home/jaewoo/ros2_ws/src/ros2_python' with build type 'ament_python'
[3.099s] Level 1:colcon.colcon_core.shell:create_environment_hook('ros2_python', 'ament_prefix_path')
[3.099s] INFO:colcon.colcon_core.shell:Creating environment hook '/home/jaewoo/ros2_ws/install/ros2_python/share/ros2_python/hook/ament_prefix_path.ps1'
[3.099s] INFO:colcon.colcon_core.shell:Creating environment descriptor '/home/jaewoo/ros2_ws/install/ros2_python/share/ros2_python/hook/ament_prefix_path.dsv'
[3.099s] INFO:colcon.colcon_core.shell:Creating environment hook '/home/jaewoo/ros2_ws/install/ros2_python/share/ros2_python/hook/ament_prefix_path.sh'
[3.100s] INFO:colcon.colcon_core.shell:Skip shell extension 'powershell' for command environment: Not usable outside of PowerShell
[3.100s] DEBUG:colcon.colcon_core.shell:Skip shell extension 'dsv' for command environment
[3.103s] DEBUG:colcon.colcon_core.event_handler.log_command:Invoking command in '/home/jaewoo/ros2_ws/build/ros2_cmake': CMAKE_PREFIX_PATH=/home/jaewoo/ros2_ws/install/ros2_interface:/home/jaewoo/ros2_ws/install/ros2_cmake:/home/jaewoo/ros2_ws/install/ros2_python:/opt/ros/humble /usr/bin/cmake /home/jaewoo/ros2_ws/src/ros2_cmake -DAMENT_CMAKE_SYMLINK_INSTALL=1 -DCMAKE_INSTALL_PREFIX=/home/jaewoo/ros2_ws/install/ros2_cmake
[3.215s] INFO:colcon.colcon_core.task.python.build:Building Python package in '/home/jaewoo/ros2_ws/src/ros2_python'
[3.215s] INFO:colcon.colcon_core.shell:Skip shell extension 'powershell' for command environment: Not usable outside of PowerShell
[3.215s] DEBUG:colcon.colcon_core.shell:Skip shell extension 'dsv' for command environment
[3.351s] DEBUG:colcon.colcon_core.event_handler.log_command:Invoking command in '/home/jaewoo/ros2_ws/build/ros2_python': CMAKE_PREFIX_PATH=/home/jaewoo/ros2_ws/install/ros2_interface:/home/jaewoo/ros2_ws/install/ros2_cmake PYTHONPATH=/home/jaewoo/ros2_ws/build/ros2_python/prefix_override:/usr/lib/python3/dist-packages/colcon_core/task/python/colcon_distutils_commands:/home/jaewoo/ros2_ws/install/ros2_python/lib/python3.10/site-packages:${PYTHONPATH} /usr/bin/python3 -W ignore:setup.py install is deprecated -W ignore:easy_install command is deprecated setup.py develop --editable --build-directory /home/jaewoo/ros2_ws/build/ros2_python/build --no-deps symlink_data
[3.531s] Level 1:colcon.colcon_core.shell:create_environment_hook('ros2_python', 'pythonpath_develop')
[3.531s] DEBUG:colcon.colcon_core.event_handler.log_command:Invoked command in '/home/jaewoo/ros2_ws/build/ros2_python' returned '0': CMAKE_PREFIX_PATH=/home/jaewoo/ros2_ws/install/ros2_interface:/home/jaewoo/ros2_ws/install/ros2_cmake PYTHONPATH=/home/jaewoo/ros2_ws/build/ros2_python/prefix_override:/usr/lib/python3/dist-packages/colcon_core/task/python/colcon_distutils_commands:/home/jaewoo/ros2_ws/install/ros2_python/lib/python3.10/site-packages:${PYTHONPATH} /usr/bin/python3 -W ignore:setup.py install is deprecated -W ignore:easy_install command is deprecated setup.py develop --editable --build-directory /home/jaewoo/ros2_ws/build/ros2_python/build --no-deps symlink_data
[3.531s] INFO:colcon.colcon_core.shell:Creating environment hook '/home/jaewoo/ros2_ws/build/ros2_python/share/ros2_python/hook/pythonpath_develop.ps1'
[3.532s] INFO:colcon.colcon_core.shell:Creating environment descriptor '/home/jaewoo/ros2_ws/build/ros2_python/share/ros2_python/hook/pythonpath_develop.dsv'
[3.532s] INFO:colcon.colcon_core.shell:Creating environment hook '/home/jaewoo/ros2_ws/build/ros2_python/share/ros2_python/hook/pythonpath_develop.sh'
[3.532s] Level 1:colcon.colcon_core.environment:checking '/home/jaewoo/ros2_ws/install/ros2_python' for CMake module files
[3.532s] Level 1:colcon.colcon_core.environment:checking '/home/jaewoo/ros2_ws/install/ros2_python' for CMake config files
[3.532s] Level 1:colcon.colcon_core.environment:checking '/home/jaewoo/ros2_ws/install/ros2_python/lib'
[3.532s] Level 1:colcon.colcon_core.environment:checking '/home/jaewoo/ros2_ws/install/ros2_python/bin'
[3.532s] Level 1:colcon.colcon_core.environment:checking '/home/jaewoo/ros2_ws/install/ros2_python/lib/pkgconfig/ros2_python.pc'
[3.533s] Level 1:colcon.colcon_core.environment:checking '/home/jaewoo/ros2_ws/install/ros2_python/lib/python3.10/site-packages'
[3.533s] Level 1:colcon.colcon_core.shell:create_environment_hook('ros2_python', 'pythonpath')
[3.533s] INFO:colcon.colcon_core.shell:Creating environment hook '/home/jaewoo/ros2_ws/install/ros2_python/share/ros2_python/hook/pythonpath.ps1'
[3.533s] INFO:colcon.colcon_core.shell:Creating environment descriptor '/home/jaewoo/ros2_ws/install/ros2_python/share/ros2_python/hook/pythonpath.dsv'
[3.533s] INFO:colcon.colcon_core.shell:Creating environment hook '/home/jaewoo/ros2_ws/install/ros2_python/share/ros2_python/hook/pythonpath.sh'
[3.533s] Level 1:colcon.colcon_core.environment:checking '/home/jaewoo/ros2_ws/install/ros2_python/bin'
[3.533s] Level 1:colcon.colcon_core.environment:create_environment_scripts_only(ros2_python)
[3.533s] INFO:colcon.colcon_core.shell:Creating package script '/home/jaewoo/ros2_ws/install/ros2_python/share/ros2_python/package.ps1'
[3.534s] INFO:colcon.colcon_core.shell:Creating package descriptor '/home/jaewoo/ros2_ws/install/ros2_python/share/ros2_python/package.dsv'
[3.534s] INFO:colcon.colcon_core.shell:Creating package script '/home/jaewoo/ros2_ws/install/ros2_python/share/ros2_python/package.sh'
[3.534s] INFO:colcon.colcon_core.shell:Creating package script '/home/jaewoo/ros2_ws/install/ros2_python/share/ros2_python/package.bash'
[3.534s] INFO:colcon.colcon_core.shell:Creating package script '/home/jaewoo/ros2_ws/install/ros2_python/share/ros2_python/package.zsh'
[3.534s] Level 1:colcon.colcon_core.environment:create_file_with_runtime_dependencies(/home/jaewoo/ros2_ws/install/ros2_python/share/colcon-core/packages/ros2_python)
[3.724s] DEBUG:colcon.colcon_core.event_handler.log_command:Invoked command in '/home/jaewoo/ros2_ws/build/ros2_cmake' returned '0': CMAKE_PREFIX_PATH=/home/jaewoo/ros2_ws/install/ros2_interface:/home/jaewoo/ros2_ws/install/ros2_cmake:/home/jaewoo/ros2_ws/install/ros2_python:/opt/ros/humble /usr/bin/cmake /home/jaewoo/ros2_ws/src/ros2_cmake -DAMENT_CMAKE_SYMLINK_INSTALL=1 -DCMAKE_INSTALL_PREFIX=/home/jaewoo/ros2_ws/install/ros2_cmake
[3.724s] DEBUG:colcon.colcon_core.event_handler.log_command:Invoking command in '/home/jaewoo/ros2_ws/build/ros2_cmake': CMAKE_PREFIX_PATH=/home/jaewoo/ros2_ws/install/ros2_interface:/home/jaewoo/ros2_ws/install/ros2_cmake:/home/jaewoo/ros2_ws/install/ros2_python:/opt/ros/humble /usr/bin/cmake --build /home/jaewoo/ros2_ws/build/ros2_cmake -- -j28 -l28
[7.547s] DEBUG:colcon.colcon_core.event_handler.log_command:Invoked command in '/home/jaewoo/ros2_ws/build/ros2_cmake' returned '0': CMAKE_PREFIX_PATH=/home/jaewoo/ros2_ws/install/ros2_interface:/home/jaewoo/ros2_ws/install/ros2_cmake:/home/jaewoo/ros2_ws/install/ros2_python:/opt/ros/humble /usr/bin/cmake --build /home/jaewoo/ros2_ws/build/ros2_cmake -- -j28 -l28
[7.548s] DEBUG:colcon.colcon_core.event_handler.log_command:Invoking command in '/home/jaewoo/ros2_ws/build/ros2_cmake': CMAKE_PREFIX_PATH=/home/jaewoo/ros2_ws/install/ros2_interface:/home/jaewoo/ros2_ws/install/ros2_cmake:/home/jaewoo/ros2_ws/install/ros2_python:/opt/ros/humble /usr/bin/cmake --install /home/jaewoo/ros2_ws/build/ros2_cmake
[7.743s] Level 1:colcon.colcon_core.environment:create_environment_scripts_only(ros2_cmake)
[7.743s] Level 1:colcon.colcon_core.environment:checking '/home/jaewoo/ros2_ws/install/ros2_cmake' for CMake module files
[7.744s] DEBUG:colcon.colcon_core.event_handler.log_command:Invoked command in '/home/jaewoo/ros2_ws/build/ros2_cmake' returned '0': CMAKE_PREFIX_PATH=/home/jaewoo/ros2_ws/install/ros2_interface:/home/jaewoo/ros2_ws/install/ros2_cmake:/home/jaewoo/ros2_ws/install/ros2_python:/opt/ros/humble /usr/bin/cmake --install /home/jaewoo/ros2_ws/build/ros2_cmake
[7.744s] Level 1:colcon.colcon_core.environment:checking '/home/jaewoo/ros2_ws/install/ros2_cmake' for CMake config files
[7.744s] Level 1:colcon.colcon_core.shell:create_environment_hook('ros2_cmake', 'cmake_prefix_path')
[7.744s] INFO:colcon.colcon_core.shell:Creating environment hook '/home/jaewoo/ros2_ws/install/ros2_cmake/share/ros2_cmake/hook/cmake_prefix_path.ps1'
[7.745s] INFO:colcon.colcon_core.shell:Creating environment descriptor '/home/jaewoo/ros2_ws/install/ros2_cmake/share/ros2_cmake/hook/cmake_prefix_path.dsv'
[7.745s] INFO:colcon.colcon_core.shell:Creating environment hook '/home/jaewoo/ros2_ws/install/ros2_cmake/share/ros2_cmake/hook/cmake_prefix_path.sh'
[7.745s] Level 1:colcon.colcon_core.environment:checking '/home/jaewoo/ros2_ws/install/ros2_cmake/lib'
[7.745s] Level 1:colcon.colcon_core.environment:checking '/home/jaewoo/ros2_ws/install/ros2_cmake/bin'
[7.745s] Level 1:colcon.colcon_core.environment:checking '/home/jaewoo/ros2_ws/install/ros2_cmake/lib/pkgconfig/ros2_cmake.pc'
[7.745s] Level 1:colcon.colcon_core.environment:checking '/home/jaewoo/ros2_ws/install/ros2_cmake/lib/python3.10/site-packages'
[7.745s] Level 1:colcon.colcon_core.environment:checking '/home/jaewoo/ros2_ws/install/ros2_cmake/bin'
[7.746s] INFO:colcon.colcon_core.shell:Creating package script '/home/jaewoo/ros2_ws/install/ros2_cmake/share/ros2_cmake/package.ps1'
[7.746s] INFO:colcon.colcon_core.shell:Creating package descriptor '/home/jaewoo/ros2_ws/install/ros2_cmake/share/ros2_cmake/package.dsv'
[7.746s] INFO:colcon.colcon_core.shell:Creating package script '/home/jaewoo/ros2_ws/install/ros2_cmake/share/ros2_cmake/package.sh'
[7.746s] INFO:colcon.colcon_core.shell:Creating package script '/home/jaewoo/ros2_ws/install/ros2_cmake/share/ros2_cmake/package.bash'
[7.746s] INFO:colcon.colcon_core.shell:Creating package script '/home/jaewoo/ros2_ws/install/ros2_cmake/share/ros2_cmake/package.zsh'
[7.746s] Level 1:colcon.colcon_core.environment:create_file_with_runtime_dependencies(/home/jaewoo/ros2_ws/install/ros2_cmake/share/colcon-core/packages/ros2_cmake)
[7.747s] Level 1:colcon.colcon_core.environment:create_environment_scripts_only(ros2_cmake)
[7.747s] Level 1:colcon.colcon_core.environment:checking '/home/jaewoo/ros2_ws/install/ros2_cmake' for CMake module files
[7.747s] Level 1:colcon.colcon_core.environment:checking '/home/jaewoo/ros2_ws/install/ros2_cmake' for CMake config files
[7.747s] Level 1:colcon.colcon_core.shell:create_environment_hook('ros2_cmake', 'cmake_prefix_path')
[7.747s] INFO:colcon.colcon_core.shell:Creating environment hook '/home/jaewoo/ros2_ws/install/ros2_cmake/share/ros2_cmake/hook/cmake_prefix_path.ps1'
[7.747s] INFO:colcon.colcon_core.shell:Creating environment descriptor '/home/jaewoo/ros2_ws/install/ros2_cmake/share/ros2_cmake/hook/cmake_prefix_path.dsv'
[7.747s] INFO:colcon.colcon_core.shell:Creating environment hook '/home/jaewoo/ros2_ws/install/ros2_cmake/share/ros2_cmake/hook/cmake_prefix_path.sh'
[7.747s] Level 1:colcon.colcon_core.environment:checking '/home/jaewoo/ros2_ws/install/ros2_cmake/lib'
[7.747s] Level 1:colcon.colcon_core.environment:checking '/home/jaewoo/ros2_ws/install/ros2_cmake/bin'
[7.747s] Level 1:colcon.colcon_core.environment:checking '/home/jaewoo/ros2_ws/install/ros2_cmake/lib/pkgconfig/ros2_cmake.pc'
[7.748s] Level 1:colcon.colcon_core.environment:checking '/home/jaewoo/ros2_ws/install/ros2_cmake/lib/python3.10/site-packages'
[7.748s] Level 1:colcon.colcon_core.environment:checking '/home/jaewoo/ros2_ws/install/ros2_cmake/bin'
[7.748s] INFO:colcon.colcon_core.shell:Creating package script '/home/jaewoo/ros2_ws/install/ros2_cmake/share/ros2_cmake/package.ps1'
[7.748s] INFO:colcon.colcon_core.shell:Creating package descriptor '/home/jaewoo/ros2_ws/install/ros2_cmake/share/ros2_cmake/package.dsv'
[7.748s] INFO:colcon.colcon_core.shell:Creating package script '/home/jaewoo/ros2_ws/install/ros2_cmake/share/ros2_cmake/package.sh'
[7.748s] INFO:colcon.colcon_core.shell:Creating package script '/home/jaewoo/ros2_ws/install/ros2_cmake/share/ros2_cmake/package.bash'
[7.748s] INFO:colcon.colcon_core.shell:Creating package script '/home/jaewoo/ros2_ws/install/ros2_cmake/share/ros2_cmake/package.zsh'
[7.749s] Level 1:colcon.colcon_core.environment:create_file_with_runtime_dependencies(/home/jaewoo/ros2_ws/install/ros2_cmake/share/colcon-core/packages/ros2_cmake)
[7.749s] DEBUG:colcon.colcon_parallel_executor.executor.parallel:closing loop
[7.749s] DEBUG:colcon.colcon_parallel_executor.executor.parallel:loop closed
[7.749s] DEBUG:colcon.colcon_parallel_executor.executor.parallel:run_until_complete finished with '0'
[7.749s] DEBUG:colcon.colcon_core.event_reactor:joining thread
[7.751s] INFO:colcon.colcon_core.plugin_system:Skipping extension 'colcon_notification.desktop_notification.terminal_notifier': Not used on non-Darwin systems
[7.751s] INFO:colcon.colcon_core.plugin_system:Skipping extension 'colcon_notification.desktop_notification.win32': Not used on non-Windows systems
[7.751s] INFO:colcon.colcon_notification.desktop_notification:Sending desktop notification using 'notify2'
[7.758s] DEBUG:colcon.colcon_core.event_reactor:joined thread
[7.758s] INFO:colcon.colcon_core.shell:Creating prefix script '/home/jaewoo/ros2_ws/install/local_setup.ps1'
[7.759s] INFO:colcon.colcon_core.shell:Creating prefix util module '/home/jaewoo/ros2_ws/install/_local_setup_util_ps1.py'
[7.759s] INFO:colcon.colcon_core.shell:Creating prefix chain script '/home/jaewoo/ros2_ws/install/setup.ps1'
[7.759s] INFO:colcon.colcon_core.shell:Creating prefix script '/home/jaewoo/ros2_ws/install/local_setup.sh'
[7.760s] INFO:colcon.colcon_core.shell:Creating prefix util module '/home/jaewoo/ros2_ws/install/_local_setup_util_sh.py'
[7.760s] INFO:colcon.colcon_core.shell:Creating prefix chain script '/home/jaewoo/ros2_ws/install/setup.sh'
[7.760s] INFO:colcon.colcon_core.shell:Creating prefix script '/home/jaewoo/ros2_ws/install/local_setup.bash'
[7.760s] INFO:colcon.colcon_core.shell:Creating prefix chain script '/home/jaewoo/ros2_ws/install/setup.bash'
[7.761s] INFO:colcon.colcon_core.shell:Creating prefix script '/home/jaewoo/ros2_ws/install/local_setup.zsh'
[7.761s] INFO:colcon.colcon_core.shell:Creating prefix chain script '/home/jaewoo/ros2_ws/install/setup.zsh'
