/home/jaewoo/ros2_ws/install/ros2_python/lib/python3.10/site-packages/ros2_python/__init__.py
/home/jaewoo/ros2_ws/install/ros2_python/lib/python3.10/site-packages/ros2_python/subscriber.py
/home/jaewoo/ros2_ws/install/ros2_python/lib/python3.10/site-packages/ros2_python/service_server.py
/home/jaewoo/ros2_ws/install/ros2_python/lib/python3.10/site-packages/ros2_python/service_client.py
/home/jaewoo/ros2_ws/install/ros2_python/lib/python3.10/site-packages/ros2_python/publisher.py
/home/jaewoo/ros2_ws/install/ros2_python/lib/python3.10/site-packages/ros2_python/__pycache__/__init__.cpython-310.pyc
/home/jaewoo/ros2_ws/install/ros2_python/lib/python3.10/site-packages/ros2_python/__pycache__/subscriber.cpython-310.pyc
/home/jaewoo/ros2_ws/install/ros2_python/lib/python3.10/site-packages/ros2_python/__pycache__/service_server.cpython-310.pyc
/home/jaewoo/ros2_ws/install/ros2_python/lib/python3.10/site-packages/ros2_python/__pycache__/service_client.cpython-310.pyc
/home/jaewoo/ros2_ws/install/ros2_python/lib/python3.10/site-packages/ros2_python/__pycache__/publisher.cpython-310.pyc
/home/jaewoo/ros2_ws/install/ros2_python/share/ament_index/resource_index/packages/ros2_python
/home/jaewoo/ros2_ws/install/ros2_python/share/ros2_python/package.xml
/home/jaewoo/ros2_ws/install/ros2_python/lib/python3.10/site-packages/ros2_python-0.0.0-py3.10.egg-info/zip-safe
/home/jaewoo/ros2_ws/install/ros2_python/lib/python3.10/site-packages/ros2_python-0.0.0-py3.10.egg-info/entry_points.txt
/home/jaewoo/ros2_ws/install/ros2_python/lib/python3.10/site-packages/ros2_python-0.0.0-py3.10.egg-info/dependency_links.txt
/home/jaewoo/ros2_ws/install/ros2_python/lib/python3.10/site-packages/ros2_python-0.0.0-py3.10.egg-info/requires.txt
/home/jaewoo/ros2_ws/install/ros2_python/lib/python3.10/site-packages/ros2_python-0.0.0-py3.10.egg-info/top_level.txt
/home/jaewoo/ros2_ws/install/ros2_python/lib/python3.10/site-packages/ros2_python-0.0.0-py3.10.egg-info/SOURCES.txt
/home/jaewoo/ros2_ws/install/ros2_python/lib/python3.10/site-packages/ros2_python-0.0.0-py3.10.egg-info/PKG-INFO
/home/jaewoo/ros2_ws/install/ros2_python/lib/ros2_python/ex_pub_node_py
/home/jaewoo/ros2_ws/install/ros2_python/lib/ros2_python/ex_sub_node_py
/home/jaewoo/ros2_ws/install/ros2_python/lib/ros2_python/service_client
/home/jaewoo/ros2_ws/install/ros2_python/lib/ros2_python/service_server
