[0.005s] Invoking command in '/home/jaewoo/ros2_ws/build/ros2_interface': CMAKE_PREFIX_PATH=${CMAKE_PREFIX_PATH}:/home/jaewoo/ros2_ws/install/ros2_python:/opt/ros/humble /usr/bin/cmake --build /home/jaewoo/ros2_ws/build/ros2_interface -- -j28 -l28
[0.033s] [35m[1mConsolidate compiler generated dependencies of target ros2_interface__rosidl_generator_c[0m
[0.041s] [  2%] Built target ros2_interface__cpp
[0.042s] [ 12%] Built target ros2_interface__rosidl_generator_c
[0.051s] [ 12%] Built target ament_cmake_python_copy_ros2_interface
[0.052s] [35m[1mConsolidate compiler generated dependencies of target ros2_interface__rosidl_typesupport_cpp[0m
[0.053s] [35m[1mConsolidate compiler generated dependencies of target ros2_interface__rosidl_typesupport_introspection_cpp[0m
[0.053s] [35m[1mConsolidate compiler generated dependencies of target ros2_interface__rosidl_typesupport_fastrtps_cpp[0m
[0.057s] [35m[1mConsolidate compiler generated dependencies of target ros2_interface__rosidl_typesupport_fastrtps_c[0m
[0.058s] [35m[1mConsolidate compiler generated dependencies of target ros2_interface__rosidl_typesupport_c[0m
[0.058s] [35m[1mConsolidate compiler generated dependencies of target ros2_interface__rosidl_typesupport_introspection_c[0m
[0.060s] [ 23%] Built target ros2_interface__rosidl_typesupport_fastrtps_cpp
[0.061s] [ 33%] Built target ros2_interface__rosidl_typesupport_cpp
[0.062s] [ 43%] Built target ros2_interface__rosidl_typesupport_introspection_cpp
[0.065s] [ 53%] Built target ros2_interface__rosidl_typesupport_c
[0.065s] [ 64%] Built target ros2_interface__rosidl_typesupport_fastrtps_c
[0.067s] [ 74%] Built target ros2_interface__rosidl_typesupport_introspection_c
[0.078s] [ 74%] Built target ros2_interface
[0.088s] [ 76%] Built target ros2_interface__py
[0.093s] [35m[1mConsolidate compiler generated dependencies of target ros2_interface__rosidl_generator_py[0m
[0.100s] [ 84%] Built target ros2_interface__rosidl_generator_py
[0.106s] [35m[1mConsolidate compiler generated dependencies of target ros2_interface__rosidl_typesupport_fastrtps_c__pyext[0m
[0.106s] [35m[1mConsolidate compiler generated dependencies of target ros2_interface__rosidl_typesupport_c__pyext[0m
[0.106s] [35m[1mConsolidate compiler generated dependencies of target ros2_interface__rosidl_typesupport_introspection_c__pyext[0m
[0.113s] [ 92%] Built target ros2_interface__rosidl_typesupport_c__pyext
[0.113s] [ 94%] Built target ros2_interface__rosidl_typesupport_fastrtps_c__pyext
[0.113s] [100%] Built target ros2_interface__rosidl_typesupport_introspection_c__pyext
[0.152s] running egg_info
[0.152s] writing ros2_interface.egg-info/PKG-INFO
[0.152s] writing dependency_links to ros2_interface.egg-info/dependency_links.txt
[0.152s] writing top-level names to ros2_interface.egg-info/top_level.txt
[0.153s] reading manifest file 'ros2_interface.egg-info/SOURCES.txt'
[0.153s] writing manifest file 'ros2_interface.egg-info/SOURCES.txt'
[0.166s] [100%] Built target ament_cmake_python_build_ros2_interface_egg
[0.173s] Invoked command in '/home/jaewoo/ros2_ws/build/ros2_interface' returned '0': CMAKE_PREFIX_PATH=${CMAKE_PREFIX_PATH}:/home/jaewoo/ros2_ws/install/ros2_python:/opt/ros/humble /usr/bin/cmake --build /home/jaewoo/ros2_ws/build/ros2_interface -- -j28 -l28
[0.177s] Invoking command in '/home/jaewoo/ros2_ws/build/ros2_interface': CMAKE_PREFIX_PATH=${CMAKE_PREFIX_PATH}:/home/jaewoo/ros2_ws/install/ros2_python:/opt/ros/humble /usr/bin/cmake --install /home/jaewoo/ros2_ws/build/ros2_interface
[0.180s] -- Install configuration: ""
[0.180s] -- Up-to-date: /home/jaewoo/ros2_ws/install/ros2_interface/share/ament_index/resource_index/rosidl_interfaces/ros2_interface
[0.180s] -- Up-to-date: /home/jaewoo/ros2_ws/install/ros2_interface/include/ros2_interface/ros2_interface
[0.180s] -- Up-to-date: /home/jaewoo/ros2_ws/install/ros2_interface/include/ros2_interface/ros2_interface/action
[0.180s] -- Up-to-date: /home/jaewoo/ros2_ws/install/ros2_interface/include/ros2_interface/ros2_interface/action/detail
[0.180s] -- Up-to-date: /home/jaewoo/ros2_ws/install/ros2_interface/include/ros2_interface/ros2_interface/action/detail/fibonnacci__struct.h
[0.180s] -- Up-to-date: /home/jaewoo/ros2_ws/install/ros2_interface/include/ros2_interface/ros2_interface/action/detail/fibonnacci__functions.c
[0.180s] -- Up-to-date: /home/jaewoo/ros2_ws/install/ros2_interface/include/ros2_interface/ros2_interface/action/detail/fibonnacci__type_support.h
[0.180s] -- Up-to-date: /home/jaewoo/ros2_ws/install/ros2_interface/include/ros2_interface/ros2_interface/action/detail/fibonnacci__functions.h
[0.180s] -- Up-to-date: /home/jaewoo/ros2_ws/install/ros2_interface/include/ros2_interface/ros2_interface/action/fibonnacci.h
[0.180s] -- Up-to-date: /home/jaewoo/ros2_ws/install/ros2_interface/include/ros2_interface/ros2_interface/srv
[0.180s] -- Up-to-date: /home/jaewoo/ros2_ws/install/ros2_interface/include/ros2_interface/ros2_interface/srv/ex_custom_srv.h
[0.180s] -- Up-to-date: /home/jaewoo/ros2_ws/install/ros2_interface/include/ros2_interface/ros2_interface/srv/detail
[0.180s] -- Up-to-date: /home/jaewoo/ros2_ws/install/ros2_interface/include/ros2_interface/ros2_interface/srv/detail/ex_custom_srv__functions.h
[0.180s] -- Up-to-date: /home/jaewoo/ros2_ws/install/ros2_interface/include/ros2_interface/ros2_interface/srv/detail/ex_custom_srv__functions.c
[0.180s] -- Up-to-date: /home/jaewoo/ros2_ws/install/ros2_interface/include/ros2_interface/ros2_interface/srv/detail/ex_custom_srv__type_support.h
[0.180s] -- Up-to-date: /home/jaewoo/ros2_ws/install/ros2_interface/include/ros2_interface/ros2_interface/srv/detail/ex_custom_srv__struct.h
[0.180s] -- Up-to-date: /home/jaewoo/ros2_ws/install/ros2_interface/include/ros2_interface/ros2_interface/msg
[0.180s] -- Up-to-date: /home/jaewoo/ros2_ws/install/ros2_interface/include/ros2_interface/ros2_interface/msg/rosidl_generator_c__visibility_control.h
[0.180s] -- Up-to-date: /home/jaewoo/ros2_ws/install/ros2_interface/share/ros2_interface/environment/library_path.sh
[0.180s] -- Up-to-date: /home/jaewoo/ros2_ws/install/ros2_interface/share/ros2_interface/environment/library_path.dsv
[0.180s] -- Up-to-date: /home/jaewoo/ros2_ws/install/ros2_interface/lib/libros2_interface__rosidl_generator_c.so
[0.180s] -- Up-to-date: /home/jaewoo/ros2_ws/install/ros2_interface/include/ros2_interface/ros2_interface
[0.180s] -- Up-to-date: /home/jaewoo/ros2_ws/install/ros2_interface/include/ros2_interface/ros2_interface/action
[0.180s] -- Up-to-date: /home/jaewoo/ros2_ws/install/ros2_interface/include/ros2_interface/ros2_interface/action/detail
[0.180s] -- Up-to-date: /home/jaewoo/ros2_ws/install/ros2_interface/include/ros2_interface/ros2_interface/action/detail/fibonnacci__rosidl_typesupport_fastrtps_c.h
[0.180s] -- Up-to-date: /home/jaewoo/ros2_ws/install/ros2_interface/include/ros2_interface/ros2_interface/srv
[0.180s] -- Up-to-date: /home/jaewoo/ros2_ws/install/ros2_interface/include/ros2_interface/ros2_interface/srv/detail
[0.180s] -- Up-to-date: /home/jaewoo/ros2_ws/install/ros2_interface/include/ros2_interface/ros2_interface/srv/detail/ex_custom_srv__rosidl_typesupport_fastrtps_c.h
[0.180s] -- Up-to-date: /home/jaewoo/ros2_ws/install/ros2_interface/include/ros2_interface/ros2_interface/msg
[0.180s] -- Up-to-date: /home/jaewoo/ros2_ws/install/ros2_interface/include/ros2_interface/ros2_interface/msg/rosidl_typesupport_fastrtps_c__visibility_control.h
[0.180s] -- Up-to-date: /home/jaewoo/ros2_ws/install/ros2_interface/lib/libros2_interface__rosidl_typesupport_fastrtps_c.so
[0.180s] -- Up-to-date: /home/jaewoo/ros2_ws/install/ros2_interface/include/ros2_interface/ros2_interface
[0.180s] -- Up-to-date: /home/jaewoo/ros2_ws/install/ros2_interface/include/ros2_interface/ros2_interface/action
[0.180s] -- Up-to-date: /home/jaewoo/ros2_ws/install/ros2_interface/include/ros2_interface/ros2_interface/action/detail
[0.181s] -- Up-to-date: /home/jaewoo/ros2_ws/install/ros2_interface/include/ros2_interface/ros2_interface/action/detail/fibonnacci__type_support.c
[0.181s] -- Up-to-date: /home/jaewoo/ros2_ws/install/ros2_interface/include/ros2_interface/ros2_interface/action/detail/fibonnacci__rosidl_typesupport_introspection_c.h
[0.181s] -- Up-to-date: /home/jaewoo/ros2_ws/install/ros2_interface/include/ros2_interface/ros2_interface/srv
[0.181s] -- Up-to-date: /home/jaewoo/ros2_ws/install/ros2_interface/include/ros2_interface/ros2_interface/srv/detail
[0.181s] -- Up-to-date: /home/jaewoo/ros2_ws/install/ros2_interface/include/ros2_interface/ros2_interface/srv/detail/ex_custom_srv__rosidl_typesupport_introspection_c.h
[0.181s] -- Up-to-date: /home/jaewoo/ros2_ws/install/ros2_interface/include/ros2_interface/ros2_interface/srv/detail/ex_custom_srv__type_support.c
[0.181s] -- Up-to-date: /home/jaewoo/ros2_ws/install/ros2_interface/include/ros2_interface/ros2_interface/msg
[0.181s] -- Up-to-date: /home/jaewoo/ros2_ws/install/ros2_interface/include/ros2_interface/ros2_interface/msg/rosidl_typesupport_introspection_c__visibility_control.h
[0.181s] -- Up-to-date: /home/jaewoo/ros2_ws/install/ros2_interface/lib/libros2_interface__rosidl_typesupport_introspection_c.so
[0.181s] -- Up-to-date: /home/jaewoo/ros2_ws/install/ros2_interface/lib/libros2_interface__rosidl_typesupport_c.so
[0.181s] -- Up-to-date: /home/jaewoo/ros2_ws/install/ros2_interface/include/ros2_interface/ros2_interface
[0.181s] -- Up-to-date: /home/jaewoo/ros2_ws/install/ros2_interface/include/ros2_interface/ros2_interface/action
[0.181s] -- Up-to-date: /home/jaewoo/ros2_ws/install/ros2_interface/include/ros2_interface/ros2_interface/action/detail
[0.181s] -- Up-to-date: /home/jaewoo/ros2_ws/install/ros2_interface/include/ros2_interface/ros2_interface/action/detail/fibonnacci__type_support.hpp
[0.181s] -- Up-to-date: /home/jaewoo/ros2_ws/install/ros2_interface/include/ros2_interface/ros2_interface/action/detail/fibonnacci__struct.hpp
[0.181s] -- Up-to-date: /home/jaewoo/ros2_ws/install/ros2_interface/include/ros2_interface/ros2_interface/action/detail/fibonnacci__traits.hpp
[0.181s] -- Up-to-date: /home/jaewoo/ros2_ws/install/ros2_interface/include/ros2_interface/ros2_interface/action/detail/fibonnacci__builder.hpp
[0.181s] -- Up-to-date: /home/jaewoo/ros2_ws/install/ros2_interface/include/ros2_interface/ros2_interface/action/fibonnacci.hpp
[0.181s] -- Up-to-date: /home/jaewoo/ros2_ws/install/ros2_interface/include/ros2_interface/ros2_interface/srv
[0.181s] -- Up-to-date: /home/jaewoo/ros2_ws/install/ros2_interface/include/ros2_interface/ros2_interface/srv/detail
[0.181s] -- Up-to-date: /home/jaewoo/ros2_ws/install/ros2_interface/include/ros2_interface/ros2_interface/srv/detail/ex_custom_srv__builder.hpp
[0.181s] -- Up-to-date: /home/jaewoo/ros2_ws/install/ros2_interface/include/ros2_interface/ros2_interface/srv/detail/ex_custom_srv__traits.hpp
[0.181s] -- Up-to-date: /home/jaewoo/ros2_ws/install/ros2_interface/include/ros2_interface/ros2_interface/srv/detail/ex_custom_srv__type_support.hpp
[0.181s] -- Up-to-date: /home/jaewoo/ros2_ws/install/ros2_interface/include/ros2_interface/ros2_interface/srv/detail/ex_custom_srv__struct.hpp
[0.181s] -- Up-to-date: /home/jaewoo/ros2_ws/install/ros2_interface/include/ros2_interface/ros2_interface/srv/ex_custom_srv.hpp
[0.181s] -- Up-to-date: /home/jaewoo/ros2_ws/install/ros2_interface/include/ros2_interface/ros2_interface/msg
[0.181s] -- Up-to-date: /home/jaewoo/ros2_ws/install/ros2_interface/include/ros2_interface/ros2_interface/msg/rosidl_generator_cpp__visibility_control.hpp
[0.181s] -- Up-to-date: /home/jaewoo/ros2_ws/install/ros2_interface/include/ros2_interface/ros2_interface
[0.181s] -- Up-to-date: /home/jaewoo/ros2_ws/install/ros2_interface/include/ros2_interface/ros2_interface/action
[0.181s] -- Up-to-date: /home/jaewoo/ros2_ws/install/ros2_interface/include/ros2_interface/ros2_interface/action/detail
[0.181s] -- Up-to-date: /home/jaewoo/ros2_ws/install/ros2_interface/include/ros2_interface/ros2_interface/action/detail/fibonnacci__rosidl_typesupport_fastrtps_cpp.hpp
[0.181s] -- Up-to-date: /home/jaewoo/ros2_ws/install/ros2_interface/include/ros2_interface/ros2_interface/action/detail/dds_fastrtps
[0.181s] -- Up-to-date: /home/jaewoo/ros2_ws/install/ros2_interface/include/ros2_interface/ros2_interface/srv
[0.181s] -- Up-to-date: /home/jaewoo/ros2_ws/install/ros2_interface/include/ros2_interface/ros2_interface/srv/detail
[0.181s] -- Up-to-date: /home/jaewoo/ros2_ws/install/ros2_interface/include/ros2_interface/ros2_interface/srv/detail/ex_custom_srv__rosidl_typesupport_fastrtps_cpp.hpp
[0.181s] -- Up-to-date: /home/jaewoo/ros2_ws/install/ros2_interface/include/ros2_interface/ros2_interface/srv/detail/dds_fastrtps
[0.181s] -- Up-to-date: /home/jaewoo/ros2_ws/install/ros2_interface/include/ros2_interface/ros2_interface/msg
[0.181s] -- Up-to-date: /home/jaewoo/ros2_ws/install/ros2_interface/include/ros2_interface/ros2_interface/msg/rosidl_typesupport_fastrtps_cpp__visibility_control.h
[0.181s] -- Up-to-date: /home/jaewoo/ros2_ws/install/ros2_interface/lib/libros2_interface__rosidl_typesupport_fastrtps_cpp.so
[0.181s] -- Up-to-date: /home/jaewoo/ros2_ws/install/ros2_interface/include/ros2_interface/ros2_interface
[0.181s] -- Up-to-date: /home/jaewoo/ros2_ws/install/ros2_interface/include/ros2_interface/ros2_interface/action
[0.181s] -- Up-to-date: /home/jaewoo/ros2_ws/install/ros2_interface/include/ros2_interface/ros2_interface/action/detail
[0.181s] -- Up-to-date: /home/jaewoo/ros2_ws/install/ros2_interface/include/ros2_interface/ros2_interface/action/detail/fibonnacci__type_support.cpp
[0.182s] -- Up-to-date: /home/jaewoo/ros2_ws/install/ros2_interface/include/ros2_interface/ros2_interface/action/detail/fibonnacci__rosidl_typesupport_introspection_cpp.hpp
[0.182s] -- Up-to-date: /home/jaewoo/ros2_ws/install/ros2_interface/include/ros2_interface/ros2_interface/srv
[0.182s] -- Up-to-date: /home/jaewoo/ros2_ws/install/ros2_interface/include/ros2_interface/ros2_interface/srv/detail
[0.182s] -- Up-to-date: /home/jaewoo/ros2_ws/install/ros2_interface/include/ros2_interface/ros2_interface/srv/detail/ex_custom_srv__rosidl_typesupport_introspection_cpp.hpp
[0.182s] -- Up-to-date: /home/jaewoo/ros2_ws/install/ros2_interface/include/ros2_interface/ros2_interface/srv/detail/ex_custom_srv__type_support.cpp
[0.182s] -- Up-to-date: /home/jaewoo/ros2_ws/install/ros2_interface/lib/libros2_interface__rosidl_typesupport_introspection_cpp.so
[0.182s] -- Up-to-date: /home/jaewoo/ros2_ws/install/ros2_interface/lib/libros2_interface__rosidl_typesupport_cpp.so
[0.182s] -- Up-to-date: /home/jaewoo/ros2_ws/install/ros2_interface/share/ros2_interface/environment/pythonpath.sh
[0.182s] -- Up-to-date: /home/jaewoo/ros2_ws/install/ros2_interface/share/ros2_interface/environment/pythonpath.dsv
[0.182s] -- Up-to-date: /home/jaewoo/ros2_ws/install/ros2_interface/local/lib/python3.10/dist-packages/ros2_interface-0.0.0-py3.10.egg-info
[0.182s] -- Installing: /home/jaewoo/ros2_ws/install/ros2_interface/local/lib/python3.10/dist-packages/ros2_interface-0.0.0-py3.10.egg-info/dependency_links.txt
[0.182s] -- Installing: /home/jaewoo/ros2_ws/install/ros2_interface/local/lib/python3.10/dist-packages/ros2_interface-0.0.0-py3.10.egg-info/top_level.txt
[0.182s] -- Installing: /home/jaewoo/ros2_ws/install/ros2_interface/local/lib/python3.10/dist-packages/ros2_interface-0.0.0-py3.10.egg-info/SOURCES.txt
[0.182s] -- Installing: /home/jaewoo/ros2_ws/install/ros2_interface/local/lib/python3.10/dist-packages/ros2_interface-0.0.0-py3.10.egg-info/PKG-INFO
[0.182s] -- Up-to-date: /home/jaewoo/ros2_ws/install/ros2_interface/local/lib/python3.10/dist-packages/ros2_interface
[0.182s] -- Up-to-date: /home/jaewoo/ros2_ws/install/ros2_interface/local/lib/python3.10/dist-packages/ros2_interface/ros2_interface_s__rosidl_typesupport_c.cpython-310-x86_64-linux-gnu.so
[0.182s] -- Up-to-date: /home/jaewoo/ros2_ws/install/ros2_interface/local/lib/python3.10/dist-packages/ros2_interface/__init__.py
[0.182s] -- Up-to-date: /home/jaewoo/ros2_ws/install/ros2_interface/local/lib/python3.10/dist-packages/ros2_interface/action
[0.182s] -- Up-to-date: /home/jaewoo/ros2_ws/install/ros2_interface/local/lib/python3.10/dist-packages/ros2_interface/action/__init__.py
[0.182s] -- Up-to-date: /home/jaewoo/ros2_ws/install/ros2_interface/local/lib/python3.10/dist-packages/ros2_interface/action/_fibonnacci_s.c
[0.182s] -- Up-to-date: /home/jaewoo/ros2_ws/install/ros2_interface/local/lib/python3.10/dist-packages/ros2_interface/action/_fibonnacci.py
[0.182s] -- Up-to-date: /home/jaewoo/ros2_ws/install/ros2_interface/local/lib/python3.10/dist-packages/ros2_interface/srv
[0.182s] -- Up-to-date: /home/jaewoo/ros2_ws/install/ros2_interface/local/lib/python3.10/dist-packages/ros2_interface/srv/__init__.py
[0.182s] -- Up-to-date: /home/jaewoo/ros2_ws/install/ros2_interface/local/lib/python3.10/dist-packages/ros2_interface/srv/_ex_custom_srv.py
[0.182s] -- Up-to-date: /home/jaewoo/ros2_ws/install/ros2_interface/local/lib/python3.10/dist-packages/ros2_interface/srv/_ex_custom_srv_s.c
[0.182s] -- Up-to-date: /home/jaewoo/ros2_ws/install/ros2_interface/local/lib/python3.10/dist-packages/ros2_interface/_ros2_interface_s.ep.rosidl_typesupport_c.c
[0.182s] -- Up-to-date: /home/jaewoo/ros2_ws/install/ros2_interface/local/lib/python3.10/dist-packages/ros2_interface/ros2_interface_s__rosidl_typesupport_introspection_c.cpython-310-x86_64-linux-gnu.so
[0.182s] -- Up-to-date: /home/jaewoo/ros2_ws/install/ros2_interface/local/lib/python3.10/dist-packages/ros2_interface/_ros2_interface_s.ep.rosidl_typesupport_introspection_c.c
[0.182s] -- Up-to-date: /home/jaewoo/ros2_ws/install/ros2_interface/local/lib/python3.10/dist-packages/ros2_interface/_ros2_interface_s.ep.rosidl_typesupport_fastrtps_c.c
[0.182s] -- Up-to-date: /home/jaewoo/ros2_ws/install/ros2_interface/local/lib/python3.10/dist-packages/ros2_interface/libros2_interface__rosidl_generator_py.so
[0.182s] -- Up-to-date: /home/jaewoo/ros2_ws/install/ros2_interface/local/lib/python3.10/dist-packages/ros2_interface/ros2_interface_s__rosidl_typesupport_fastrtps_c.cpython-310-x86_64-linux-gnu.so
[0.197s] Listing '/home/jaewoo/ros2_ws/install/ros2_interface/local/lib/python3.10/dist-packages/ros2_interface'...
[0.197s] Listing '/home/jaewoo/ros2_ws/install/ros2_interface/local/lib/python3.10/dist-packages/ros2_interface/action'...
[0.197s] Listing '/home/jaewoo/ros2_ws/install/ros2_interface/local/lib/python3.10/dist-packages/ros2_interface/srv'...
[0.198s] -- Up-to-date: /home/jaewoo/ros2_ws/install/ros2_interface/local/lib/python3.10/dist-packages/ros2_interface/ros2_interface_s__rosidl_typesupport_fastrtps_c.cpython-310-x86_64-linux-gnu.so
[0.199s] -- Up-to-date: /home/jaewoo/ros2_ws/install/ros2_interface/local/lib/python3.10/dist-packages/ros2_interface/ros2_interface_s__rosidl_typesupport_introspection_c.cpython-310-x86_64-linux-gnu.so
[0.199s] -- Up-to-date: /home/jaewoo/ros2_ws/install/ros2_interface/local/lib/python3.10/dist-packages/ros2_interface/ros2_interface_s__rosidl_typesupport_c.cpython-310-x86_64-linux-gnu.so
[0.199s] -- Up-to-date: /home/jaewoo/ros2_ws/install/ros2_interface/lib/libros2_interface__rosidl_generator_py.so
[0.199s] -- Up-to-date: /home/jaewoo/ros2_ws/install/ros2_interface/share/ros2_interface/srv/ExCustomSrv.idl
[0.199s] -- Up-to-date: /home/jaewoo/ros2_ws/install/ros2_interface/share/ros2_interface/action/Fibonnacci.idl
[0.199s] -- Up-to-date: /home/jaewoo/ros2_ws/install/ros2_interface/share/ros2_interface/srv/ExCustomSrv.srv
[0.199s] -- Up-to-date: /home/jaewoo/ros2_ws/install/ros2_interface/share/ros2_interface/srv/ExCustomSrv_Request.msg
[0.199s] -- Up-to-date: /home/jaewoo/ros2_ws/install/ros2_interface/share/ros2_interface/srv/ExCustomSrv_Response.msg
[0.199s] -- Up-to-date: /home/jaewoo/ros2_ws/install/ros2_interface/share/ros2_interface/action/Fibonnacci.action
[0.199s] -- Up-to-date: /home/jaewoo/ros2_ws/install/ros2_interface/share/ament_index/resource_index/package_run_dependencies/ros2_interface
[0.199s] -- Up-to-date: /home/jaewoo/ros2_ws/install/ros2_interface/share/ament_index/resource_index/parent_prefix_path/ros2_interface
[0.199s] -- Up-to-date: /home/jaewoo/ros2_ws/install/ros2_interface/share/ros2_interface/environment/ament_prefix_path.sh
[0.199s] -- Up-to-date: /home/jaewoo/ros2_ws/install/ros2_interface/share/ros2_interface/environment/ament_prefix_path.dsv
[0.199s] -- Up-to-date: /home/jaewoo/ros2_ws/install/ros2_interface/share/ros2_interface/environment/path.sh
[0.199s] -- Up-to-date: /home/jaewoo/ros2_ws/install/ros2_interface/share/ros2_interface/environment/path.dsv
[0.199s] -- Up-to-date: /home/jaewoo/ros2_ws/install/ros2_interface/share/ros2_interface/local_setup.bash
[0.199s] -- Up-to-date: /home/jaewoo/ros2_ws/install/ros2_interface/share/ros2_interface/local_setup.sh
[0.199s] -- Up-to-date: /home/jaewoo/ros2_ws/install/ros2_interface/share/ros2_interface/local_setup.zsh
[0.199s] -- Up-to-date: /home/jaewoo/ros2_ws/install/ros2_interface/share/ros2_interface/local_setup.dsv
[0.199s] -- Installing: /home/jaewoo/ros2_ws/install/ros2_interface/share/ros2_interface/package.dsv
[0.199s] -- Up-to-date: /home/jaewoo/ros2_ws/install/ros2_interface/share/ament_index/resource_index/packages/ros2_interface
[0.199s] -- Up-to-date: /home/jaewoo/ros2_ws/install/ros2_interface/share/ros2_interface/cmake/export_ros2_interface__rosidl_generator_cExport.cmake
[0.199s] -- Up-to-date: /home/jaewoo/ros2_ws/install/ros2_interface/share/ros2_interface/cmake/export_ros2_interface__rosidl_generator_cExport-noconfig.cmake
[0.199s] -- Up-to-date: /home/jaewoo/ros2_ws/install/ros2_interface/share/ros2_interface/cmake/export_ros2_interface__rosidl_typesupport_fastrtps_cExport.cmake
[0.199s] -- Up-to-date: /home/jaewoo/ros2_ws/install/ros2_interface/share/ros2_interface/cmake/export_ros2_interface__rosidl_typesupport_fastrtps_cExport-noconfig.cmake
[0.199s] -- Up-to-date: /home/jaewoo/ros2_ws/install/ros2_interface/share/ros2_interface/cmake/ros2_interface__rosidl_typesupport_introspection_cExport.cmake
[0.199s] -- Up-to-date: /home/jaewoo/ros2_ws/install/ros2_interface/share/ros2_interface/cmake/ros2_interface__rosidl_typesupport_introspection_cExport-noconfig.cmake
[0.199s] -- Up-to-date: /home/jaewoo/ros2_ws/install/ros2_interface/share/ros2_interface/cmake/ros2_interface__rosidl_typesupport_cExport.cmake
[0.199s] -- Up-to-date: /home/jaewoo/ros2_ws/install/ros2_interface/share/ros2_interface/cmake/ros2_interface__rosidl_typesupport_cExport-noconfig.cmake
[0.199s] -- Up-to-date: /home/jaewoo/ros2_ws/install/ros2_interface/share/ros2_interface/cmake/export_ros2_interface__rosidl_generator_cppExport.cmake
[0.199s] -- Up-to-date: /home/jaewoo/ros2_ws/install/ros2_interface/share/ros2_interface/cmake/export_ros2_interface__rosidl_typesupport_fastrtps_cppExport.cmake
[0.200s] -- Up-to-date: /home/jaewoo/ros2_ws/install/ros2_interface/share/ros2_interface/cmake/export_ros2_interface__rosidl_typesupport_fastrtps_cppExport-noconfig.cmake
[0.200s] -- Up-to-date: /home/jaewoo/ros2_ws/install/ros2_interface/share/ros2_interface/cmake/ros2_interface__rosidl_typesupport_introspection_cppExport.cmake
[0.200s] -- Up-to-date: /home/jaewoo/ros2_ws/install/ros2_interface/share/ros2_interface/cmake/ros2_interface__rosidl_typesupport_introspection_cppExport-noconfig.cmake
[0.200s] -- Up-to-date: /home/jaewoo/ros2_ws/install/ros2_interface/share/ros2_interface/cmake/ros2_interface__rosidl_typesupport_cppExport.cmake
[0.200s] -- Up-to-date: /home/jaewoo/ros2_ws/install/ros2_interface/share/ros2_interface/cmake/ros2_interface__rosidl_typesupport_cppExport-noconfig.cmake
[0.200s] -- Up-to-date: /home/jaewoo/ros2_ws/install/ros2_interface/share/ros2_interface/cmake/export_ros2_interface__rosidl_generator_pyExport.cmake
[0.200s] -- Up-to-date: /home/jaewoo/ros2_ws/install/ros2_interface/share/ros2_interface/cmake/export_ros2_interface__rosidl_generator_pyExport-noconfig.cmake
[0.200s] -- Up-to-date: /home/jaewoo/ros2_ws/install/ros2_interface/share/ros2_interface/cmake/rosidl_cmake-extras.cmake
[0.200s] -- Up-to-date: /home/jaewoo/ros2_ws/install/ros2_interface/share/ros2_interface/cmake/ament_cmake_export_dependencies-extras.cmake
[0.200s] -- Up-to-date: /home/jaewoo/ros2_ws/install/ros2_interface/share/ros2_interface/cmake/ament_cmake_export_include_directories-extras.cmake
[0.200s] -- Up-to-date: /home/jaewoo/ros2_ws/install/ros2_interface/share/ros2_interface/cmake/ament_cmake_export_libraries-extras.cmake
[0.200s] -- Up-to-date: /home/jaewoo/ros2_ws/install/ros2_interface/share/ros2_interface/cmake/ament_cmake_export_targets-extras.cmake
[0.200s] -- Up-to-date: /home/jaewoo/ros2_ws/install/ros2_interface/share/ros2_interface/cmake/rosidl_cmake_export_typesupport_targets-extras.cmake
[0.200s] -- Up-to-date: /home/jaewoo/ros2_ws/install/ros2_interface/share/ros2_interface/cmake/rosidl_cmake_export_typesupport_libraries-extras.cmake
[0.200s] -- Up-to-date: /home/jaewoo/ros2_ws/install/ros2_interface/share/ros2_interface/cmake/ros2_interfaceConfig.cmake
[0.200s] -- Up-to-date: /home/jaewoo/ros2_ws/install/ros2_interface/share/ros2_interface/cmake/ros2_interfaceConfig-version.cmake
[0.200s] -- Up-to-date: /home/jaewoo/ros2_ws/install/ros2_interface/share/ros2_interface/package.xml
[0.201s] Invoked command in '/home/jaewoo/ros2_ws/build/ros2_interface' returned '0': CMAKE_PREFIX_PATH=${CMAKE_PREFIX_PATH}:/home/jaewoo/ros2_ws/install/ros2_python:/opt/ros/humble /usr/bin/cmake --install /home/jaewoo/ros2_ws/build/ros2_interface
