[0.007s] Invoking command in '/home/jaewoo/ros2_ws/build/ros2_cmake': CMAKE_PREFIX_PATH=${CMAKE_PREFIX_PATH}:/home/jaewoo/ros2_ws/install/ros2_python:/opt/ros/humble /usr/bin/cmake --build /home/jaewoo/ros2_ws/build/ros2_cmake -- -j28 -l28
[0.024s] -- Found ament_cmake: 1.3.13 (/opt/ros/humble/share/ament_cmake/cmake)
[0.099s] -- Found rclcpp: 16.0.18 (/opt/ros/humble/share/rclcpp/cmake)
[0.111s] -- Found rosidl_generator_c: 3.1.8 (/opt/ros/humble/share/rosidl_generator_c/cmake)
[0.112s] -- Found rosidl_adapter: 3.1.8 (/opt/ros/humble/share/rosidl_adapter/cmake)
[0.115s] -- Found rosidl_generator_cpp: 3.1.8 (/opt/ros/humble/share/rosidl_generator_cpp/cmake)
[0.119s] -- Using all available rosidl_typesupport_c: rosidl_typesupport_fastrtps_c;rosidl_typesupport_introspection_c
[0.124s] -- Using all available rosidl_typesupport_cpp: rosidl_typesupport_fastrtps_cpp;rosidl_typesupport_introspection_cpp
[0.138s] -- Found rmw_implementation_cmake: 6.1.2 (/opt/ros/humble/share/rmw_implementation_cmake/cmake)
[0.139s] -- Found rmw_fastrtps_cpp: 6.2.10 (/opt/ros/humble/share/rmw_fastrtps_cpp/cmake)
[0.216s] -- Using RMW implementation 'rmw_fastrtps_cpp' as default
[0.247s] -- Found ros2_interface: 0.0.0 (/home/jaewoo/ros2_ws/install/ros2_interface/share/ros2_interface/cmake)
[0.252s] -- Found ament_lint_auto: 0.12.15 (/opt/ros/humble/share/ament_lint_auto/cmake)
[0.283s] -- Added test 'cppcheck' to perform static code analysis on C / C++ code
[0.283s] -- Configured cppcheck include dirs: /home/jaewoo/ros2_ws/src/ros2_cmake/include
[0.283s] -- Configured cppcheck exclude dirs and/or files: 
[0.284s] -- Added test 'lint_cmake' to check CMake code style
[0.284s] -- Added test 'uncrustify' to check C / C++ code style
[0.284s] -- Configured uncrustify additional arguments: 
[0.284s] -- Added test 'xmllint' to check XML markup files
[0.284s] -- Configuring done
[0.291s] -- Generating done
[0.294s] -- Build files have been written to: /home/jaewoo/ros2_ws/build/ros2_cmake
[0.309s] [35m[1mConsolidate compiler generated dependencies of target publisher[0m
[0.309s] [35m[1mConsolidate compiler generated dependencies of target subscriber[0m
[0.315s] [ 12%] [32mBuilding CXX object CMakeFiles/service_client.dir/src/service_client.cpp.o[0m
[0.315s] [ 25%] [32mBuilding CXX object CMakeFiles/service_server.dir/src/service_server.cpp.o[0m
[0.322s] [ 62%] Built target subscriber
[0.322s] [ 75%] Built target publisher
[1.701s] [ 87%] [32m[1mLinking CXX executable service_server[0m
[1.775s] [ 87%] Built target service_server
[1.789s] [100%] [32m[1mLinking CXX executable service_client[0m
[1.860s] [100%] Built target service_client
[1.867s] Invoked command in '/home/jaewoo/ros2_ws/build/ros2_cmake' returned '0': CMAKE_PREFIX_PATH=${CMAKE_PREFIX_PATH}:/home/jaewoo/ros2_ws/install/ros2_python:/opt/ros/humble /usr/bin/cmake --build /home/jaewoo/ros2_ws/build/ros2_cmake -- -j28 -l28
[1.872s] Invoking command in '/home/jaewoo/ros2_ws/build/ros2_cmake': CMAKE_PREFIX_PATH=${CMAKE_PREFIX_PATH}:/home/jaewoo/ros2_ws/install/ros2_python:/opt/ros/humble /usr/bin/cmake --install /home/jaewoo/ros2_ws/build/ros2_cmake
[1.878s] -- Install configuration: ""
[1.878s] -- Up-to-date: /home/jaewoo/ros2_ws/install/ros2_cmake/lib/ros2_cmake/publisher
[1.878s] -- Up-to-date: /home/jaewoo/ros2_ws/install/ros2_cmake/lib/ros2_cmake/subscriber
[1.878s] -- Installing: /home/jaewoo/ros2_ws/install/ros2_cmake/lib/ros2_cmake/service_server
[1.879s] -- Set runtime path of "/home/jaewoo/ros2_ws/install/ros2_cmake/lib/ros2_cmake/service_server" to ""
[1.879s] -- Installing: /home/jaewoo/ros2_ws/install/ros2_cmake/lib/ros2_cmake/service_client
[1.879s] -- Set runtime path of "/home/jaewoo/ros2_ws/install/ros2_cmake/lib/ros2_cmake/service_client" to ""
[1.879s] -- Installing: /home/jaewoo/ros2_ws/install/ros2_cmake/share/ament_index/resource_index/package_run_dependencies/ros2_cmake
[1.879s] -- Installing: /home/jaewoo/ros2_ws/install/ros2_cmake/share/ament_index/resource_index/parent_prefix_path/ros2_cmake
[1.879s] -- Up-to-date: /home/jaewoo/ros2_ws/install/ros2_cmake/share/ros2_cmake/environment/ament_prefix_path.sh
[1.880s] -- Installing: /home/jaewoo/ros2_ws/install/ros2_cmake/share/ros2_cmake/environment/ament_prefix_path.dsv
[1.880s] -- Up-to-date: /home/jaewoo/ros2_ws/install/ros2_cmake/share/ros2_cmake/environment/path.sh
[1.880s] -- Installing: /home/jaewoo/ros2_ws/install/ros2_cmake/share/ros2_cmake/environment/path.dsv
[1.880s] -- Up-to-date: /home/jaewoo/ros2_ws/install/ros2_cmake/share/ros2_cmake/local_setup.bash
[1.880s] -- Up-to-date: /home/jaewoo/ros2_ws/install/ros2_cmake/share/ros2_cmake/local_setup.sh
[1.880s] -- Up-to-date: /home/jaewoo/ros2_ws/install/ros2_cmake/share/ros2_cmake/local_setup.zsh
[1.880s] -- Installing: /home/jaewoo/ros2_ws/install/ros2_cmake/share/ros2_cmake/local_setup.dsv
[1.880s] -- Installing: /home/jaewoo/ros2_ws/install/ros2_cmake/share/ros2_cmake/package.dsv
[1.880s] -- Up-to-date: /home/jaewoo/ros2_ws/install/ros2_cmake/share/ament_index/resource_index/packages/ros2_cmake
[1.880s] -- Up-to-date: /home/jaewoo/ros2_ws/install/ros2_cmake/share/ros2_cmake/cmake/ros2_cmakeConfig.cmake
[1.880s] -- Up-to-date: /home/jaewoo/ros2_ws/install/ros2_cmake/share/ros2_cmake/cmake/ros2_cmakeConfig-version.cmake
[1.881s] -- Installing: /home/jaewoo/ros2_ws/install/ros2_cmake/share/ros2_cmake/package.xml
[1.882s] Invoked command in '/home/jaewoo/ros2_ws/build/ros2_cmake' returned '0': CMAKE_PREFIX_PATH=${CMAKE_PREFIX_PATH}:/home/jaewoo/ros2_ws/install/ros2_python:/opt/ros/humble /usr/bin/cmake --install /home/jaewoo/ros2_ws/build/ros2_cmake
